<?xml version="1.0" encoding="UTF-8"?>
<robot generator="Robot 4.0.3 (Python 3.9.5 on linux)" generated="20210709 21:55:30.223" rpa="false" schemaversion="2">
<suite id="s1" name="Tests" source="/home/peter/projects/bta_group_test/Tests">
<suite id="s1-s1" name="AutomationPractice" source="/home/peter/projects/bta_group_test/Tests/AutomationPractice.robot">
<test id="s1-s1-t1" name="Should be able to register for new account">
<kw name="Begin Web Test" library="Common" type="SETUP">
<kw name="Open Browser" library="SeleniumLibrary">
<arg>about:blank</arg>
<arg>${BROWSER}</arg>
<doc>Opens a new browser instance to the optional ``url``.</doc>
<msg timestamp="20210709 21:55:30.381" level="INFO">Opening browser 'chrome' to base url 'about:blank'.</msg>
<status status="PASS" starttime="20210709 21:55:30.381" endtime="20210709 21:55:30.747"/>
</kw>
<kw name="Set Window Size" library="SeleniumLibrary">
<arg>1200</arg>
<arg>1024</arg>
<doc>Sets current windows size to given ``width`` and ``height``.</doc>
<status status="PASS" starttime="20210709 21:55:30.748" endtime="20210709 21:55:30.859"/>
</kw>
<status status="PASS" starttime="20210709 21:55:30.380" endtime="20210709 21:55:30.859"/>
</kw>
<kw name="Get Current Date" library="DateTime">
<var>${current}</var>
<arg>result_format=%Y%m%d%H%M%S%f</arg>
<doc>Returns current local or UTC time with an optional increment.</doc>
<msg timestamp="20210709 21:55:30.860" level="INFO">${current} = 20210709215530859900</msg>
<status status="PASS" starttime="20210709 21:55:30.860" endtime="20210709 21:55:30.860"/>
</kw>
<kw name="Navigate to Home Page" library="App">
<kw name="Load" library="Home">
<arg>${BASE_URL}</arg>
<kw name="Go To" library="SeleniumLibrary">
<arg>${url}</arg>
<doc>Navigates the current browser window to the provided ``url``.</doc>
<msg timestamp="20210709 21:55:30.861" level="INFO">Opening url 'http://automationpractice.com'</msg>
<status status="PASS" starttime="20210709 21:55:30.861" endtime="20210709 21:55:43.939"/>
</kw>
<status status="PASS" starttime="20210709 21:55:30.861" endtime="20210709 21:55:43.939"/>
</kw>
<status status="PASS" starttime="20210709 21:55:30.860" endtime="20210709 21:55:43.939"/>
</kw>
<kw name="Create New Account" library="App">
<arg>john.doe${current}@johndoe.com</arg>
<arg>${USER_DATA}</arg>
<kw name="Navigate to Authentication Page" library="Authentication">
<kw name="Verify Sign In Link Is Loaded" library="NavigationBar">
<kw name="Wait Until Page Contains Element" library="SeleniumLibrary">
<arg>${SIGN_IN_LINK}</arg>
<arg>${TIMEOUT}</arg>
<doc>Waits until the element ``locator`` appears on the current page.</doc>
<status status="PASS" starttime="20210709 21:55:43.943" endtime="20210709 21:55:44.013"/>
</kw>
<status status="PASS" starttime="20210709 21:55:43.942" endtime="20210709 21:55:44.013"/>
</kw>
<kw name="Click Sign In Button" library="NavigationBar">
<kw name="Click Link" library="SeleniumLibrary">
<arg>${SIGN_IN_LINK}</arg>
<doc>Clicks a link identified by ``locator``.</doc>
<msg timestamp="20210709 21:55:44.014" level="INFO">Clicking link 'link:Sign in'.</msg>
<status status="PASS" starttime="20210709 21:55:44.014" endtime="20210709 21:55:55.426"/>
</kw>
<status status="PASS" starttime="20210709 21:55:44.013" endtime="20210709 21:55:55.426"/>
</kw>
<status status="PASS" starttime="20210709 21:55:43.941" endtime="20210709 21:55:55.426"/>
</kw>
<kw name="Verify Registration Controls Are Loaded" library="Authentication">
<kw name="Wait Until Page Contains Element" library="SeleniumLibrary">
<arg>${AUTHENTICATION_EMAIL_CREATE}</arg>
<arg>${TIMEOUT}</arg>
<doc>Waits until the element ``locator`` appears on the current page.</doc>
<status status="PASS" starttime="20210709 21:55:55.427" endtime="20210709 21:55:55.443"/>
</kw>
<kw name="Wait Until Page Contains Element" library="SeleniumLibrary">
<arg>${AUTHENTICATION_SUBMIT_CREATE}</arg>
<arg>${TIMEOUT}</arg>
<doc>Waits until the element ``locator`` appears on the current page.</doc>
<status status="PASS" starttime="20210709 21:55:55.443" endtime="20210709 21:55:55.457"/>
</kw>
<status status="PASS" starttime="20210709 21:55:55.427" endtime="20210709 21:55:55.457"/>
</kw>
<kw name="Fill New &quot;Email Address&quot;" library="Authentication">
<arg>${email}</arg>
<kw name="Input Text" library="SeleniumLibrary">
<arg>${AUTHENTICATION_EMAIL_CREATE}</arg>
<arg>${email}</arg>
<doc>Types the given ``text`` into the text field identified by ``locator``.</doc>
<msg timestamp="20210709 21:55:55.458" level="INFO">Typing text 'john.doe20210709215530859900@johndoe.com' into text field 'id:email_create'.</msg>
<status status="PASS" starttime="20210709 21:55:55.458" endtime="20210709 21:55:55.552"/>
</kw>
<status status="PASS" starttime="20210709 21:55:55.458" endtime="20210709 21:55:55.552"/>
</kw>
<kw name="Submit Account Creation Form" library="Authentication">
<kw name="Click Button" library="SeleniumLibrary">
<arg>${AUTHENTICATION_SUBMIT_CREATE}</arg>
<doc>Clicks the button identified by ``locator``.</doc>
<msg timestamp="20210709 21:55:55.553" level="INFO">Clicking button 'id:SubmitCreate'.</msg>
<status status="PASS" starttime="20210709 21:55:55.553" endtime="20210709 21:55:55.614"/>
</kw>
<status status="PASS" starttime="20210709 21:55:55.553" endtime="20210709 21:55:55.614"/>
</kw>
<kw name="Verify Registration Form Is Loaded" library="Account Creation">
<for flavor="IN">
<var>${item}</var>
<value>&amp;{ACCOUNT_CREATION}</value>
<iter>
<var name="${item}">('customer_firstname', 'id:customer_firstname')</var>
<kw name="Wait Until Page Contains Element" library="SeleniumLibrary">
<arg>${item}[1]</arg>
<arg>${TIMEOUT}</arg>
<doc>Waits until the element ``locator`` appears on the current page.</doc>
<status status="PASS" starttime="20210709 21:55:55.615" endtime="20210709 21:56:02.281"/>
</kw>
<status status="PASS" starttime="20210709 21:55:55.615" endtime="20210709 21:56:02.281"/>
</iter>
<iter>
<var name="${item}">('customer_lastname', 'id:customer_lastname')</var>
<kw name="Wait Until Page Contains Element" library="SeleniumLibrary">
<arg>${item}[1]</arg>
<arg>${TIMEOUT}</arg>
<doc>Waits until the element ``locator`` appears on the current page.</doc>
<status status="PASS" starttime="20210709 21:56:02.281" endtime="20210709 21:56:02.291"/>
</kw>
<status status="PASS" starttime="20210709 21:56:02.281" endtime="20210709 21:56:02.291"/>
</iter>
<iter>
<var name="${item}">('email', 'id:email')</var>
<kw name="Wait Until Page Contains Element" library="SeleniumLibrary">
<arg>${item}[1]</arg>
<arg>${TIMEOUT}</arg>
<doc>Waits until the element ``locator`` appears on the current page.</doc>
<status status="PASS" starttime="20210709 21:56:02.291" endtime="20210709 21:56:02.301"/>
</kw>
<status status="PASS" starttime="20210709 21:56:02.291" endtime="20210709 21:56:02.301"/>
</iter>
<iter>
<var name="${item}">('password', 'id:passwd')</var>
<kw name="Wait Until Page Contains Element" library="SeleniumLibrary">
<arg>${item}[1]</arg>
<arg>${TIMEOUT}</arg>
<doc>Waits until the element ``locator`` appears on the current page.</doc>
<status status="PASS" starttime="20210709 21:56:02.301" endtime="20210709 21:56:02.312"/>
</kw>
<status status="PASS" starttime="20210709 21:56:02.301" endtime="20210709 21:56:02.312"/>
</iter>
<iter>
<var name="${item}">('days', 'id:days')</var>
<kw name="Wait Until Page Contains Element" library="SeleniumLibrary">
<arg>${item}[1]</arg>
<arg>${TIMEOUT}</arg>
<doc>Waits until the element ``locator`` appears on the current page.</doc>
<status status="PASS" starttime="20210709 21:56:02.312" endtime="20210709 21:56:02.323"/>
</kw>
<status status="PASS" starttime="20210709 21:56:02.312" endtime="20210709 21:56:02.323"/>
</iter>
<iter>
<var name="${item}">('months', 'id:months')</var>
<kw name="Wait Until Page Contains Element" library="SeleniumLibrary">
<arg>${item}[1]</arg>
<arg>${TIMEOUT}</arg>
<doc>Waits until the element ``locator`` appears on the current page.</doc>
<status status="PASS" starttime="20210709 21:56:02.323" endtime="20210709 21:56:02.331"/>
</kw>
<status status="PASS" starttime="20210709 21:56:02.323" endtime="20210709 21:56:02.331"/>
</iter>
<iter>
<var name="${item}">('years', 'id:years')</var>
<kw name="Wait Until Page Contains Element" library="SeleniumLibrary">
<arg>${item}[1]</arg>
<arg>${TIMEOUT}</arg>
<doc>Waits until the element ``locator`` appears on the current page.</doc>
<status status="PASS" starttime="20210709 21:56:02.331" endtime="20210709 21:56:02.342"/>
</kw>
<status status="PASS" starttime="20210709 21:56:02.331" endtime="20210709 21:56:02.342"/>
</iter>
<iter>
<var name="${item}">('firstname', 'id:firstname')</var>
<kw name="Wait Until Page Contains Element" library="SeleniumLibrary">
<arg>${item}[1]</arg>
<arg>${TIMEOUT}</arg>
<doc>Waits until the element ``locator`` appears on the current page.</doc>
<status status="PASS" starttime="20210709 21:56:02.343" endtime="20210709 21:56:02.354"/>
</kw>
<status status="PASS" starttime="20210709 21:56:02.343" endtime="20210709 21:56:02.354"/>
</iter>
<iter>
<var name="${item}">('lastname', 'id:lastname')</var>
<kw name="Wait Until Page Contains Element" library="SeleniumLibrary">
<arg>${item}[1]</arg>
<arg>${TIMEOUT}</arg>
<doc>Waits until the element ``locator`` appears on the current page.</doc>
<status status="PASS" starttime="20210709 21:56:02.354" endtime="20210709 21:56:02.364"/>
</kw>
<status status="PASS" starttime="20210709 21:56:02.354" endtime="20210709 21:56:02.364"/>
</iter>
<iter>
<var name="${item}">('address1', 'id:address1')</var>
<kw name="Wait Until Page Contains Element" library="SeleniumLibrary">
<arg>${item}[1]</arg>
<arg>${TIMEOUT}</arg>
<doc>Waits until the element ``locator`` appears on the current page.</doc>
<status status="PASS" starttime="20210709 21:56:02.365" endtime="20210709 21:56:02.379"/>
</kw>
<status status="PASS" starttime="20210709 21:56:02.364" endtime="20210709 21:56:02.379"/>
</iter>
<iter>
<var name="${item}">('city', 'id:city')</var>
<kw name="Wait Until Page Contains Element" library="SeleniumLibrary">
<arg>${item}[1]</arg>
<arg>${TIMEOUT}</arg>
<doc>Waits until the element ``locator`` appears on the current page.</doc>
<status status="PASS" starttime="20210709 21:56:02.379" endtime="20210709 21:56:02.390"/>
</kw>
<status status="PASS" starttime="20210709 21:56:02.379" endtime="20210709 21:56:02.390"/>
</iter>
<iter>
<var name="${item}">('state', 'id:id_state')</var>
<kw name="Wait Until Page Contains Element" library="SeleniumLibrary">
<arg>${item}[1]</arg>
<arg>${TIMEOUT}</arg>
<doc>Waits until the element ``locator`` appears on the current page.</doc>
<status status="PASS" starttime="20210709 21:56:02.390" endtime="20210709 21:56:02.402"/>
</kw>
<status status="PASS" starttime="20210709 21:56:02.390" endtime="20210709 21:56:02.403"/>
</iter>
<iter>
<var name="${item}">('postcode', 'id:postcode')</var>
<kw name="Wait Until Page Contains Element" library="SeleniumLibrary">
<arg>${item}[1]</arg>
<arg>${TIMEOUT}</arg>
<doc>Waits until the element ``locator`` appears on the current page.</doc>
<status status="PASS" starttime="20210709 21:56:02.403" endtime="20210709 21:56:02.413"/>
</kw>
<status status="PASS" starttime="20210709 21:56:02.403" endtime="20210709 21:56:02.413"/>
</iter>
<iter>
<var name="${item}">('country', 'id:id_country')</var>
<kw name="Wait Until Page Contains Element" library="SeleniumLibrary">
<arg>${item}[1]</arg>
<arg>${TIMEOUT}</arg>
<doc>Waits until the element ``locator`` appears on the current page.</doc>
<status status="PASS" starttime="20210709 21:56:02.414" endtime="20210709 21:56:02.424"/>
</kw>
<status status="PASS" starttime="20210709 21:56:02.414" endtime="20210709 21:56:02.424"/>
</iter>
<iter>
<var name="${item}">('phone_mobile', 'id:phone_mobile')</var>
<kw name="Wait Until Page Contains Element" library="SeleniumLibrary">
<arg>${item}[1]</arg>
<arg>${TIMEOUT}</arg>
<doc>Waits until the element ``locator`` appears on the current page.</doc>
<status status="PASS" starttime="20210709 21:56:02.424" endtime="20210709 21:56:02.431"/>
</kw>
<status status="PASS" starttime="20210709 21:56:02.424" endtime="20210709 21:56:02.431"/>
</iter>
<iter>
<var name="${item}">('alias', 'id:alias')</var>
<kw name="Wait Until Page Contains Element" library="SeleniumLibrary">
<arg>${item}[1]</arg>
<arg>${TIMEOUT}</arg>
<doc>Waits until the element ``locator`` appears on the current page.</doc>
<status status="PASS" starttime="20210709 21:56:02.432" endtime="20210709 21:56:02.452"/>
</kw>
<status status="PASS" starttime="20210709 21:56:02.432" endtime="20210709 21:56:02.452"/>
</iter>
<iter>
<var name="${item}">('submitAccount', 'submitAccount')</var>
<kw name="Wait Until Page Contains Element" library="SeleniumLibrary">
<arg>${item}[1]</arg>
<arg>${TIMEOUT}</arg>
<doc>Waits until the element ``locator`` appears on the current page.</doc>
<status status="PASS" starttime="20210709 21:56:02.453" endtime="20210709 21:56:02.462"/>
</kw>
<status status="PASS" starttime="20210709 21:56:02.453" endtime="20210709 21:56:02.462"/>
</iter>
<status status="PASS" starttime="20210709 21:55:55.614" endtime="20210709 21:56:02.462"/>
</for>
<status status="PASS" starttime="20210709 21:55:55.614" endtime="20210709 21:56:02.463"/>
</kw>
<kw name="Fill Personal Information" library="Account Creation">
<arg>${user_data}</arg>
<arg>${email}</arg>
<kw name="Fill &quot;First Name&quot;" library="Account Creation">
<arg>${user_data.firstname}</arg>
<kw name="Input Text" library="SeleniumLibrary">
<arg>${ACCOUNT_CREATION.customer_firstname}</arg>
<arg>${firstname}</arg>
<doc>Types the given ``text`` into the text field identified by ``locator``.</doc>
<msg timestamp="20210709 21:56:02.465" level="INFO">Typing text 'John' into text field 'id:customer_firstname'.</msg>
<status status="PASS" starttime="20210709 21:56:02.464" endtime="20210709 21:56:02.540"/>
</kw>
<status status="PASS" starttime="20210709 21:56:02.463" endtime="20210709 21:56:02.540"/>
</kw>
<kw name="Fill &quot;Last Name&quot;" library="Account Creation">
<arg>${user_data.lastname}</arg>
<kw name="Input Text" library="SeleniumLibrary">
<arg>${ACCOUNT_CREATION.customer_lastname}</arg>
<arg>${lastname}</arg>
<doc>Types the given ``text`` into the text field identified by ``locator``.</doc>
<msg timestamp="20210709 21:56:02.542" level="INFO">Typing text 'Doe' into text field 'id:customer_lastname'.</msg>
<status status="PASS" starttime="20210709 21:56:02.541" endtime="20210709 21:56:02.613"/>
</kw>
<status status="PASS" starttime="20210709 21:56:02.540" endtime="20210709 21:56:02.613"/>
</kw>
<kw name="Fill &quot;Email&quot;" library="Account Creation">
<arg>${email}</arg>
<kw name="Input Text" library="SeleniumLibrary">
<arg>${ACCOUNT_CREATION.email}</arg>
<arg>${email}</arg>
<doc>Types the given ``text`` into the text field identified by ``locator``.</doc>
<msg timestamp="20210709 21:56:02.615" level="INFO">Typing text 'john.doe20210709215530859900@johndoe.com' into text field 'id:email'.</msg>
<status status="PASS" starttime="20210709 21:56:02.614" endtime="20210709 21:56:02.730"/>
</kw>
<status status="PASS" starttime="20210709 21:56:02.613" endtime="20210709 21:56:02.730"/>
</kw>
<kw name="Fill &quot;Password&quot;" library="Account Creation">
<arg>${user_data.password}</arg>
<kw name="Input Password" library="SeleniumLibrary">
<arg>${ACCOUNT_CREATION.password}</arg>
<arg>${password}</arg>
<doc>Types the given password into the text field identified by ``locator``.</doc>
<msg timestamp="20210709 21:56:02.733" level="INFO">Typing password into text field 'id:passwd'.</msg>
<msg timestamp="20210709 21:56:02.811" level="INFO">Temporally setting log level to: NONE</msg>
<msg timestamp="20210709 21:56:02.864" level="INFO">Log level changed from NONE to INFO.</msg>
<status status="PASS" starttime="20210709 21:56:02.732" endtime="20210709 21:56:02.864"/>
</kw>
<status status="PASS" starttime="20210709 21:56:02.731" endtime="20210709 21:56:02.864"/>
</kw>
<kw name="Select &quot;Date of Birth&quot;" library="Account Creation">
<arg>${user_data.dob_days}</arg>
<arg>${user_data.dob_months}</arg>
<arg>${user_data.dob_year}</arg>
<kw name="Select From List By Value" library="SeleniumLibrary">
<arg>${ACCOUNT_CREATION.days}</arg>
<arg>${dob_days}</arg>
<doc>Selects options from selection list ``locator`` by ``values``.</doc>
<msg timestamp="20210709 21:56:02.868" level="INFO">Selecting options from selection list 'id:days' by value 6.</msg>
<status status="PASS" starttime="20210709 21:56:02.867" endtime="20210709 21:56:02.926"/>
</kw>
<kw name="Select From List By Value" library="SeleniumLibrary">
<arg>${ACCOUNT_CREATION.months}</arg>
<arg>${dob_months}</arg>
<doc>Selects options from selection list ``locator`` by ``values``.</doc>
<msg timestamp="20210709 21:56:02.927" level="INFO">Selecting options from selection list 'id:months' by value 1.</msg>
<status status="PASS" starttime="20210709 21:56:02.926" endtime="20210709 21:56:02.980"/>
</kw>
<kw name="Select From List By Value" library="SeleniumLibrary">
<arg>${ACCOUNT_CREATION.years}</arg>
<arg>${dob_years}</arg>
<doc>Selects options from selection list ``locator`` by ``values``.</doc>
<msg timestamp="20210709 21:56:02.982" level="INFO">Selecting options from selection list 'id:years' by value 1981.</msg>
<status status="PASS" starttime="20210709 21:56:02.981" endtime="20210709 21:56:03.047"/>
</kw>
<status status="PASS" starttime="20210709 21:56:02.864" endtime="20210709 21:56:03.047"/>
</kw>
<status status="PASS" starttime="20210709 21:56:02.463" endtime="20210709 21:56:03.047"/>
</kw>
<kw name="Fill Address Details" library="Account Creation">
<arg>${user_data}</arg>
<kw name="Fill &quot;First Name&quot; (Address)" library="Account Creation">
<arg>${user_data.firstname}</arg>
<kw name="Input Text" library="SeleniumLibrary">
<arg>${ACCOUNT_CREATION.firstname}</arg>
<arg>${firstname}</arg>
<doc>Types the given ``text`` into the text field identified by ``locator``.</doc>
<msg timestamp="20210709 21:56:03.051" level="INFO">Typing text 'John' into text field 'id:firstname'.</msg>
<status status="PASS" starttime="20210709 21:56:03.050" endtime="20210709 21:56:03.151"/>
</kw>
<status status="PASS" starttime="20210709 21:56:03.048" endtime="20210709 21:56:03.151"/>
</kw>
<kw name="Fill &quot;Last Name&quot; (Address)" library="Account Creation">
<arg>${user_data.lastname}</arg>
<kw name="Input Text" library="SeleniumLibrary">
<arg>${ACCOUNT_CREATION.lastname}</arg>
<arg>${lastname}</arg>
<doc>Types the given ``text`` into the text field identified by ``locator``.</doc>
<msg timestamp="20210709 21:56:03.155" level="INFO">Typing text 'Doe' into text field 'id:lastname'.</msg>
<status status="PASS" starttime="20210709 21:56:03.153" endtime="20210709 21:56:03.225"/>
</kw>
<status status="PASS" starttime="20210709 21:56:03.152" endtime="20210709 21:56:03.226"/>
</kw>
<kw name="Fill &quot;Address&quot;" library="Account Creation">
<arg>${user_data.address}</arg>
<kw name="Input Text" library="SeleniumLibrary">
<arg>${ACCOUNT_CREATION.address1}</arg>
<arg>${address}</arg>
<doc>Types the given ``text`` into the text field identified by ``locator``.</doc>
<msg timestamp="20210709 21:56:03.227" level="INFO">Typing text 'Yukon Ave N' into text field 'id:address1'.</msg>
<status status="PASS" starttime="20210709 21:56:03.227" endtime="20210709 21:56:03.300"/>
</kw>
<status status="PASS" starttime="20210709 21:56:03.226" endtime="20210709 21:56:03.300"/>
</kw>
<kw name="Fill &quot;City&quot;" library="Account Creation">
<arg>${user_data.city}</arg>
<kw name="Input Text" library="SeleniumLibrary">
<arg>${ACCOUNT_CREATION.city}</arg>
<arg>${city}</arg>
<doc>Types the given ``text`` into the text field identified by ``locator``.</doc>
<msg timestamp="20210709 21:56:03.302" level="INFO">Typing text 'Minneapolis' into text field 'id:city'.</msg>
<status status="PASS" starttime="20210709 21:56:03.301" endtime="20210709 21:56:03.377"/>
</kw>
<status status="PASS" starttime="20210709 21:56:03.300" endtime="20210709 21:56:03.377"/>
</kw>
<kw name="Select &quot;State&quot;" library="Account Creation">
<arg>${user_data.state}</arg>
<kw name="Select From List By Label" library="SeleniumLibrary">
<arg>${ACCOUNT_CREATION.state}</arg>
<arg>${state}</arg>
<doc>Selects options from selection list ``locator`` by ``labels``.</doc>
<msg timestamp="20210709 21:56:03.379" level="INFO">Selecting options from selection list 'id:id_state' by label Minnesota.</msg>
<status status="PASS" starttime="20210709 21:56:03.378" endtime="20210709 21:56:03.431"/>
</kw>
<status status="PASS" starttime="20210709 21:56:03.377" endtime="20210709 21:56:03.431"/>
</kw>
<kw name="Fill &quot;Zip/Postal Code&quot;" library="Account Creation">
<arg>${user_data.postcode}</arg>
<kw name="Input Text" library="SeleniumLibrary">
<arg>${ACCOUNT_CREATION.postcode}</arg>
<arg>${postcode}</arg>
<doc>Types the given ``text`` into the text field identified by ``locator``.</doc>
<msg timestamp="20210709 21:56:03.434" level="INFO">Typing text '55404' into text field 'id:postcode'.</msg>
<status status="PASS" starttime="20210709 21:56:03.433" endtime="20210709 21:56:03.502"/>
</kw>
<status status="PASS" starttime="20210709 21:56:03.431" endtime="20210709 21:56:03.502"/>
</kw>
<kw name="Select &quot;Country&quot;" library="Account Creation">
<arg>${user_data.country}</arg>
<kw name="Select From List By Label" library="SeleniumLibrary">
<arg>${ACCOUNT_CREATION.country}</arg>
<arg>${country}</arg>
<doc>Selects options from selection list ``locator`` by ``labels``.</doc>
<msg timestamp="20210709 21:56:03.505" level="INFO">Selecting options from selection list 'id:id_country' by label United States.</msg>
<status status="PASS" starttime="20210709 21:56:03.504" endtime="20210709 21:56:03.537"/>
</kw>
<status status="PASS" starttime="20210709 21:56:03.502" endtime="20210709 21:56:03.537"/>
</kw>
<kw name="Fill &quot;Mobile Phone&quot;" library="Account Creation">
<arg>${user_data.phone}</arg>
<kw name="Input Text" library="SeleniumLibrary">
<arg>${ACCOUNT_CREATION.phone_mobile}</arg>
<arg>${phone}</arg>
<doc>Types the given ``text`` into the text field identified by ``locator``.</doc>
<msg timestamp="20210709 21:56:03.539" level="INFO">Typing text '+1 612 555 6666' into text field 'id:phone_mobile'.</msg>
<status status="PASS" starttime="20210709 21:56:03.538" endtime="20210709 21:56:03.622"/>
</kw>
<status status="PASS" starttime="20210709 21:56:03.537" endtime="20210709 21:56:03.622"/>
</kw>
<kw name="Fill &quot;Address Alias&quot;" library="Account Creation">
<arg>${user_data.alias}</arg>
<kw name="Input Text" library="SeleniumLibrary">
<arg>${ACCOUNT_CREATION.alias}</arg>
<arg>${alias}</arg>
<doc>Types the given ``text`` into the text field identified by ``locator``.</doc>
<msg timestamp="20210709 21:56:03.624" level="INFO">Typing text 'home' into text field 'id:alias'.</msg>
<status status="PASS" starttime="20210709 21:56:03.623" endtime="20210709 21:56:03.693"/>
</kw>
<status status="PASS" starttime="20210709 21:56:03.622" endtime="20210709 21:56:03.693"/>
</kw>
<status status="PASS" starttime="20210709 21:56:03.048" endtime="20210709 21:56:03.693"/>
</kw>
<kw name="Submit Account Creation Form" library="Account Creation">
<kw name="Click Button" library="SeleniumLibrary">
<arg>${ACCOUNT_CREATION.submitAccount}</arg>
<doc>Clicks the button identified by ``locator``.</doc>
<msg timestamp="20210709 21:56:03.694" level="INFO">Clicking button 'submitAccount'.</msg>
<status status="PASS" starttime="20210709 21:56:03.694" endtime="20210709 21:56:14.414"/>
</kw>
<status status="PASS" starttime="20210709 21:56:03.693" endtime="20210709 21:56:14.414"/>
</kw>
<status status="PASS" starttime="20210709 21:55:43.940" endtime="20210709 21:56:14.414"/>
</kw>
<kw name="Verify User Is Signed In" library="App">
<arg>${USER_DATA}</arg>
<kw name="Verify Actual Page Is &quot;My Account&quot;" library="My Account">
<kw name="Wait Until Location Is" library="SeleniumLibrary">
<arg>${BASEURL}/index.php?controller=my-account</arg>
<arg>${TIMEOUT}</arg>
<doc>Waits until the current URL is ``expected``.</doc>
<status status="PASS" starttime="20210709 21:56:14.416" endtime="20210709 21:56:14.421"/>
</kw>
<status status="PASS" starttime="20210709 21:56:14.416" endtime="20210709 21:56:14.422"/>
</kw>
<kw name="Verify User Is Signed In" library="NavigationBar">
<arg>${user_data.firstname}</arg>
<arg>${user_data.lastname}</arg>
<kw name="Wait Until Page Contains Element" library="SeleniumLibrary">
<arg>${NAVIGATION_BAR_ACCOUNT}</arg>
<arg>${TIMEOUT}</arg>
<doc>Waits until the element ``locator`` appears on the current page.</doc>
<status status="PASS" starttime="20210709 21:56:14.424" endtime="20210709 21:56:14.439"/>
</kw>
<kw name="Element Text Should Be" library="SeleniumLibrary">
<arg>${NAVIGATION_BAR_ACCOUNT}</arg>
<arg>${firstname} ${lastname}</arg>
<doc>Verifies that element ``locator`` contains exact the text ``expected``.</doc>
<msg timestamp="20210709 21:56:14.440" level="INFO">Verifying element 'xpath=//*[@id="header"]//a[@class='account']' contains exact text 'John Doe'.</msg>
<status status="PASS" starttime="20210709 21:56:14.439" endtime="20210709 21:56:14.459"/>
</kw>
<status status="PASS" starttime="20210709 21:56:14.422" endtime="20210709 21:56:14.459"/>
</kw>
<status status="PASS" starttime="20210709 21:56:14.415" endtime="20210709 21:56:14.459"/>
</kw>
<kw name="End Web Test" library="Common" type="TEARDOWN">
<kw name="Close Browser" library="SeleniumLibrary">
<doc>Closes the current browser.</doc>
<status status="PASS" starttime="20210709 21:56:14.460" endtime="20210709 21:56:14.518"/>
</kw>
<status status="PASS" starttime="20210709 21:56:14.459" endtime="20210709 21:56:14.518"/>
</kw>
<tag>register</tag>
<status status="PASS" starttime="20210709 21:55:30.380" endtime="20210709 21:56:14.519"/>
</test>
<test id="s1-s1-t2" name="Should be able to search for products">
<kw name="Begin Web Test" library="Common" type="SETUP">
<kw name="Open Browser" library="SeleniumLibrary">
<arg>about:blank</arg>
<arg>${BROWSER}</arg>
<doc>Opens a new browser instance to the optional ``url``.</doc>
<msg timestamp="20210709 21:56:14.522" level="INFO">Opening browser 'chrome' to base url 'about:blank'.</msg>
<status status="PASS" starttime="20210709 21:56:14.521" endtime="20210709 21:56:15.927"/>
</kw>
<kw name="Set Window Size" library="SeleniumLibrary">
<arg>1200</arg>
<arg>1024</arg>
<doc>Sets current windows size to given ``width`` and ``height``.</doc>
<status status="PASS" starttime="20210709 21:56:15.927" endtime="20210709 21:56:16.039"/>
</kw>
<status status="PASS" starttime="20210709 21:56:14.521" endtime="20210709 21:56:16.039"/>
</kw>
<kw name="Navigate to Home Page" library="App">
<kw name="Load" library="Home">
<arg>${BASE_URL}</arg>
<kw name="Go To" library="SeleniumLibrary">
<arg>${url}</arg>
<doc>Navigates the current browser window to the provided ``url``.</doc>
<msg timestamp="20210709 21:56:16.045" level="INFO">Opening url 'http://automationpractice.com'</msg>
<status status="PASS" starttime="20210709 21:56:16.044" endtime="20210709 21:56:27.397"/>
</kw>
<status status="PASS" starttime="20210709 21:56:16.042" endtime="20210709 21:56:27.397"/>
</kw>
<status status="PASS" starttime="20210709 21:56:16.041" endtime="20210709 21:56:27.398"/>
</kw>
<kw name="Search For Products" library="App">
<arg>${SEARCH_TERM}</arg>
<kw name="Verify Search Controls Are Loaded" library="SearchBar">
<kw name="Wait Until Page Contains Element" library="SeleniumLibrary">
<arg>${SEARCHBAR_SEARCH_INPUT}</arg>
<arg>${TIMEOUT}</arg>
<doc>Waits until the element ``locator`` appears on the current page.</doc>
<status status="PASS" starttime="20210709 21:56:27.401" endtime="20210709 21:56:27.426"/>
</kw>
<kw name="Wait Until Page Contains Element" library="SeleniumLibrary">
<arg>${SEARCHBAR_SEARCH_FORM}</arg>
<arg>${TIMEOUT}</arg>
<doc>Waits until the element ``locator`` appears on the current page.</doc>
<status status="PASS" starttime="20210709 21:56:27.426" endtime="20210709 21:56:27.445"/>
</kw>
<status status="PASS" starttime="20210709 21:56:27.400" endtime="20210709 21:56:27.445"/>
</kw>
<kw name="Search For Products" library="SearchBar">
<arg>${search_term}</arg>
<kw name="Input Text" library="SeleniumLibrary">
<arg>${SEARCHBAR_SEARCH_INPUT}</arg>
<arg>${search_term}</arg>
<doc>Types the given ``text`` into the text field identified by ``locator``.</doc>
<msg timestamp="20210709 21:56:27.447" level="INFO">Typing text 'Printed' into text field 'id:search_query_top'.</msg>
<status status="PASS" starttime="20210709 21:56:27.447" endtime="20210709 21:56:27.561"/>
</kw>
<kw name="Submit Form" library="SeleniumLibrary">
<arg>${SEARCHBAR_SEARCH_FORM}</arg>
<doc>Submits a form identified by ``locator``.</doc>
<msg timestamp="20210709 21:56:27.562" level="INFO">Submitting form 'id:searchbox'.</msg>
<status status="PASS" starttime="20210709 21:56:27.561" endtime="20210709 21:56:33.726"/>
</kw>
<status status="PASS" starttime="20210709 21:56:27.446" endtime="20210709 21:56:33.726"/>
</kw>
<status status="PASS" starttime="20210709 21:56:27.399" endtime="20210709 21:56:33.727"/>
</kw>
<kw name="Verify Search Results" library="App">
<arg>${SEARCH_TERM}</arg>
<kw name="Verify Results Contains Products" library="Search Results">
<arg>${search_term}</arg>
<kw name="Wait Until Location Contains" library="SeleniumLibrary">
<arg>search_query=Printed</arg>
<arg>${TIMEOUT}</arg>
<doc>Waits until the current URL contains ``expected``.</doc>
<status status="PASS" starttime="20210709 21:56:33.732" endtime="20210709 21:56:33.784"/>
</kw>
<kw name="Wait Until Page Contains Element" library="SeleniumLibrary">
<arg>${PRODUCT_LIST}</arg>
<arg>${TIMEOUT}</arg>
<doc>Waits until the element ``locator`` appears on the current page.</doc>
<status status="PASS" starttime="20210709 21:56:33.785" endtime="20210709 21:56:34.041"/>
</kw>
<kw name="Get WebElements" library="SeleniumLibrary">
<var>${elements}</var>
<arg>${PRODUCT_LIST}//a[@class="product-name"]</arg>
<doc>Returns a list of WebElement objects matching the ``locator``.</doc>
<msg timestamp="20210709 21:56:34.057" level="INFO">${elements} = [&lt;selenium.webdriver.remote.webelement.WebElement (session="83bbc06dbf84f37933c81cb063d373af", element="e548e66b-f148-4897-be35-c00485049492")&gt;, &lt;selenium.webdriver.remote.webelement.WebElement (sessi...</msg>
<status status="PASS" starttime="20210709 21:56:34.042" endtime="20210709 21:56:34.057"/>
</kw>
<kw name="Get Length" library="BuiltIn">
<var>${count}</var>
<arg>${elements}</arg>
<doc>Returns and logs the length of the given item as an integer.</doc>
<msg timestamp="20210709 21:56:34.058" level="INFO">Length is 2</msg>
<msg timestamp="20210709 21:56:34.058" level="INFO">${count} = 2</msg>
<status status="PASS" starttime="20210709 21:56:34.058" endtime="20210709 21:56:34.058"/>
</kw>
<kw name="Should Be True" library="BuiltIn">
<arg>${count} &gt; 0</arg>
<doc>Fails if the given condition is not true.</doc>
<status status="PASS" starttime="20210709 21:56:34.058" endtime="20210709 21:56:34.059"/>
</kw>
<for flavor="IN">
<var>${element}</var>
<value>@{elements}</value>
<iter>
<var name="${element}">&lt;selenium.webdriver.remote.webelement.WebElement (session="83bbc06dbf84f37933c81cb063d373af", element="e548e66b-f148-4897-be35-c00485049492")&gt;</var>
<kw name="Should Contain" library="BuiltIn">
<arg>${element.text}</arg>
<arg>${search_term}</arg>
<doc>Fails if ``container`` does not contain ``item`` one or more times.</doc>
<status status="PASS" starttime="20210709 21:56:34.059" endtime="20210709 21:56:34.074"/>
</kw>
<status status="PASS" starttime="20210709 21:56:34.059" endtime="20210709 21:56:34.074"/>
</iter>
<iter>
<var name="${element}">&lt;selenium.webdriver.remote.webelement.WebElement (session="83bbc06dbf84f37933c81cb063d373af", element="db62d5b0-1c9b-4b36-852d-9f08ea06e48d")&gt;</var>
<kw name="Should Contain" library="BuiltIn">
<arg>${element.text}</arg>
<arg>${search_term}</arg>
<doc>Fails if ``container`` does not contain ``item`` one or more times.</doc>
<status status="PASS" starttime="20210709 21:56:34.075" endtime="20210709 21:56:34.089"/>
</kw>
<status status="PASS" starttime="20210709 21:56:34.075" endtime="20210709 21:56:34.089"/>
</iter>
<status status="PASS" starttime="20210709 21:56:34.059" endtime="20210709 21:56:34.089"/>
</for>
<status status="PASS" starttime="20210709 21:56:33.730" endtime="20210709 21:56:34.089"/>
</kw>
<status status="PASS" starttime="20210709 21:56:33.728" endtime="20210709 21:56:34.089"/>
</kw>
<kw name="End Web Test" library="Common" type="TEARDOWN">
<kw name="Close Browser" library="SeleniumLibrary">
<doc>Closes the current browser.</doc>
<status status="PASS" starttime="20210709 21:56:34.091" endtime="20210709 21:56:34.149"/>
</kw>
<status status="PASS" starttime="20210709 21:56:34.090" endtime="20210709 21:56:34.149"/>
</kw>
<tag>search</tag>
<status status="PASS" starttime="20210709 21:56:14.519" endtime="20210709 21:56:34.150"/>
</test>
<test id="s1-s1-t3" name="Should be able to add products to cart from Popular tab">
<kw name="Begin Web Test" library="Common" type="SETUP">
<kw name="Open Browser" library="SeleniumLibrary">
<arg>about:blank</arg>
<arg>${BROWSER}</arg>
<doc>Opens a new browser instance to the optional ``url``.</doc>
<msg timestamp="20210709 21:56:34.152" level="INFO">Opening browser 'chrome' to base url 'about:blank'.</msg>
<status status="PASS" starttime="20210709 21:56:34.151" endtime="20210709 21:56:35.566"/>
</kw>
<kw name="Set Window Size" library="SeleniumLibrary">
<arg>1200</arg>
<arg>1024</arg>
<doc>Sets current windows size to given ``width`` and ``height``.</doc>
<status status="PASS" starttime="20210709 21:56:35.567" endtime="20210709 21:56:35.679"/>
</kw>
<status status="PASS" starttime="20210709 21:56:34.151" endtime="20210709 21:56:35.679"/>
</kw>
<kw name="Navigate to Home Page" library="App">
<kw name="Load" library="Home">
<arg>${BASE_URL}</arg>
<kw name="Go To" library="SeleniumLibrary">
<arg>${url}</arg>
<doc>Navigates the current browser window to the provided ``url``.</doc>
<msg timestamp="20210709 21:56:35.681" level="INFO">Opening url 'http://automationpractice.com'</msg>
<status status="PASS" starttime="20210709 21:56:35.680" endtime="20210709 21:56:46.745"/>
</kw>
<status status="PASS" starttime="20210709 21:56:35.680" endtime="20210709 21:56:46.746"/>
</kw>
<status status="PASS" starttime="20210709 21:56:35.680" endtime="20210709 21:56:46.746"/>
</kw>
<kw name="Add Products To Cart" library="App">
<var>${cart_items}</var>
<kw name="Verify Products Are Available" library="Popular">
<var>${count}</var>
<kw name="Get Element Count" library="SeleniumLibrary">
<var>${count}</var>
<arg>${PRODUCT_ELEMENTS}</arg>
<doc>Returns the number of elements matching ``locator``.</doc>
<msg timestamp="20210709 21:56:46.770" level="INFO">${count} = 7</msg>
<status status="PASS" starttime="20210709 21:56:46.751" endtime="20210709 21:56:46.770"/>
</kw>
<kw name="Should Be True" library="BuiltIn">
<arg>${count} &gt; 0</arg>
<doc>Fails if the given condition is not true.</doc>
<status status="PASS" starttime="20210709 21:56:46.771" endtime="20210709 21:56:46.771"/>
</kw>
<msg timestamp="20210709 21:56:46.771" level="INFO">${count} = 7</msg>
<status status="PASS" starttime="20210709 21:56:46.749" endtime="20210709 21:56:46.771"/>
</kw>
<kw name="Set Variable" library="BuiltIn">
<var>${quantity}</var>
<arg>2</arg>
<doc>Returns the given values which can then be assigned to a variables.</doc>
<msg timestamp="20210709 21:56:46.772" level="INFO">${quantity} = 2</msg>
<status status="PASS" starttime="20210709 21:56:46.771" endtime="20210709 21:56:46.772"/>
</kw>
<kw name="Create List" library="BuiltIn">
<var>${cart_item_list}</var>
<doc>Returns a list containing given items.</doc>
<msg timestamp="20210709 21:56:46.772" level="INFO">${cart_item_list} = []</msg>
<status status="PASS" starttime="20210709 21:56:46.772" endtime="20210709 21:56:46.772"/>
</kw>
<for flavor="IN RANGE">
<var>${index}</var>
<value>1</value>
<value>${count} + 1</value>
<iter>
<var name="${index}">1</var>
<kw name="Read Product Details" library="Popular">
<var>${product}</var>
<arg>${index}</arg>
<kw name="Get WebElement" library="SeleniumLibrary">
<var>${product_name_element}</var>
<arg>${PRODUCT_ELEMENTS}\[${index}\]//${RIGHT_BLOCK}//h5[@itemprop="name"]/a</arg>
<doc>Returns the first WebElement matching the given ``locator``.</doc>
<msg timestamp="20210709 21:56:46.786" level="INFO">${product_name_element} = &lt;selenium.webdriver.remote.webelement.WebElement (session="5fe4167dd57cb44978ee82e3e0f432f4", element="42437f57-26ce-4fd9-8883-7b91b3b39005")&gt;</msg>
<status status="PASS" starttime="20210709 21:56:46.773" endtime="20210709 21:56:46.787"/>
</kw>
<kw name="Get WebElement" library="SeleniumLibrary">
<var>${product_price_element}</var>
<arg>${PRODUCT_ELEMENTS}\[${index}\]//${RIGHT_BLOCK}//span[@itemprop="price"]</arg>
<doc>Returns the first WebElement matching the given ``locator``.</doc>
<msg timestamp="20210709 21:56:46.800" level="INFO">${product_price_element} = &lt;selenium.webdriver.remote.webelement.WebElement (session="5fe4167dd57cb44978ee82e3e0f432f4", element="d123b643-2800-4120-95c8-560ebbd80af4")&gt;</msg>
<status status="PASS" starttime="20210709 21:56:46.787" endtime="20210709 21:56:46.800"/>
</kw>
<kw name="Get Text" library="SeleniumLibrary">
<var>${product_name}</var>
<arg>${product_name_element}</arg>
<doc>Returns the text value of the element identified by ``locator``.</doc>
<msg timestamp="20210709 21:56:46.813" level="INFO">${product_name} = Faded Short Sleeve T-shirts</msg>
<status status="PASS" starttime="20210709 21:56:46.800" endtime="20210709 21:56:46.813"/>
</kw>
<kw name="Get Text" library="SeleniumLibrary">
<var>${product_price}</var>
<arg>${product_price_element}</arg>
<doc>Returns the text value of the element identified by ``locator``.</doc>
<msg timestamp="20210709 21:56:46.828" level="INFO">${product_price} = $16.51</msg>
<status status="PASS" starttime="20210709 21:56:46.814" endtime="20210709 21:56:46.828"/>
</kw>
<kw name="Remove String" library="String">
<var>${product_price}</var>
<arg>${product_price}</arg>
<arg>$</arg>
<doc>Removes all ``removables`` from the given ``string``.</doc>
<msg timestamp="20210709 21:56:46.828" level="INFO">${product_price} = 16.51</msg>
<status status="PASS" starttime="20210709 21:56:46.828" endtime="20210709 21:56:46.828"/>
</kw>
<kw name="Convert To Number" library="BuiltIn">
<var>${product_price}</var>
<arg>${product_price}</arg>
<doc>Converts the given item to a floating point number.</doc>
<msg timestamp="20210709 21:56:46.829" level="INFO">${product_price} = 16.51</msg>
<status status="PASS" starttime="20210709 21:56:46.829" endtime="20210709 21:56:46.829"/>
</kw>
<msg timestamp="20210709 21:56:46.830" level="INFO">${product} = ['Faded Short Sleeve T-shirts', 16.51]</msg>
<status status="PASS" starttime="20210709 21:56:46.773" endtime="20210709 21:56:46.830"/>
</kw>
<for flavor="IN RANGE">
<var>${counter}</var>
<value>1</value>
<value>${quantity} + 1</value>
<iter>
<var name="${counter}">1</var>
<kw name="Add Product To Cart" library="App">
<arg>${index}</arg>
<kw name="Add Product To Cart" library="Popular">
<arg>${index}</arg>
<kw name="Scroll To Element" library="Utils">
<arg>${PRODUCT_ELEMENTS}\[${index}\]//${PRODUCT_CONTAINER}</arg>
<kw name="Get Horizontal Position" library="SeleniumLibrary">
<var>${x}</var>
<arg>${locator}</arg>
<doc>Returns the horizontal position of the element identified by ``locator``.</doc>
<msg timestamp="20210709 21:56:46.852" level="INFO">${x} = 118</msg>
<status status="PASS" starttime="20210709 21:56:46.832" endtime="20210709 21:56:46.852"/>
</kw>
<kw name="Get Vertical Position" library="SeleniumLibrary">
<var>${y}</var>
<arg>${locator}</arg>
<doc>Returns the vertical position of the element identified by ``locator``.</doc>
<msg timestamp="20210709 21:56:46.865" level="INFO">${y} = 758</msg>
<status status="PASS" starttime="20210709 21:56:46.852" endtime="20210709 21:56:46.865"/>
</kw>
<kw name="Execute Javascript" library="SeleniumLibrary">
<arg>window.scrollTo(${x}, ${y})</arg>
<doc>Executes the given JavaScript code with possible arguments.</doc>
<msg timestamp="20210709 21:56:46.866" level="INFO">Executing JavaScript:
window.scrollTo(118, 758)
Without any arguments.</msg>
<status status="PASS" starttime="20210709 21:56:46.865" endtime="20210709 21:56:46.873"/>
</kw>
<status status="PASS" starttime="20210709 21:56:46.831" endtime="20210709 21:56:46.873"/>
</kw>
<kw name="Mouse Over" library="SeleniumLibrary">
<arg>${PRODUCT_ELEMENTS}\[${index}\]//${PRODUCT_CONTAINER}</arg>
<doc>Simulates hovering the mouse over the element ``locator``.</doc>
<msg timestamp="20210709 21:56:46.874" level="INFO">Simulating Mouse Over on element '//ul[@id="homefeatured"]/li[1]//div[@class="product-container"]'.</msg>
<status status="PASS" starttime="20210709 21:56:46.873" endtime="20210709 21:56:47.148"/>
</kw>
<kw name="Mouse Over" library="SeleniumLibrary">
<arg>${PRODUCT_ELEMENTS}\[${index}\]//${RIGHT_BLOCK}</arg>
<doc>Simulates hovering the mouse over the element ``locator``.</doc>
<msg timestamp="20210709 21:56:47.148" level="INFO">Simulating Mouse Over on element '//ul[@id="homefeatured"]/li[1]//div[@class="right-block"]'.</msg>
<status status="PASS" starttime="20210709 21:56:47.148" endtime="20210709 21:56:47.420"/>
</kw>
<kw name="Click Link" library="SeleniumLibrary">
<arg>${PRODUCT_ELEMENTS}\[${index}\]//${RIGHT_BLOCK}//a[@title="Add to cart"]</arg>
<doc>Clicks a link identified by ``locator``.</doc>
<msg timestamp="20210709 21:56:47.421" level="INFO">Clicking link '//ul[@id="homefeatured"]/li[1]//div[@class="right-block"]//a[@title="Add to cart"]'.</msg>
<status status="PASS" starttime="20210709 21:56:47.420" endtime="20210709 21:56:47.466"/>
</kw>
<status status="PASS" starttime="20210709 21:56:46.831" endtime="20210709 21:56:47.467"/>
</kw>
<kw name="Verify Successful Message" library="Popular">
<kw name="Wait Until Page Contains Element" library="SeleniumLibrary">
<arg>${VISIBLE_MESSAGE}//h2</arg>
<arg>${TIMEOUT}</arg>
<doc>Waits until the element ``locator`` appears on the current page.</doc>
<status status="PASS" starttime="20210709 21:56:47.467" endtime="20210709 21:56:53.390"/>
</kw>
<kw name="Get WebElement" library="SeleniumLibrary">
<var>${cart_message_element}</var>
<arg>${VISIBLE_MESSAGE}//h2</arg>
<doc>Returns the first WebElement matching the given ``locator``.</doc>
<msg timestamp="20210709 21:56:53.402" level="INFO">${cart_message_element} = &lt;selenium.webdriver.remote.webelement.WebElement (session="5fe4167dd57cb44978ee82e3e0f432f4", element="1a5923a2-c1ed-4d17-afdb-7fc0c6355c7f")&gt;</msg>
<status status="PASS" starttime="20210709 21:56:53.391" endtime="20210709 21:56:53.402"/>
</kw>
<kw name="Get Text" library="SeleniumLibrary">
<var>${cart_message}</var>
<arg>${cart_message_element}</arg>
<doc>Returns the text value of the element identified by ``locator``.</doc>
<msg timestamp="20210709 21:56:53.415" level="INFO">${cart_message} = Product successfully added to your shopping cart</msg>
<status status="PASS" starttime="20210709 21:56:53.402" endtime="20210709 21:56:53.415"/>
</kw>
<kw name="Should Be Equal" library="BuiltIn">
<arg>${cart_message}</arg>
<arg>Product successfully added to your shopping cart</arg>
<doc>Fails if the given objects are unequal.</doc>
<status status="PASS" starttime="20210709 21:56:53.415" endtime="20210709 21:56:53.416"/>
</kw>
<status status="PASS" starttime="20210709 21:56:47.467" endtime="20210709 21:56:53.416"/>
</kw>
<kw name="Close Message Dialog" library="Popular">
<kw name="Click Element" library="SeleniumLibrary">
<arg>${VISIBLE_MESSAGE}//span[@title="Continue shopping"]</arg>
<doc>Click the element identified by ``locator``.</doc>
<msg timestamp="20210709 21:56:53.417" level="INFO">Clicking element '//div[@id="layer_cart" and contains(@style, "display: block")]//span[@title="Continue shopping"]'.</msg>
<status status="PASS" starttime="20210709 21:56:53.417" endtime="20210709 21:56:53.457"/>
</kw>
<kw name="Sleep" library="BuiltIn">
<arg>1s</arg>
<doc>Pauses the test executed for the given time.</doc>
<msg timestamp="20210709 21:56:54.458" level="INFO">Slept 1 second</msg>
<status status="PASS" starttime="20210709 21:56:53.457" endtime="20210709 21:56:54.458"/>
</kw>
<status status="PASS" starttime="20210709 21:56:53.416" endtime="20210709 21:56:54.459"/>
</kw>
<status status="PASS" starttime="20210709 21:56:46.830" endtime="20210709 21:56:54.459"/>
</kw>
<kw name="Verify Product Is In Cart" library="Cart">
<arg>${product}[0]</arg>
<arg>${index}</arg>
<kw name="Get Element Attribute" library="SeleniumLibrary">
<var>${product_name_in_cart}</var>
<arg>(${SHOPPING_CART}//div[contains(@class, "cart-info")]//a[contains(@class, "cart_block_product_name")])[${index}]</arg>
<arg>title</arg>
<doc>Returns the value of ``attribute`` from the element ``locator``.</doc>
<msg timestamp="20210709 21:56:54.515" level="INFO">${product_name_in_cart} = Faded Short Sleeve T-shirts</msg>
<status status="PASS" starttime="20210709 21:56:54.462" endtime="20210709 21:56:54.515"/>
</kw>
<kw name="Should Be Equal" library="BuiltIn">
<arg>${product_name}</arg>
<arg>${product_name_in_cart}</arg>
<doc>Fails if the given objects are unequal.</doc>
<status status="PASS" starttime="20210709 21:56:54.515" endtime="20210709 21:56:54.515"/>
</kw>
<status status="PASS" starttime="20210709 21:56:54.460" endtime="20210709 21:56:54.515"/>
</kw>
<kw name="Evaluate" library="BuiltIn">
<var>${total}</var>
<arg>${product}[1] * ${counter}</arg>
<doc>Evaluates the given expression in Python and returns the result.</doc>
<msg timestamp="20210709 21:56:54.516" level="INFO">${total} = 16.51</msg>
<status status="PASS" starttime="20210709 21:56:54.515" endtime="20210709 21:56:54.516"/>
</kw>
<kw name="Verify Product Price Is Updated" library="Cart">
<arg>${total}</arg>
<arg>${index}</arg>
<kw name="Get Price From Span" library="Utils">
<var>${item_price_in_cart}</var>
<arg>(${SHOPPING_CART}//div[contains(@class, "cart-info")]//span[contains(@class, "price")])[${index}]</arg>
<kw name="Get WebElement" library="SeleniumLibrary">
<var>${price_element}</var>
<arg>${locator}</arg>
<doc>Returns the first WebElement matching the given ``locator``.</doc>
<msg timestamp="20210709 21:56:54.527" level="INFO">${price_element} = &lt;selenium.webdriver.remote.webelement.WebElement (session="5fe4167dd57cb44978ee82e3e0f432f4", element="0df2551e-9e85-4726-9fdf-eaea8c8e4496")&gt;</msg>
<status status="PASS" starttime="20210709 21:56:54.517" endtime="20210709 21:56:54.527"/>
</kw>
<kw name="Get Element Attribute" library="SeleniumLibrary">
<var>${price}</var>
<arg>${price_element}</arg>
<arg>innerText</arg>
<doc>Returns the value of ``attribute`` from the element ``locator``.</doc>
<msg timestamp="20210709 21:56:54.533" level="INFO">${price} = $16.51</msg>
<status status="PASS" starttime="20210709 21:56:54.527" endtime="20210709 21:56:54.533"/>
</kw>
<kw name="Remove String" library="String">
<var>${price}</var>
<arg>${price}</arg>
<arg>$</arg>
<doc>Removes all ``removables`` from the given ``string``.</doc>
<msg timestamp="20210709 21:56:54.534" level="INFO">${price} = 16.51</msg>
<status status="PASS" starttime="20210709 21:56:54.533" endtime="20210709 21:56:54.534"/>
</kw>
<kw name="Convert To Number" library="BuiltIn">
<var>${price}</var>
<arg>${price}</arg>
<doc>Converts the given item to a floating point number.</doc>
<msg timestamp="20210709 21:56:54.534" level="INFO">${price} = 16.51</msg>
<status status="PASS" starttime="20210709 21:56:54.534" endtime="20210709 21:56:54.534"/>
</kw>
<msg timestamp="20210709 21:56:54.535" level="INFO">${item_price_in_cart} = 16.51</msg>
<status status="PASS" starttime="20210709 21:56:54.516" endtime="20210709 21:56:54.535"/>
</kw>
<kw name="Should Be Equal" library="BuiltIn">
<arg>${item_price_in_cart}</arg>
<arg>${total}</arg>
<doc>Fails if the given objects are unequal.</doc>
<status status="PASS" starttime="20210709 21:56:54.535" endtime="20210709 21:56:54.535"/>
</kw>
<status status="PASS" starttime="20210709 21:56:54.516" endtime="20210709 21:56:54.535"/>
</kw>
<status status="PASS" starttime="20210709 21:56:46.830" endtime="20210709 21:56:54.535"/>
</iter>
<iter>
<var name="${counter}">2</var>
<kw name="Add Product To Cart" library="App">
<arg>${index}</arg>
<kw name="Add Product To Cart" library="Popular">
<arg>${index}</arg>
<kw name="Scroll To Element" library="Utils">
<arg>${PRODUCT_ELEMENTS}\[${index}\]//${PRODUCT_CONTAINER}</arg>
<kw name="Get Horizontal Position" library="SeleniumLibrary">
<var>${x}</var>
<arg>${locator}</arg>
<doc>Returns the horizontal position of the element identified by ``locator``.</doc>
<msg timestamp="20210709 21:56:54.549" level="INFO">${x} = 118</msg>
<status status="PASS" starttime="20210709 21:56:54.538" endtime="20210709 21:56:54.549"/>
</kw>
<kw name="Get Vertical Position" library="SeleniumLibrary">
<var>${y}</var>
<arg>${locator}</arg>
<doc>Returns the vertical position of the element identified by ``locator``.</doc>
<msg timestamp="20210709 21:56:54.559" level="INFO">${y} = 758</msg>
<status status="PASS" starttime="20210709 21:56:54.549" endtime="20210709 21:56:54.559"/>
</kw>
<kw name="Execute Javascript" library="SeleniumLibrary">
<arg>window.scrollTo(${x}, ${y})</arg>
<doc>Executes the given JavaScript code with possible arguments.</doc>
<msg timestamp="20210709 21:56:54.560" level="INFO">Executing JavaScript:
window.scrollTo(118, 758)
Without any arguments.</msg>
<status status="PASS" starttime="20210709 21:56:54.559" endtime="20210709 21:56:54.563"/>
</kw>
<status status="PASS" starttime="20210709 21:56:54.537" endtime="20210709 21:56:54.563"/>
</kw>
<kw name="Mouse Over" library="SeleniumLibrary">
<arg>${PRODUCT_ELEMENTS}\[${index}\]//${PRODUCT_CONTAINER}</arg>
<doc>Simulates hovering the mouse over the element ``locator``.</doc>
<msg timestamp="20210709 21:56:54.564" level="INFO">Simulating Mouse Over on element '//ul[@id="homefeatured"]/li[1]//div[@class="product-container"]'.</msg>
<status status="PASS" starttime="20210709 21:56:54.563" endtime="20210709 21:56:54.828"/>
</kw>
<kw name="Mouse Over" library="SeleniumLibrary">
<arg>${PRODUCT_ELEMENTS}\[${index}\]//${RIGHT_BLOCK}</arg>
<doc>Simulates hovering the mouse over the element ``locator``.</doc>
<msg timestamp="20210709 21:56:54.829" level="INFO">Simulating Mouse Over on element '//ul[@id="homefeatured"]/li[1]//div[@class="right-block"]'.</msg>
<status status="PASS" starttime="20210709 21:56:54.828" endtime="20210709 21:56:55.106"/>
</kw>
<kw name="Click Link" library="SeleniumLibrary">
<arg>${PRODUCT_ELEMENTS}\[${index}\]//${RIGHT_BLOCK}//a[@title="Add to cart"]</arg>
<doc>Clicks a link identified by ``locator``.</doc>
<msg timestamp="20210709 21:56:55.110" level="INFO">Clicking link '//ul[@id="homefeatured"]/li[1]//div[@class="right-block"]//a[@title="Add to cart"]'.</msg>
<status status="PASS" starttime="20210709 21:56:55.107" endtime="20210709 21:56:55.183"/>
</kw>
<status status="PASS" starttime="20210709 21:56:54.536" endtime="20210709 21:56:55.183"/>
</kw>
<kw name="Verify Successful Message" library="Popular">
<kw name="Wait Until Page Contains Element" library="SeleniumLibrary">
<arg>${VISIBLE_MESSAGE}//h2</arg>
<arg>${TIMEOUT}</arg>
<doc>Waits until the element ``locator`` appears on the current page.</doc>
<status status="PASS" starttime="20210709 21:56:55.184" endtime="20210709 21:57:00.395"/>
</kw>
<kw name="Get WebElement" library="SeleniumLibrary">
<var>${cart_message_element}</var>
<arg>${VISIBLE_MESSAGE}//h2</arg>
<doc>Returns the first WebElement matching the given ``locator``.</doc>
<msg timestamp="20210709 21:57:00.405" level="INFO">${cart_message_element} = &lt;selenium.webdriver.remote.webelement.WebElement (session="5fe4167dd57cb44978ee82e3e0f432f4", element="1a5923a2-c1ed-4d17-afdb-7fc0c6355c7f")&gt;</msg>
<status status="PASS" starttime="20210709 21:57:00.395" endtime="20210709 21:57:00.405"/>
</kw>
<kw name="Get Text" library="SeleniumLibrary">
<var>${cart_message}</var>
<arg>${cart_message_element}</arg>
<doc>Returns the text value of the element identified by ``locator``.</doc>
<msg timestamp="20210709 21:57:00.420" level="INFO">${cart_message} = Product successfully added to your shopping cart</msg>
<status status="PASS" starttime="20210709 21:57:00.405" endtime="20210709 21:57:00.420"/>
</kw>
<kw name="Should Be Equal" library="BuiltIn">
<arg>${cart_message}</arg>
<arg>Product successfully added to your shopping cart</arg>
<doc>Fails if the given objects are unequal.</doc>
<status status="PASS" starttime="20210709 21:57:00.420" endtime="20210709 21:57:00.421"/>
</kw>
<status status="PASS" starttime="20210709 21:56:55.183" endtime="20210709 21:57:00.421"/>
</kw>
<kw name="Close Message Dialog" library="Popular">
<kw name="Click Element" library="SeleniumLibrary">
<arg>${VISIBLE_MESSAGE}//span[@title="Continue shopping"]</arg>
<doc>Click the element identified by ``locator``.</doc>
<msg timestamp="20210709 21:57:00.422" level="INFO">Clicking element '//div[@id="layer_cart" and contains(@style, "display: block")]//span[@title="Continue shopping"]'.</msg>
<status status="PASS" starttime="20210709 21:57:00.421" endtime="20210709 21:57:00.460"/>
</kw>
<kw name="Sleep" library="BuiltIn">
<arg>1s</arg>
<doc>Pauses the test executed for the given time.</doc>
<msg timestamp="20210709 21:57:01.460" level="INFO">Slept 1 second</msg>
<status status="PASS" starttime="20210709 21:57:00.460" endtime="20210709 21:57:01.460"/>
</kw>
<status status="PASS" starttime="20210709 21:57:00.421" endtime="20210709 21:57:01.461"/>
</kw>
<status status="PASS" starttime="20210709 21:56:54.536" endtime="20210709 21:57:01.461"/>
</kw>
<kw name="Verify Product Is In Cart" library="Cart">
<arg>${product}[0]</arg>
<arg>${index}</arg>
<kw name="Get Element Attribute" library="SeleniumLibrary">
<var>${product_name_in_cart}</var>
<arg>(${SHOPPING_CART}//div[contains(@class, "cart-info")]//a[contains(@class, "cart_block_product_name")])[${index}]</arg>
<arg>title</arg>
<doc>Returns the value of ``attribute`` from the element ``locator``.</doc>
<msg timestamp="20210709 21:57:01.480" level="INFO">${product_name_in_cart} = Faded Short Sleeve T-shirts</msg>
<status status="PASS" starttime="20210709 21:57:01.462" endtime="20210709 21:57:01.480"/>
</kw>
<kw name="Should Be Equal" library="BuiltIn">
<arg>${product_name}</arg>
<arg>${product_name_in_cart}</arg>
<doc>Fails if the given objects are unequal.</doc>
<status status="PASS" starttime="20210709 21:57:01.480" endtime="20210709 21:57:01.481"/>
</kw>
<status status="PASS" starttime="20210709 21:57:01.461" endtime="20210709 21:57:01.481"/>
</kw>
<kw name="Evaluate" library="BuiltIn">
<var>${total}</var>
<arg>${product}[1] * ${counter}</arg>
<doc>Evaluates the given expression in Python and returns the result.</doc>
<msg timestamp="20210709 21:57:01.482" level="INFO">${total} = 33.02</msg>
<status status="PASS" starttime="20210709 21:57:01.481" endtime="20210709 21:57:01.482"/>
</kw>
<kw name="Verify Product Price Is Updated" library="Cart">
<arg>${total}</arg>
<arg>${index}</arg>
<kw name="Get Price From Span" library="Utils">
<var>${item_price_in_cart}</var>
<arg>(${SHOPPING_CART}//div[contains(@class, "cart-info")]//span[contains(@class, "price")])[${index}]</arg>
<kw name="Get WebElement" library="SeleniumLibrary">
<var>${price_element}</var>
<arg>${locator}</arg>
<doc>Returns the first WebElement matching the given ``locator``.</doc>
<msg timestamp="20210709 21:57:01.495" level="INFO">${price_element} = &lt;selenium.webdriver.remote.webelement.WebElement (session="5fe4167dd57cb44978ee82e3e0f432f4", element="0df2551e-9e85-4726-9fdf-eaea8c8e4496")&gt;</msg>
<status status="PASS" starttime="20210709 21:57:01.484" endtime="20210709 21:57:01.495"/>
</kw>
<kw name="Get Element Attribute" library="SeleniumLibrary">
<var>${price}</var>
<arg>${price_element}</arg>
<arg>innerText</arg>
<doc>Returns the value of ``attribute`` from the element ``locator``.</doc>
<msg timestamp="20210709 21:57:01.502" level="INFO">${price} = $33.02</msg>
<status status="PASS" starttime="20210709 21:57:01.495" endtime="20210709 21:57:01.502"/>
</kw>
<kw name="Remove String" library="String">
<var>${price}</var>
<arg>${price}</arg>
<arg>$</arg>
<doc>Removes all ``removables`` from the given ``string``.</doc>
<msg timestamp="20210709 21:57:01.503" level="INFO">${price} = 33.02</msg>
<status status="PASS" starttime="20210709 21:57:01.502" endtime="20210709 21:57:01.503"/>
</kw>
<kw name="Convert To Number" library="BuiltIn">
<var>${price}</var>
<arg>${price}</arg>
<doc>Converts the given item to a floating point number.</doc>
<msg timestamp="20210709 21:57:01.503" level="INFO">${price} = 33.02</msg>
<status status="PASS" starttime="20210709 21:57:01.503" endtime="20210709 21:57:01.503"/>
</kw>
<msg timestamp="20210709 21:57:01.504" level="INFO">${item_price_in_cart} = 33.02</msg>
<status status="PASS" starttime="20210709 21:57:01.483" endtime="20210709 21:57:01.504"/>
</kw>
<kw name="Should Be Equal" library="BuiltIn">
<arg>${item_price_in_cart}</arg>
<arg>${total}</arg>
<doc>Fails if the given objects are unequal.</doc>
<status status="PASS" starttime="20210709 21:57:01.504" endtime="20210709 21:57:01.504"/>
</kw>
<status status="PASS" starttime="20210709 21:57:01.482" endtime="20210709 21:57:01.505"/>
</kw>
<status status="PASS" starttime="20210709 21:56:54.536" endtime="20210709 21:57:01.505"/>
</iter>
<status status="PASS" starttime="20210709 21:56:46.830" endtime="20210709 21:57:01.505"/>
</for>
<kw name="Create Dictionary" library="BuiltIn">
<var>&amp;{cart_item}</var>
<arg>index=${index}</arg>
<arg>product_name=${product}[0]</arg>
<arg>unit_price=${product}[1]</arg>
<arg>quantity=${quantity}</arg>
<arg>total=${total}</arg>
<arg>number_of_products=${counter}</arg>
<doc>Creates and returns a dictionary based on the given ``items``.</doc>
<msg timestamp="20210709 21:57:01.506" level="INFO">&amp;{cart_item} = { index=1 | product_name=Faded Short Sleeve T-shirts | unit_price=16.51 | quantity=2 | total=33.02 | number_of_products=2 }</msg>
<status status="PASS" starttime="20210709 21:57:01.505" endtime="20210709 21:57:01.506"/>
</kw>
<kw name="Append To List" library="Collections">
<arg>${cart_item_list}</arg>
<arg>${cart_item}</arg>
<doc>Adds ``values`` to the end of ``list``.</doc>
<status status="PASS" starttime="20210709 21:57:01.506" endtime="20210709 21:57:01.506"/>
</kw>
<status status="PASS" starttime="20210709 21:56:46.772" endtime="20210709 21:57:01.506"/>
</iter>
<iter>
<var name="${index}">2</var>
<kw name="Read Product Details" library="Popular">
<var>${product}</var>
<arg>${index}</arg>
<kw name="Get WebElement" library="SeleniumLibrary">
<var>${product_name_element}</var>
<arg>${PRODUCT_ELEMENTS}\[${index}\]//${RIGHT_BLOCK}//h5[@itemprop="name"]/a</arg>
<doc>Returns the first WebElement matching the given ``locator``.</doc>
<msg timestamp="20210709 21:57:01.520" level="INFO">${product_name_element} = &lt;selenium.webdriver.remote.webelement.WebElement (session="5fe4167dd57cb44978ee82e3e0f432f4", element="9c7293f1-21b1-4a5e-a538-65f38d0db126")&gt;</msg>
<status status="PASS" starttime="20210709 21:57:01.507" endtime="20210709 21:57:01.520"/>
</kw>
<kw name="Get WebElement" library="SeleniumLibrary">
<var>${product_price_element}</var>
<arg>${PRODUCT_ELEMENTS}\[${index}\]//${RIGHT_BLOCK}//span[@itemprop="price"]</arg>
<doc>Returns the first WebElement matching the given ``locator``.</doc>
<msg timestamp="20210709 21:57:01.530" level="INFO">${product_price_element} = &lt;selenium.webdriver.remote.webelement.WebElement (session="5fe4167dd57cb44978ee82e3e0f432f4", element="f899ec38-11f9-4a3f-a74c-9eff537d2bf6")&gt;</msg>
<status status="PASS" starttime="20210709 21:57:01.520" endtime="20210709 21:57:01.530"/>
</kw>
<kw name="Get Text" library="SeleniumLibrary">
<var>${product_name}</var>
<arg>${product_name_element}</arg>
<doc>Returns the text value of the element identified by ``locator``.</doc>
<msg timestamp="20210709 21:57:01.540" level="INFO">${product_name} = Blouse</msg>
<status status="PASS" starttime="20210709 21:57:01.530" endtime="20210709 21:57:01.540"/>
</kw>
<kw name="Get Text" library="SeleniumLibrary">
<var>${product_price}</var>
<arg>${product_price_element}</arg>
<doc>Returns the text value of the element identified by ``locator``.</doc>
<msg timestamp="20210709 21:57:01.550" level="INFO">${product_price} = $27.00</msg>
<status status="PASS" starttime="20210709 21:57:01.540" endtime="20210709 21:57:01.551"/>
</kw>
<kw name="Remove String" library="String">
<var>${product_price}</var>
<arg>${product_price}</arg>
<arg>$</arg>
<doc>Removes all ``removables`` from the given ``string``.</doc>
<msg timestamp="20210709 21:57:01.551" level="INFO">${product_price} = 27.00</msg>
<status status="PASS" starttime="20210709 21:57:01.551" endtime="20210709 21:57:01.551"/>
</kw>
<kw name="Convert To Number" library="BuiltIn">
<var>${product_price}</var>
<arg>${product_price}</arg>
<doc>Converts the given item to a floating point number.</doc>
<msg timestamp="20210709 21:57:01.552" level="INFO">${product_price} = 27.0</msg>
<status status="PASS" starttime="20210709 21:57:01.551" endtime="20210709 21:57:01.552"/>
</kw>
<msg timestamp="20210709 21:57:01.552" level="INFO">${product} = ['Blouse', 27.0]</msg>
<status status="PASS" starttime="20210709 21:57:01.507" endtime="20210709 21:57:01.552"/>
</kw>
<for flavor="IN RANGE">
<var>${counter}</var>
<value>1</value>
<value>${quantity} + 1</value>
<iter>
<var name="${counter}">1</var>
<kw name="Add Product To Cart" library="App">
<arg>${index}</arg>
<kw name="Add Product To Cart" library="Popular">
<arg>${index}</arg>
<kw name="Scroll To Element" library="Utils">
<arg>${PRODUCT_ELEMENTS}\[${index}\]//${PRODUCT_CONTAINER}</arg>
<kw name="Get Horizontal Position" library="SeleniumLibrary">
<var>${x}</var>
<arg>${locator}</arg>
<doc>Returns the horizontal position of the element identified by ``locator``.</doc>
<msg timestamp="20210709 21:57:01.569" level="INFO">${x} = 361</msg>
<status status="PASS" starttime="20210709 21:57:01.553" endtime="20210709 21:57:01.569"/>
</kw>
<kw name="Get Vertical Position" library="SeleniumLibrary">
<var>${y}</var>
<arg>${locator}</arg>
<doc>Returns the vertical position of the element identified by ``locator``.</doc>
<msg timestamp="20210709 21:57:01.579" level="INFO">${y} = 758</msg>
<status status="PASS" starttime="20210709 21:57:01.569" endtime="20210709 21:57:01.579"/>
</kw>
<kw name="Execute Javascript" library="SeleniumLibrary">
<arg>window.scrollTo(${x}, ${y})</arg>
<doc>Executes the given JavaScript code with possible arguments.</doc>
<msg timestamp="20210709 21:57:01.580" level="INFO">Executing JavaScript:
window.scrollTo(361, 758)
Without any arguments.</msg>
<status status="PASS" starttime="20210709 21:57:01.580" endtime="20210709 21:57:01.584"/>
</kw>
<status status="PASS" starttime="20210709 21:57:01.553" endtime="20210709 21:57:01.584"/>
</kw>
<kw name="Mouse Over" library="SeleniumLibrary">
<arg>${PRODUCT_ELEMENTS}\[${index}\]//${PRODUCT_CONTAINER}</arg>
<doc>Simulates hovering the mouse over the element ``locator``.</doc>
<msg timestamp="20210709 21:57:01.585" level="INFO">Simulating Mouse Over on element '//ul[@id="homefeatured"]/li[2]//div[@class="product-container"]'.</msg>
<status status="PASS" starttime="20210709 21:57:01.584" endtime="20210709 21:57:01.851"/>
</kw>
<kw name="Mouse Over" library="SeleniumLibrary">
<arg>${PRODUCT_ELEMENTS}\[${index}\]//${RIGHT_BLOCK}</arg>
<doc>Simulates hovering the mouse over the element ``locator``.</doc>
<msg timestamp="20210709 21:57:01.853" level="INFO">Simulating Mouse Over on element '//ul[@id="homefeatured"]/li[2]//div[@class="right-block"]'.</msg>
<status status="PASS" starttime="20210709 21:57:01.852" endtime="20210709 21:57:02.153"/>
</kw>
<kw name="Click Link" library="SeleniumLibrary">
<arg>${PRODUCT_ELEMENTS}\[${index}\]//${RIGHT_BLOCK}//a[@title="Add to cart"]</arg>
<doc>Clicks a link identified by ``locator``.</doc>
<msg timestamp="20210709 21:57:02.156" level="INFO">Clicking link '//ul[@id="homefeatured"]/li[2]//div[@class="right-block"]//a[@title="Add to cart"]'.</msg>
<status status="PASS" starttime="20210709 21:57:02.154" endtime="20210709 21:57:02.257"/>
</kw>
<status status="PASS" starttime="20210709 21:57:01.553" endtime="20210709 21:57:02.257"/>
</kw>
<kw name="Verify Successful Message" library="Popular">
<kw name="Wait Until Page Contains Element" library="SeleniumLibrary">
<arg>${VISIBLE_MESSAGE}//h2</arg>
<arg>${TIMEOUT}</arg>
<doc>Waits until the element ``locator`` appears on the current page.</doc>
<status status="PASS" starttime="20210709 21:57:02.258" endtime="20210709 21:57:07.368"/>
</kw>
<kw name="Get WebElement" library="SeleniumLibrary">
<var>${cart_message_element}</var>
<arg>${VISIBLE_MESSAGE}//h2</arg>
<doc>Returns the first WebElement matching the given ``locator``.</doc>
<msg timestamp="20210709 21:57:07.377" level="INFO">${cart_message_element} = &lt;selenium.webdriver.remote.webelement.WebElement (session="5fe4167dd57cb44978ee82e3e0f432f4", element="1a5923a2-c1ed-4d17-afdb-7fc0c6355c7f")&gt;</msg>
<status status="PASS" starttime="20210709 21:57:07.368" endtime="20210709 21:57:07.377"/>
</kw>
<kw name="Get Text" library="SeleniumLibrary">
<var>${cart_message}</var>
<arg>${cart_message_element}</arg>
<doc>Returns the text value of the element identified by ``locator``.</doc>
<msg timestamp="20210709 21:57:07.388" level="INFO">${cart_message} = Product successfully added to your shopping cart</msg>
<status status="PASS" starttime="20210709 21:57:07.378" endtime="20210709 21:57:07.388"/>
</kw>
<kw name="Should Be Equal" library="BuiltIn">
<arg>${cart_message}</arg>
<arg>Product successfully added to your shopping cart</arg>
<doc>Fails if the given objects are unequal.</doc>
<status status="PASS" starttime="20210709 21:57:07.388" endtime="20210709 21:57:07.389"/>
</kw>
<status status="PASS" starttime="20210709 21:57:02.258" endtime="20210709 21:57:07.389"/>
</kw>
<kw name="Close Message Dialog" library="Popular">
<kw name="Click Element" library="SeleniumLibrary">
<arg>${VISIBLE_MESSAGE}//span[@title="Continue shopping"]</arg>
<doc>Click the element identified by ``locator``.</doc>
<msg timestamp="20210709 21:57:07.390" level="INFO">Clicking element '//div[@id="layer_cart" and contains(@style, "display: block")]//span[@title="Continue shopping"]'.</msg>
<status status="PASS" starttime="20210709 21:57:07.389" endtime="20210709 21:57:07.422"/>
</kw>
<kw name="Sleep" library="BuiltIn">
<arg>1s</arg>
<doc>Pauses the test executed for the given time.</doc>
<msg timestamp="20210709 21:57:08.423" level="INFO">Slept 1 second</msg>
<status status="PASS" starttime="20210709 21:57:07.422" endtime="20210709 21:57:08.424"/>
</kw>
<status status="PASS" starttime="20210709 21:57:07.389" endtime="20210709 21:57:08.425"/>
</kw>
<status status="PASS" starttime="20210709 21:57:01.552" endtime="20210709 21:57:08.425"/>
</kw>
<kw name="Verify Product Is In Cart" library="Cart">
<arg>${product}[0]</arg>
<arg>${index}</arg>
<kw name="Get Element Attribute" library="SeleniumLibrary">
<var>${product_name_in_cart}</var>
<arg>(${SHOPPING_CART}//div[contains(@class, "cart-info")]//a[contains(@class, "cart_block_product_name")])[${index}]</arg>
<arg>title</arg>
<doc>Returns the value of ``attribute`` from the element ``locator``.</doc>
<msg timestamp="20210709 21:57:08.477" level="INFO">${product_name_in_cart} = Blouse</msg>
<status status="PASS" starttime="20210709 21:57:08.428" endtime="20210709 21:57:08.478"/>
</kw>
<kw name="Should Be Equal" library="BuiltIn">
<arg>${product_name}</arg>
<arg>${product_name_in_cart}</arg>
<doc>Fails if the given objects are unequal.</doc>
<status status="PASS" starttime="20210709 21:57:08.478" endtime="20210709 21:57:08.479"/>
</kw>
<status status="PASS" starttime="20210709 21:57:08.426" endtime="20210709 21:57:08.479"/>
</kw>
<kw name="Evaluate" library="BuiltIn">
<var>${total}</var>
<arg>${product}[1] * ${counter}</arg>
<doc>Evaluates the given expression in Python and returns the result.</doc>
<msg timestamp="20210709 21:57:08.480" level="INFO">${total} = 27.0</msg>
<status status="PASS" starttime="20210709 21:57:08.480" endtime="20210709 21:57:08.481"/>
</kw>
<kw name="Verify Product Price Is Updated" library="Cart">
<arg>${total}</arg>
<arg>${index}</arg>
<kw name="Get Price From Span" library="Utils">
<var>${item_price_in_cart}</var>
<arg>(${SHOPPING_CART}//div[contains(@class, "cart-info")]//span[contains(@class, "price")])[${index}]</arg>
<kw name="Get WebElement" library="SeleniumLibrary">
<var>${price_element}</var>
<arg>${locator}</arg>
<doc>Returns the first WebElement matching the given ``locator``.</doc>
<msg timestamp="20210709 21:57:08.497" level="INFO">${price_element} = &lt;selenium.webdriver.remote.webelement.WebElement (session="5fe4167dd57cb44978ee82e3e0f432f4", element="39004fd1-25be-4457-94f4-a357b508ed50")&gt;</msg>
<status status="PASS" starttime="20210709 21:57:08.483" endtime="20210709 21:57:08.497"/>
</kw>
<kw name="Get Element Attribute" library="SeleniumLibrary">
<var>${price}</var>
<arg>${price_element}</arg>
<arg>innerText</arg>
<doc>Returns the value of ``attribute`` from the element ``locator``.</doc>
<msg timestamp="20210709 21:57:08.503" level="INFO">${price} = $27.00</msg>
<status status="PASS" starttime="20210709 21:57:08.497" endtime="20210709 21:57:08.503"/>
</kw>
<kw name="Remove String" library="String">
<var>${price}</var>
<arg>${price}</arg>
<arg>$</arg>
<doc>Removes all ``removables`` from the given ``string``.</doc>
<msg timestamp="20210709 21:57:08.503" level="INFO">${price} = 27.00</msg>
<status status="PASS" starttime="20210709 21:57:08.503" endtime="20210709 21:57:08.503"/>
</kw>
<kw name="Convert To Number" library="BuiltIn">
<var>${price}</var>
<arg>${price}</arg>
<doc>Converts the given item to a floating point number.</doc>
<msg timestamp="20210709 21:57:08.504" level="INFO">${price} = 27.0</msg>
<status status="PASS" starttime="20210709 21:57:08.504" endtime="20210709 21:57:08.504"/>
</kw>
<msg timestamp="20210709 21:57:08.504" level="INFO">${item_price_in_cart} = 27.0</msg>
<status status="PASS" starttime="20210709 21:57:08.482" endtime="20210709 21:57:08.504"/>
</kw>
<kw name="Should Be Equal" library="BuiltIn">
<arg>${item_price_in_cart}</arg>
<arg>${total}</arg>
<doc>Fails if the given objects are unequal.</doc>
<status status="PASS" starttime="20210709 21:57:08.504" endtime="20210709 21:57:08.505"/>
</kw>
<status status="PASS" starttime="20210709 21:57:08.481" endtime="20210709 21:57:08.505"/>
</kw>
<status status="PASS" starttime="20210709 21:57:01.552" endtime="20210709 21:57:08.505"/>
</iter>
<iter>
<var name="${counter}">2</var>
<kw name="Add Product To Cart" library="App">
<arg>${index}</arg>
<kw name="Add Product To Cart" library="Popular">
<arg>${index}</arg>
<kw name="Scroll To Element" library="Utils">
<arg>${PRODUCT_ELEMENTS}\[${index}\]//${PRODUCT_CONTAINER}</arg>
<kw name="Get Horizontal Position" library="SeleniumLibrary">
<var>${x}</var>
<arg>${locator}</arg>
<doc>Returns the horizontal position of the element identified by ``locator``.</doc>
<msg timestamp="20210709 21:57:08.517" level="INFO">${x} = 361</msg>
<status status="PASS" starttime="20210709 21:57:08.506" endtime="20210709 21:57:08.517"/>
</kw>
<kw name="Get Vertical Position" library="SeleniumLibrary">
<var>${y}</var>
<arg>${locator}</arg>
<doc>Returns the vertical position of the element identified by ``locator``.</doc>
<msg timestamp="20210709 21:57:08.527" level="INFO">${y} = 758</msg>
<status status="PASS" starttime="20210709 21:57:08.517" endtime="20210709 21:57:08.527"/>
</kw>
<kw name="Execute Javascript" library="SeleniumLibrary">
<arg>window.scrollTo(${x}, ${y})</arg>
<doc>Executes the given JavaScript code with possible arguments.</doc>
<msg timestamp="20210709 21:57:08.528" level="INFO">Executing JavaScript:
window.scrollTo(361, 758)
Without any arguments.</msg>
<status status="PASS" starttime="20210709 21:57:08.528" endtime="20210709 21:57:08.531"/>
</kw>
<status status="PASS" starttime="20210709 21:57:08.506" endtime="20210709 21:57:08.532"/>
</kw>
<kw name="Mouse Over" library="SeleniumLibrary">
<arg>${PRODUCT_ELEMENTS}\[${index}\]//${PRODUCT_CONTAINER}</arg>
<doc>Simulates hovering the mouse over the element ``locator``.</doc>
<msg timestamp="20210709 21:57:08.532" level="INFO">Simulating Mouse Over on element '//ul[@id="homefeatured"]/li[2]//div[@class="product-container"]'.</msg>
<status status="PASS" starttime="20210709 21:57:08.532" endtime="20210709 21:57:08.802"/>
</kw>
<kw name="Mouse Over" library="SeleniumLibrary">
<arg>${PRODUCT_ELEMENTS}\[${index}\]//${RIGHT_BLOCK}</arg>
<doc>Simulates hovering the mouse over the element ``locator``.</doc>
<msg timestamp="20210709 21:57:08.804" level="INFO">Simulating Mouse Over on element '//ul[@id="homefeatured"]/li[2]//div[@class="right-block"]'.</msg>
<status status="PASS" starttime="20210709 21:57:08.803" endtime="20210709 21:57:09.098"/>
</kw>
<kw name="Click Link" library="SeleniumLibrary">
<arg>${PRODUCT_ELEMENTS}\[${index}\]//${RIGHT_BLOCK}//a[@title="Add to cart"]</arg>
<doc>Clicks a link identified by ``locator``.</doc>
<msg timestamp="20210709 21:57:09.101" level="INFO">Clicking link '//ul[@id="homefeatured"]/li[2]//div[@class="right-block"]//a[@title="Add to cart"]'.</msg>
<status status="PASS" starttime="20210709 21:57:09.099" endtime="20210709 21:57:09.158"/>
</kw>
<status status="PASS" starttime="20210709 21:57:08.505" endtime="20210709 21:57:09.158"/>
</kw>
<kw name="Verify Successful Message" library="Popular">
<kw name="Wait Until Page Contains Element" library="SeleniumLibrary">
<arg>${VISIBLE_MESSAGE}//h2</arg>
<arg>${TIMEOUT}</arg>
<doc>Waits until the element ``locator`` appears on the current page.</doc>
<status status="PASS" starttime="20210709 21:57:09.159" endtime="20210709 21:57:13.821"/>
</kw>
<kw name="Get WebElement" library="SeleniumLibrary">
<var>${cart_message_element}</var>
<arg>${VISIBLE_MESSAGE}//h2</arg>
<doc>Returns the first WebElement matching the given ``locator``.</doc>
<msg timestamp="20210709 21:57:13.829" level="INFO">${cart_message_element} = &lt;selenium.webdriver.remote.webelement.WebElement (session="5fe4167dd57cb44978ee82e3e0f432f4", element="1a5923a2-c1ed-4d17-afdb-7fc0c6355c7f")&gt;</msg>
<status status="PASS" starttime="20210709 21:57:13.821" endtime="20210709 21:57:13.829"/>
</kw>
<kw name="Get Text" library="SeleniumLibrary">
<var>${cart_message}</var>
<arg>${cart_message_element}</arg>
<doc>Returns the text value of the element identified by ``locator``.</doc>
<msg timestamp="20210709 21:57:13.839" level="INFO">${cart_message} = Product successfully added to your shopping cart</msg>
<status status="PASS" starttime="20210709 21:57:13.830" endtime="20210709 21:57:13.839"/>
</kw>
<kw name="Should Be Equal" library="BuiltIn">
<arg>${cart_message}</arg>
<arg>Product successfully added to your shopping cart</arg>
<doc>Fails if the given objects are unequal.</doc>
<status status="PASS" starttime="20210709 21:57:13.839" endtime="20210709 21:57:13.839"/>
</kw>
<status status="PASS" starttime="20210709 21:57:09.158" endtime="20210709 21:57:13.839"/>
</kw>
<kw name="Close Message Dialog" library="Popular">
<kw name="Click Element" library="SeleniumLibrary">
<arg>${VISIBLE_MESSAGE}//span[@title="Continue shopping"]</arg>
<doc>Click the element identified by ``locator``.</doc>
<msg timestamp="20210709 21:57:13.840" level="INFO">Clicking element '//div[@id="layer_cart" and contains(@style, "display: block")]//span[@title="Continue shopping"]'.</msg>
<status status="PASS" starttime="20210709 21:57:13.840" endtime="20210709 21:57:13.870"/>
</kw>
<kw name="Sleep" library="BuiltIn">
<arg>1s</arg>
<doc>Pauses the test executed for the given time.</doc>
<msg timestamp="20210709 21:57:14.871" level="INFO">Slept 1 second</msg>
<status status="PASS" starttime="20210709 21:57:13.870" endtime="20210709 21:57:14.872"/>
</kw>
<status status="PASS" starttime="20210709 21:57:13.840" endtime="20210709 21:57:14.872"/>
</kw>
<status status="PASS" starttime="20210709 21:57:08.505" endtime="20210709 21:57:14.873"/>
</kw>
<kw name="Verify Product Is In Cart" library="Cart">
<arg>${product}[0]</arg>
<arg>${index}</arg>
<kw name="Get Element Attribute" library="SeleniumLibrary">
<var>${product_name_in_cart}</var>
<arg>(${SHOPPING_CART}//div[contains(@class, "cart-info")]//a[contains(@class, "cart_block_product_name")])[${index}]</arg>
<arg>title</arg>
<doc>Returns the value of ``attribute`` from the element ``locator``.</doc>
<msg timestamp="20210709 21:57:14.914" level="INFO">${product_name_in_cart} = Blouse</msg>
<status status="PASS" starttime="20210709 21:57:14.876" endtime="20210709 21:57:14.914"/>
</kw>
<kw name="Should Be Equal" library="BuiltIn">
<arg>${product_name}</arg>
<arg>${product_name_in_cart}</arg>
<doc>Fails if the given objects are unequal.</doc>
<status status="PASS" starttime="20210709 21:57:14.915" endtime="20210709 21:57:14.916"/>
</kw>
<status status="PASS" starttime="20210709 21:57:14.874" endtime="20210709 21:57:14.917"/>
</kw>
<kw name="Evaluate" library="BuiltIn">
<var>${total}</var>
<arg>${product}[1] * ${counter}</arg>
<doc>Evaluates the given expression in Python and returns the result.</doc>
<msg timestamp="20210709 21:57:14.918" level="INFO">${total} = 54.0</msg>
<status status="PASS" starttime="20210709 21:57:14.917" endtime="20210709 21:57:14.918"/>
</kw>
<kw name="Verify Product Price Is Updated" library="Cart">
<arg>${total}</arg>
<arg>${index}</arg>
<kw name="Get Price From Span" library="Utils">
<var>${item_price_in_cart}</var>
<arg>(${SHOPPING_CART}//div[contains(@class, "cart-info")]//span[contains(@class, "price")])[${index}]</arg>
<kw name="Get WebElement" library="SeleniumLibrary">
<var>${price_element}</var>
<arg>${locator}</arg>
<doc>Returns the first WebElement matching the given ``locator``.</doc>
<msg timestamp="20210709 21:57:14.932" level="INFO">${price_element} = &lt;selenium.webdriver.remote.webelement.WebElement (session="5fe4167dd57cb44978ee82e3e0f432f4", element="39004fd1-25be-4457-94f4-a357b508ed50")&gt;</msg>
<status status="PASS" starttime="20210709 21:57:14.921" endtime="20210709 21:57:14.933"/>
</kw>
<kw name="Get Element Attribute" library="SeleniumLibrary">
<var>${price}</var>
<arg>${price_element}</arg>
<arg>innerText</arg>
<doc>Returns the value of ``attribute`` from the element ``locator``.</doc>
<msg timestamp="20210709 21:57:14.938" level="INFO">${price} = $54.00</msg>
<status status="PASS" starttime="20210709 21:57:14.933" endtime="20210709 21:57:14.938"/>
</kw>
<kw name="Remove String" library="String">
<var>${price}</var>
<arg>${price}</arg>
<arg>$</arg>
<doc>Removes all ``removables`` from the given ``string``.</doc>
<msg timestamp="20210709 21:57:14.939" level="INFO">${price} = 54.00</msg>
<status status="PASS" starttime="20210709 21:57:14.938" endtime="20210709 21:57:14.939"/>
</kw>
<kw name="Convert To Number" library="BuiltIn">
<var>${price}</var>
<arg>${price}</arg>
<doc>Converts the given item to a floating point number.</doc>
<msg timestamp="20210709 21:57:14.939" level="INFO">${price} = 54.0</msg>
<status status="PASS" starttime="20210709 21:57:14.939" endtime="20210709 21:57:14.939"/>
</kw>
<msg timestamp="20210709 21:57:14.939" level="INFO">${item_price_in_cart} = 54.0</msg>
<status status="PASS" starttime="20210709 21:57:14.920" endtime="20210709 21:57:14.940"/>
</kw>
<kw name="Should Be Equal" library="BuiltIn">
<arg>${item_price_in_cart}</arg>
<arg>${total}</arg>
<doc>Fails if the given objects are unequal.</doc>
<status status="PASS" starttime="20210709 21:57:14.940" endtime="20210709 21:57:14.940"/>
</kw>
[...]
</kw>
<kw name="Wait Until Page Contains Element" library="SeleniumLibrary">
<arg>${AUTHENTICATION_SUBMIT_LOGIN}</arg>
<arg>${TIMEOUT}</arg>
<doc>Waits until the element ``locator`` appears on the current page.</doc>
<status status="PASS" starttime="20210709 21:59:40.636" endtime="20210709 21:59:40.646"/>
</kw>
<status status="PASS" starttime="20210709 21:59:40.605" endtime="20210709 21:59:40.646"/>
</kw>
<kw name="Fill &quot;Email Address&quot;" library="Authentication">
<arg>${email}</arg>
<kw name="Input Text" library="SeleniumLibrary">
<arg>${AUTHENTICATION_EMAIL}</arg>
<arg>${email}</arg>
<doc>Types the given ``text`` into the text field identified by ``locator``.</doc>
<msg timestamp="20210709 21:59:40.647" level="INFO">Typing text 'john.doe@peterkuliktest.com' into text field 'id:email'.</msg>
<status status="PASS" starttime="20210709 21:59:40.647" endtime="20210709 21:59:40.730"/>
</kw>
<status status="PASS" starttime="20210709 21:59:40.646" endtime="20210709 21:59:40.730"/>
</kw>
<kw name="Fill &quot;Password&quot;" library="Authentication">
<arg>${user_data.password}</arg>
<kw name="Input Password" library="SeleniumLibrary">
<arg>${AUTHENTICATION_PASSWORD}</arg>
<arg>${password}</arg>
<doc>Types the given password into the text field identified by ``locator``.</doc>
<msg timestamp="20210709 21:59:40.732" level="INFO">Typing password into text field 'id:passwd'.</msg>
<msg timestamp="20210709 21:59:40.761" level="INFO">Temporally setting log level to: NONE</msg>
<msg timestamp="20210709 21:59:40.809" level="INFO">Log level changed from NONE to INFO.</msg>
<status status="PASS" starttime="20210709 21:59:40.731" endtime="20210709 21:59:40.809"/>
</kw>
<status status="PASS" starttime="20210709 21:59:40.730" endtime="20210709 21:59:40.809"/>
</kw>
<kw name="Submit Sign In Form" library="Authentication">
<kw name="Click Button" library="SeleniumLibrary">
<arg>${AUTHENTICATION_SUBMIT_LOGIN}</arg>
<doc>Clicks the button identified by ``locator``.</doc>
<msg timestamp="20210709 21:59:40.810" level="INFO">Clicking button 'id:SubmitLogin'.</msg>
<status status="PASS" starttime="20210709 21:59:40.809" endtime="20210709 21:59:43.841"/>
</kw>
<status status="PASS" starttime="20210709 21:59:40.809" endtime="20210709 21:59:43.842"/>
</kw>
<status status="PASS" starttime="20210709 21:59:38.683" endtime="20210709 21:59:43.842"/>
</kw>
<kw name="Verify User Is Signed In" library="App">
<arg>${USER_DATA}</arg>
<kw name="Verify Actual Page Is &quot;My Account&quot;" library="My Account">
<kw name="Wait Until Location Is" library="SeleniumLibrary">
<arg>${BASEURL}/index.php?controller=my-account</arg>
<arg>${TIMEOUT}</arg>
<doc>Waits until the current URL is ``expected``.</doc>
<status status="PASS" starttime="20210709 21:59:43.843" endtime="20210709 21:59:43.849"/>
</kw>
<status status="PASS" starttime="20210709 21:59:43.843" endtime="20210709 21:59:43.849"/>
</kw>
<kw name="Verify User Is Signed In" library="NavigationBar">
<arg>${user_data.firstname}</arg>
<arg>${user_data.lastname}</arg>
<kw name="Wait Until Page Contains Element" library="SeleniumLibrary">
<arg>${NAVIGATION_BAR_ACCOUNT}</arg>
<arg>${TIMEOUT}</arg>
<doc>Waits until the element ``locator`` appears on the current page.</doc>
<status status="PASS" starttime="20210709 21:59:43.853" endtime="20210709 21:59:43.872"/>
</kw>
<kw name="Element Text Should Be" library="SeleniumLibrary">
<arg>${NAVIGATION_BAR_ACCOUNT}</arg>
<arg>${firstname} ${lastname}</arg>
<doc>Verifies that element ``locator`` contains exact the text ``expected``.</doc>
<msg timestamp="20210709 21:59:43.873" level="INFO">Verifying element 'xpath=//*[@id="header"]//a[@class='account']' contains exact text 'John Doe'.</msg>
<status status="PASS" starttime="20210709 21:59:43.872" endtime="20210709 21:59:43.891"/>
</kw>
<status status="PASS" starttime="20210709 21:59:43.849" endtime="20210709 21:59:43.891"/>
</kw>
<status status="PASS" starttime="20210709 21:59:43.842" endtime="20210709 21:59:43.891"/>
</kw>
<kw name="Navigate to Home Page" library="App">
<kw name="Load" library="Home">
<arg>${BASE_URL}</arg>
<kw name="Go To" library="SeleniumLibrary">
<arg>${url}</arg>
<doc>Navigates the current browser window to the provided ``url``.</doc>
<msg timestamp="20210709 21:59:43.893" level="INFO">Opening url 'http://automationpractice.com'</msg>
<status status="PASS" starttime="20210709 21:59:43.892" endtime="20210709 21:59:48.609"/>
</kw>
<status status="PASS" starttime="20210709 21:59:43.891" endtime="20210709 21:59:48.609"/>
</kw>
<status status="PASS" starttime="20210709 21:59:43.891" endtime="20210709 21:59:48.609"/>
</kw>
<kw name="Add Product To Cart" library="App">
<arg>${1}</arg>
<kw name="Add Product To Cart" library="Popular">
<arg>${index}</arg>
<kw name="Scroll To Element" library="Utils">
<arg>${PRODUCT_ELEMENTS}\[${index}\]//${PRODUCT_CONTAINER}</arg>
<kw name="Get Horizontal Position" library="SeleniumLibrary">
<var>${x}</var>
<arg>${locator}</arg>
<doc>Returns the horizontal position of the element identified by ``locator``.</doc>
<msg timestamp="20210709 21:59:48.635" level="INFO">${x} = 118</msg>
<status status="PASS" starttime="20210709 21:59:48.613" endtime="20210709 21:59:48.635"/>
</kw>
<kw name="Get Vertical Position" library="SeleniumLibrary">
<var>${y}</var>
<arg>${locator}</arg>
<doc>Returns the vertical position of the element identified by ``locator``.</doc>
<msg timestamp="20210709 21:59:48.645" level="INFO">${y} = 758</msg>
<status status="PASS" starttime="20210709 21:59:48.635" endtime="20210709 21:59:48.645"/>
</kw>
<kw name="Execute Javascript" library="SeleniumLibrary">
<arg>window.scrollTo(${x}, ${y})</arg>
<doc>Executes the given JavaScript code with possible arguments.</doc>
<msg timestamp="20210709 21:59:48.645" level="INFO">Executing JavaScript:
window.scrollTo(118, 758)
Without any arguments.</msg>
<status status="PASS" starttime="20210709 21:59:48.645" endtime="20210709 21:59:48.649"/>
</kw>
<status status="PASS" starttime="20210709 21:59:48.612" endtime="20210709 21:59:48.649"/>
</kw>
<kw name="Mouse Over" library="SeleniumLibrary">
<arg>${PRODUCT_ELEMENTS}\[${index}\]//${PRODUCT_CONTAINER}</arg>
<doc>Simulates hovering the mouse over the element ``locator``.</doc>
<msg timestamp="20210709 21:59:48.650" level="INFO">Simulating Mouse Over on element '//ul[@id="homefeatured"]/li[1]//div[@class="product-container"]'.</msg>
<status status="PASS" starttime="20210709 21:59:48.649" endtime="20210709 21:59:48.930"/>
</kw>
<kw name="Mouse Over" library="SeleniumLibrary">
<arg>${PRODUCT_ELEMENTS}\[${index}\]//${RIGHT_BLOCK}</arg>
<doc>Simulates hovering the mouse over the element ``locator``.</doc>
<msg timestamp="20210709 21:59:48.933" level="INFO">Simulating Mouse Over on element '//ul[@id="homefeatured"]/li[1]//div[@class="right-block"]'.</msg>
<status status="PASS" starttime="20210709 21:59:48.931" endtime="20210709 21:59:49.230"/>
</kw>
<kw name="Click Link" library="SeleniumLibrary">
<arg>${PRODUCT_ELEMENTS}\[${index}\]//${RIGHT_BLOCK}//a[@title="Add to cart"]</arg>
<doc>Clicks a link identified by ``locator``.</doc>
<msg timestamp="20210709 21:59:49.231" level="INFO">Clicking link '//ul[@id="homefeatured"]/li[1]//div[@class="right-block"]//a[@title="Add to cart"]'.</msg>
<status status="PASS" starttime="20210709 21:59:49.230" endtime="20210709 21:59:49.283"/>
</kw>
<status status="PASS" starttime="20210709 21:59:48.611" endtime="20210709 21:59:49.283"/>
</kw>
<kw name="Verify Successful Message" library="Popular">
<kw name="Wait Until Page Contains Element" library="SeleniumLibrary">
<arg>${VISIBLE_MESSAGE}//h2</arg>
<arg>${TIMEOUT}</arg>
<doc>Waits until the element ``locator`` appears on the current page.</doc>
<status status="PASS" starttime="20210709 21:59:49.284" endtime="20210709 21:59:50.867"/>
</kw>
<kw name="Get WebElement" library="SeleniumLibrary">
<var>${cart_message_element}</var>
<arg>${VISIBLE_MESSAGE}//h2</arg>
<doc>Returns the first WebElement matching the given ``locator``.</doc>
<msg timestamp="20210709 21:59:50.885" level="INFO">${cart_message_element} = &lt;selenium.webdriver.remote.webelement.WebElement (session="026c17d6340db5509093638874285b09", element="7fd25013-eb73-45b6-ac7a-58ac289f4c08")&gt;</msg>
<status status="PASS" starttime="20210709 21:59:50.868" endtime="20210709 21:59:50.885"/>
</kw>
<kw name="Get Text" library="SeleniumLibrary">
<var>${cart_message}</var>
<arg>${cart_message_element}</arg>
<doc>Returns the text value of the element identified by ``locator``.</doc>
<msg timestamp="20210709 21:59:50.906" level="INFO">${cart_message} = Product successfully added to your shopping cart</msg>
<status status="PASS" starttime="20210709 21:59:50.885" endtime="20210709 21:59:50.906"/>
</kw>
<kw name="Should Be Equal" library="BuiltIn">
<arg>${cart_message}</arg>
<arg>Product successfully added to your shopping cart</arg>
<doc>Fails if the given objects are unequal.</doc>
<status status="PASS" starttime="20210709 21:59:50.907" endtime="20210709 21:59:50.907"/>
</kw>
<status status="PASS" starttime="20210709 21:59:49.284" endtime="20210709 21:59:50.907"/>
</kw>
<kw name="Close Message Dialog" library="Popular">
<kw name="Click Element" library="SeleniumLibrary">
<arg>${VISIBLE_MESSAGE}//span[@title="Continue shopping"]</arg>
<doc>Click the element identified by ``locator``.</doc>
<msg timestamp="20210709 21:59:50.908" level="INFO">Clicking element '//div[@id="layer_cart" and contains(@style, "display: block")]//span[@title="Continue shopping"]'.</msg>
<status status="PASS" starttime="20210709 21:59:50.908" endtime="20210709 21:59:50.950"/>
</kw>
<kw name="Sleep" library="BuiltIn">
<arg>1s</arg>
<doc>Pauses the test executed for the given time.</doc>
<msg timestamp="20210709 21:59:51.951" level="INFO">Slept 1 second</msg>
<status status="PASS" starttime="20210709 21:59:50.950" endtime="20210709 21:59:51.951"/>
</kw>
<status status="PASS" starttime="20210709 21:59:50.907" endtime="20210709 21:59:51.952"/>
</kw>
<status status="PASS" starttime="20210709 21:59:48.610" endtime="20210709 21:59:51.953"/>
</kw>
<kw name="Navigate To Order Page" library="App">
<kw name="Navigate To Order Page" library="Cart">
<kw name="Click Link" library="SeleniumLibrary">
<arg>${SHOPPING_CART}//a[@title="View my shopping cart"]</arg>
<doc>Clicks a link identified by ``locator``.</doc>
<msg timestamp="20210709 21:59:51.957" level="INFO">Clicking link '//header[@id="header"]//div[@class="shopping_cart"]//a[@title="View my shopping cart"]'.</msg>
<status status="PASS" starttime="20210709 21:59:51.956" endtime="20210709 21:59:54.882"/>
</kw>
<status status="PASS" starttime="20210709 21:59:51.954" endtime="20210709 21:59:54.882"/>
</kw>
<kw name="Verify Order Page Is Loaded" library="Order">
<kw name="Wait Until Page Contains Element" library="SeleniumLibrary">
<arg>${ORDER_CART_SUMMARY}</arg>
<arg>${TIMEOUT}</arg>
<doc>Waits until the element ``locator`` appears on the current page.</doc>
<status status="PASS" starttime="20210709 21:59:54.883" endtime="20210709 21:59:54.895"/>
</kw>
<status status="PASS" starttime="20210709 21:59:54.882" endtime="20210709 21:59:54.896"/>
</kw>
<status status="PASS" starttime="20210709 21:59:51.953" endtime="20210709 21:59:54.896"/>
</kw>
<kw name="Complete Order With Bank Wire" library="App">
<kw name="Navigate to Checkout" library="Order">
<kw name="Wait Until Page Contains Element" library="SeleniumLibrary">
<arg>${ORDER_CHECKOUT_LINK}</arg>
<doc>Waits until the element ``locator`` appears on the current page.</doc>
<status status="PASS" starttime="20210709 21:59:54.897" endtime="20210709 21:59:54.910"/>
</kw>
<kw name="Click Link" library="SeleniumLibrary">
<arg>${ORDER_CHECKOUT_LINK}</arg>
<doc>Clicks a link identified by ``locator``.</doc>
<msg timestamp="20210709 21:59:54.911" level="INFO">Clicking link '//p[contains(@class,"cart_navigation")]//a[contains(@class, "standard-checkout")]'.</msg>
<status status="PASS" starttime="20210709 21:59:54.911" endtime="20210709 21:59:56.625"/>
</kw>
<status status="PASS" starttime="20210709 21:59:54.897" endtime="20210709 21:59:56.625"/>
</kw>
<kw name="Process Address" library="Order">
<kw name="Wait Until Page Contains Element" library="SeleniumLibrary">
<arg>${ORDER_PROCESS_ADDRESS_BUTTON}</arg>
<doc>Waits until the element ``locator`` appears on the current page.</doc>
<status status="PASS" starttime="20210709 21:59:56.626" endtime="20210709 21:59:56.640"/>
</kw>
<kw name="Click Button" library="SeleniumLibrary">
<arg>${ORDER_PROCESS_ADDRESS_BUTTON}</arg>
<doc>Clicks the button identified by ``locator``.</doc>
<msg timestamp="20210709 21:59:56.641" level="INFO">Clicking button '//form//p[contains(@class, "cart_navigation clearfix")]//button[@name="processAddress"]'.</msg>
<status status="PASS" starttime="20210709 21:59:56.641" endtime="20210709 21:59:57.851"/>
</kw>
<status status="PASS" starttime="20210709 21:59:56.625" endtime="20210709 21:59:57.851"/>
</kw>
<kw name="Process Carrier" library="Order">
<kw name="Wait Until Page Contains Element" library="SeleniumLibrary">
<arg>${ORDER_PROCESS_CARRIER_BUTTON}</arg>
<doc>Waits until the element ``locator`` appears on the current page.</doc>
<status status="PASS" starttime="20210709 21:59:57.852" endtime="20210709 21:59:57.864"/>
</kw>
<kw name="Click Element" library="SeleniumLibrary">
<arg>${ORDER_AGREEMENT_CHECKBOX}</arg>
<doc>Click the element identified by ``locator``.</doc>
<msg timestamp="20210709 21:59:57.864" level="INFO">Clicking element 'id:uniform-cgv'.</msg>
<status status="PASS" starttime="20210709 21:59:57.864" endtime="20210709 21:59:57.914"/>
</kw>
<kw name="Click Button" library="SeleniumLibrary">
<arg>${ORDER_PROCESS_CARRIER_BUTTON}</arg>
<doc>Clicks the button identified by ``locator``.</doc>
<msg timestamp="20210709 21:59:57.915" level="INFO">Clicking button '//form[@name="carrier_area"]//button[@name="processCarrier"]'.</msg>
<status status="PASS" starttime="20210709 21:59:57.914" endtime="20210709 22:00:01.325"/>
</kw>
<status status="PASS" starttime="20210709 21:59:57.851" endtime="20210709 22:00:01.326"/>
</kw>
<kw name="Pay Bank Wire" library="Order">
<kw name="Wait Until Page Contains Element" library="SeleniumLibrary">
<arg>${ORDER_PAY_BANK_WIRE_LINK}</arg>
<doc>Waits until the element ``locator`` appears on the current page.</doc>
<status status="PASS" starttime="20210709 22:00:01.328" endtime="20210709 22:00:01.356"/>
</kw>
<kw name="Click Link" library="SeleniumLibrary">
<arg>${ORDER_PAY_BANK_WIRE_LINK}</arg>
<doc>Clicks a link identified by ``locator``.</doc>
<msg timestamp="20210709 22:00:01.356" level="INFO">Clicking link '//div[@id="HOOK_PAYMENT"]//a[@title="Pay by bank wire"]'.</msg>
<status status="PASS" starttime="20210709 22:00:01.356" endtime="20210709 22:00:04.051"/>
</kw>
<status status="PASS" starttime="20210709 22:00:01.327" endtime="20210709 22:00:04.052"/>
</kw>
<kw name="Confirm Order" library="Order">
<kw name="Wait Until Page Contains Element" library="SeleniumLibrary">
<arg>${ORDER_CONFIRM_ORDER_BUTTON}</arg>
<doc>Waits until the element ``locator`` appears on the current page.</doc>
<status status="PASS" starttime="20210709 22:00:04.053" endtime="20210709 22:00:04.068"/>
</kw>
<kw name="Click Button" library="SeleniumLibrary">
<arg>${ORDER_CONFIRM_ORDER_BUTTON}</arg>
<doc>Clicks the button identified by ``locator``.</doc>
<msg timestamp="20210709 22:00:04.068" level="INFO">Clicking button '//p[@id="cart_navigation"]//button[@type="submit"]'.</msg>
<status status="PASS" starttime="20210709 22:00:04.068" endtime="20210709 22:00:07.518"/>
</kw>
<status status="PASS" starttime="20210709 22:00:04.052" endtime="20210709 22:00:07.518"/>
</kw>
<status status="PASS" starttime="20210709 21:59:54.896" endtime="20210709 22:00:07.518"/>
</kw>
<kw name="Verify &quot;My Order&quot; Page Contains Order Reference" library="App">
<kw name="Get Order Refence" library="Order">
<var>${order_reference}</var>
<kw name="Wait Until Page Contains Element" library="SeleniumLibrary">
<arg>${ORDER_COMPLETED_TEXT}</arg>
<doc>Waits until the element ``locator`` appears on the current page.</doc>
<status status="PASS" starttime="20210709 22:00:07.519" endtime="20210709 22:00:07.534"/>
</kw>
<kw name="Get Text" library="SeleniumLibrary">
<var>${text}</var>
<arg>${ORDER_COMPLETED_TEXT}</arg>
<doc>Returns the text value of the element identified by ``locator``.</doc>
<msg timestamp="20210709 22:00:07.555" level="INFO">${text} = Your order on My Store is complete.
Please send us a bank wire with
- Amount $18.51
- Name of account owner Pradeep Macharla
- Include these details xyz
- Bank name RTP
- Do not forget to insert your ...</msg>
<status status="PASS" starttime="20210709 22:00:07.534" endtime="20210709 22:00:07.555"/>
</kw>
<kw name="Evaluate" library="BuiltIn">
<var>${order_reference}</var>
<arg>re.search("order reference (.+?) in the subject of your bank wire", """${text}""").group(1)</arg>
<arg>re</arg>
<doc>Evaluates the given expression in Python and returns the result.</doc>
<msg timestamp="20210709 22:00:07.560" level="INFO">${order_reference} = VJEWEVNWW</msg>
<status status="PASS" starttime="20210709 22:00:07.556" endtime="20210709 22:00:07.560"/>
</kw>
<msg timestamp="20210709 22:00:07.560" level="INFO">${order_reference} = VJEWEVNWW</msg>
<status status="PASS" starttime="20210709 22:00:07.519" endtime="20210709 22:00:07.560"/>
</kw>
<kw name="Navigate To History (&quot;My Order&quot;) Page" library="Footer">
<kw name="Click Link" library="SeleniumLibrary">
<arg>//footer[@id="footer"]//a[contains(@href, "controller=history")]</arg>
<doc>Clicks a link identified by ``locator``.</doc>
<msg timestamp="20210709 22:00:07.561" level="INFO">Clicking link '//footer[@id="footer"]//a[contains(@href, "controller=history")]'.</msg>
<status status="PASS" starttime="20210709 22:00:07.561" endtime="20210709 22:00:09.184"/>
</kw>
<status status="PASS" starttime="20210709 22:00:07.560" endtime="20210709 22:00:09.184"/>
</kw>
<kw name="Verify Order Exists With Order Reference" library="History">
<arg>${order_reference}</arg>
<kw name="Page Should Contain Element" library="SeleniumLibrary">
<arg>//table[@id="order-list"]//a[contains(text(),"${order_reference}")]</arg>
<doc>Verifies that element ``locator`` is found on the current page.</doc>
<msg timestamp="20210709 22:00:09.204" level="INFO">Current page contains element '//table[@id="order-list"]//a[contains(text(),"VJEWEVNWW")]'.</msg>
<status status="PASS" starttime="20210709 22:00:09.185" endtime="20210709 22:00:09.204"/>
</kw>
<status status="PASS" starttime="20210709 22:00:09.184" endtime="20210709 22:00:09.204"/>
</kw>
<status status="PASS" starttime="20210709 22:00:07.518" endtime="20210709 22:00:09.204"/>
</kw>
<kw name="End Web Test" library="Common" type="TEARDOWN">
<kw name="Close Browser" library="SeleniumLibrary">
<doc>Closes the current browser.</doc>
<status status="PASS" starttime="20210709 22:00:09.205" endtime="20210709 22:00:09.265"/>
</kw>
<status status="PASS" starttime="20210709 22:00:09.205" endtime="20210709 22:00:09.265"/>
</kw>
<tag>purchase_products</tag>
<status status="PASS" starttime="20210709 21:59:31.575" endtime="20210709 22:00:09.265"/>
</test>
<status status="PASS" starttime="20210709 21:55:30.239" endtime="20210709 22:00:09.267"/>
</suite>
<status status="PASS" starttime="20210709 21:55:30.223" endtime="20210709 22:00:09.269"/>
</suite>
<statistics>
<total>
<stat pass="5" fail="0" skip="0">All Tests</stat>
</total>
<tag>
<stat pass="1" fail="0" skip="0">add_products</stat>
<stat pass="1" fail="0" skip="0">delete_products</stat>
<stat pass="1" fail="0" skip="0">purchase_products</stat>
<stat pass="1" fail="0" skip="0">register</stat>
<stat pass="1" fail="0" skip="0">search</stat>
</tag>
<suite>
<stat pass="5" fail="0" skip="0" id="s1" name="Tests">Tests</stat>
<stat pass="5" fail="0" skip="0" id="s1-s1" name="AutomationPractice">Tests.AutomationPractice</stat>
</suite>
</statistics>
<errors>
</errors>
</robot>
