<?xml version="1.0" encoding="UTF-8"?>
<robot generator="Robot 4.0.3 (Python 3.9.5 on linux)" generated="20210709 22:06:07.583" rpa="false" schemaversion="2">
<suite id="s1" name="Tests" source="/home/peter/projects/bta_group_test/Tests">
<suite id="s1-s1" name="AutomationPractice" source="/home/peter/projects/bta_group_test/Tests/AutomationPractice.robot">
<test id="s1-s1-t1" name="Should be able to register for new account">
<kw name="Begin Web Test" library="Common" type="SETUP">
<kw name="Open Browser" library="SeleniumLibrary">
<arg>about:blank</arg>
<arg>${BROWSER}</arg>
<doc>Opens a new browser instance to the optional ``url``.</doc>
<msg timestamp="20210709 22:06:07.846" level="INFO">Opening browser 'firefox' to base url 'about:blank'.</msg>
<msg timestamp="20210709 22:06:07.846" level="INFO">Firefox driver log is always forced to to: /home/peter/projects/bta_group_test/Results/geckodriver-1.log</msg>
<status status="PASS" starttime="20210709 22:06:07.845" endtime="20210709 22:06:09.941"/>
</kw>
<kw name="Set Window Size" library="SeleniumLibrary">
<arg>1200</arg>
<arg>1024</arg>
<doc>Sets current windows size to given ``width`` and ``height``.</doc>
<status status="PASS" starttime="20210709 22:06:09.941" endtime="20210709 22:06:09.956"/>
</kw>
<status status="PASS" starttime="20210709 22:06:07.844" endtime="20210709 22:06:09.956"/>
</kw>
<kw name="Get Current Date" library="DateTime">
<var>${current}</var>
<arg>result_format=%Y%m%d%H%M%S%f</arg>
<doc>Returns current local or UTC time with an optional increment.</doc>
<msg timestamp="20210709 22:06:09.957" level="INFO">${current} = 20210709220609956906</msg>
<status status="PASS" starttime="20210709 22:06:09.957" endtime="20210709 22:06:09.957"/>
</kw>
<kw name="Navigate to Home Page" library="App">
<kw name="Load" library="Home">
<arg>${BASE_URL}</arg>
<kw name="Go To" library="SeleniumLibrary">
<arg>${url}</arg>
<doc>Navigates the current browser window to the provided ``url``.</doc>
<msg timestamp="20210709 22:06:09.958" level="INFO">Opening url 'http://automationpractice.com'</msg>
<status status="PASS" starttime="20210709 22:06:09.958" endtime="20210709 22:06:23.722"/>
</kw>
<status status="PASS" starttime="20210709 22:06:09.958" endtime="20210709 22:06:23.722"/>
</kw>
<status status="PASS" starttime="20210709 22:06:09.957" endtime="20210709 22:06:23.722"/>
</kw>
<kw name="Create New Account" library="App">
<arg>john.doe${current}@johndoe.com</arg>
<arg>${USER_DATA}</arg>
<kw name="Navigate to Authentication Page" library="Authentication">
<kw name="Verify Sign In Link Is Loaded" library="NavigationBar">
<kw name="Wait Until Page Contains Element" library="SeleniumLibrary">
<arg>${SIGN_IN_LINK}</arg>
<arg>${TIMEOUT}</arg>
<doc>Waits until the element ``locator`` appears on the current page.</doc>
<status status="PASS" starttime="20210709 22:06:23.725" endtime="20210709 22:06:24.003"/>
</kw>
<status status="PASS" starttime="20210709 22:06:23.724" endtime="20210709 22:06:24.003"/>
</kw>
<kw name="Click Sign In Button" library="NavigationBar">
<kw name="Click Link" library="SeleniumLibrary">
<arg>${SIGN_IN_LINK}</arg>
<doc>Clicks a link identified by ``locator``.</doc>
<msg timestamp="20210709 22:06:24.004" level="INFO">Clicking link 'link:Sign in'.</msg>
<status status="PASS" starttime="20210709 22:06:24.003" endtime="20210709 22:06:29.444"/>
</kw>
<status status="PASS" starttime="20210709 22:06:24.003" endtime="20210709 22:06:29.444"/>
</kw>
<status status="PASS" starttime="20210709 22:06:23.723" endtime="20210709 22:06:29.444"/>
</kw>
<kw name="Verify Registration Controls Are Loaded" library="Authentication">
<kw name="Wait Until Page Contains Element" library="SeleniumLibrary">
<arg>${AUTHENTICATION_EMAIL_CREATE}</arg>
<arg>${TIMEOUT}</arg>
<doc>Waits until the element ``locator`` appears on the current page.</doc>
<status status="PASS" starttime="20210709 22:06:29.445" endtime="20210709 22:06:34.071"/>
</kw>
<kw name="Wait Until Page Contains Element" library="SeleniumLibrary">
<arg>${AUTHENTICATION_SUBMIT_CREATE}</arg>
<arg>${TIMEOUT}</arg>
<doc>Waits until the element ``locator`` appears on the current page.</doc>
<status status="PASS" starttime="20210709 22:06:34.072" endtime="20210709 22:06:34.075"/>
</kw>
<status status="PASS" starttime="20210709 22:06:29.445" endtime="20210709 22:06:34.076"/>
</kw>
<kw name="Fill New &quot;Email Address&quot;" library="Authentication">
<arg>${email}</arg>
<kw name="Input Text" library="SeleniumLibrary">
<arg>${AUTHENTICATION_EMAIL_CREATE}</arg>
<arg>${email}</arg>
<doc>Types the given ``text`` into the text field identified by ``locator``.</doc>
<msg timestamp="20210709 22:06:34.077" level="INFO">Typing text 'john.doe20210709220609956906@johndoe.com' into text field 'id:email_create'.</msg>
<status status="PASS" starttime="20210709 22:06:34.076" endtime="20210709 22:06:34.153"/>
</kw>
<status status="PASS" starttime="20210709 22:06:34.076" endtime="20210709 22:06:34.153"/>
</kw>
<kw name="Submit Account Creation Form" library="Authentication">
<kw name="Click Button" library="SeleniumLibrary">
<arg>${AUTHENTICATION_SUBMIT_CREATE}</arg>
<doc>Clicks the button identified by ``locator``.</doc>
<msg timestamp="20210709 22:06:34.155" level="INFO">Clicking button 'id:SubmitCreate'.</msg>
<status status="PASS" starttime="20210709 22:06:34.154" endtime="20210709 22:06:34.411"/>
</kw>
<status status="PASS" starttime="20210709 22:06:34.153" endtime="20210709 22:06:34.411"/>
</kw>
<kw name="Verify Registration Form Is Loaded" library="Account Creation">
<for flavor="IN">
<var>${item}</var>
<value>&amp;{ACCOUNT_CREATION}</value>
<iter>
<var name="${item}">('customer_firstname', 'id:customer_firstname')</var>
<kw name="Wait Until Page Contains Element" library="SeleniumLibrary">
<arg>${item}[1]</arg>
<arg>${TIMEOUT}</arg>
<doc>Waits until the element ``locator`` appears on the current page.</doc>
<status status="PASS" starttime="20210709 22:06:34.412" endtime="20210709 22:06:40.371"/>
</kw>
<status status="PASS" starttime="20210709 22:06:34.412" endtime="20210709 22:06:40.371"/>
</iter>
<iter>
<var name="${item}">('customer_lastname', 'id:customer_lastname')</var>
<kw name="Wait Until Page Contains Element" library="SeleniumLibrary">
<arg>${item}[1]</arg>
<arg>${TIMEOUT}</arg>
<doc>Waits until the element ``locator`` appears on the current page.</doc>
<status status="PASS" starttime="20210709 22:06:40.372" endtime="20210709 22:06:40.378"/>
</kw>
<status status="PASS" starttime="20210709 22:06:40.371" endtime="20210709 22:06:40.378"/>
</iter>
<iter>
<var name="${item}">('email', 'id:email')</var>
<kw name="Wait Until Page Contains Element" library="SeleniumLibrary">
<arg>${item}[1]</arg>
<arg>${TIMEOUT}</arg>
<doc>Waits until the element ``locator`` appears on the current page.</doc>
<status status="PASS" starttime="20210709 22:06:40.379" endtime="20210709 22:06:40.392"/>
</kw>
<status status="PASS" starttime="20210709 22:06:40.379" endtime="20210709 22:06:40.392"/>
</iter>
<iter>
<var name="${item}">('password', 'id:passwd')</var>
<kw name="Wait Until Page Contains Element" library="SeleniumLibrary">
<arg>${item}[1]</arg>
<arg>${TIMEOUT}</arg>
<doc>Waits until the element ``locator`` appears on the current page.</doc>
<status status="PASS" starttime="20210709 22:06:40.392" endtime="20210709 22:06:40.401"/>
</kw>
<status status="PASS" starttime="20210709 22:06:40.392" endtime="20210709 22:06:40.401"/>
</iter>
<iter>
<var name="${item}">('days', 'id:days')</var>
<kw name="Wait Until Page Contains Element" library="SeleniumLibrary">
<arg>${item}[1]</arg>
<arg>${TIMEOUT}</arg>
<doc>Waits until the element ``locator`` appears on the current page.</doc>
<status status="PASS" starttime="20210709 22:06:40.402" endtime="20210709 22:06:40.409"/>
</kw>
<status status="PASS" starttime="20210709 22:06:40.402" endtime="20210709 22:06:40.409"/>
</iter>
<iter>
<var name="${item}">('months', 'id:months')</var>
<kw name="Wait Until Page Contains Element" library="SeleniumLibrary">
<arg>${item}[1]</arg>
<arg>${TIMEOUT}</arg>
<doc>Waits until the element ``locator`` appears on the current page.</doc>
<status status="PASS" starttime="20210709 22:06:40.410" endtime="20210709 22:06:40.419"/>
</kw>
<status status="PASS" starttime="20210709 22:06:40.409" endtime="20210709 22:06:40.419"/>
</iter>
<iter>
<var name="${item}">('years', 'id:years')</var>
<kw name="Wait Until Page Contains Element" library="SeleniumLibrary">
<arg>${item}[1]</arg>
<arg>${TIMEOUT}</arg>
<doc>Waits until the element ``locator`` appears on the current page.</doc>
<status status="PASS" starttime="20210709 22:06:40.420" endtime="20210709 22:06:40.427"/>
</kw>
<status status="PASS" starttime="20210709 22:06:40.420" endtime="20210709 22:06:40.427"/>
</iter>
<iter>
<var name="${item}">('firstname', 'id:firstname')</var>
<kw name="Wait Until Page Contains Element" library="SeleniumLibrary">
<arg>${item}[1]</arg>
<arg>${TIMEOUT}</arg>
<doc>Waits until the element ``locator`` appears on the current page.</doc>
<status status="PASS" starttime="20210709 22:06:40.428" endtime="20210709 22:06:40.447"/>
</kw>
<status status="PASS" starttime="20210709 22:06:40.428" endtime="20210709 22:06:40.448"/>
</iter>
<iter>
<var name="${item}">('lastname', 'id:lastname')</var>
<kw name="Wait Until Page Contains Element" library="SeleniumLibrary">
<arg>${item}[1]</arg>
<arg>${TIMEOUT}</arg>
<doc>Waits until the element ``locator`` appears on the current page.</doc>
<status status="PASS" starttime="20210709 22:06:40.448" endtime="20210709 22:06:40.454"/>
</kw>
<status status="PASS" starttime="20210709 22:06:40.448" endtime="20210709 22:06:40.454"/>
</iter>
<iter>
<var name="${item}">('address1', 'id:address1')</var>
<kw name="Wait Until Page Contains Element" library="SeleniumLibrary">
<arg>${item}[1]</arg>
<arg>${TIMEOUT}</arg>
<doc>Waits until the element ``locator`` appears on the current page.</doc>
<status status="PASS" starttime="20210709 22:06:40.455" endtime="20210709 22:06:40.459"/>
</kw>
<status status="PASS" starttime="20210709 22:06:40.455" endtime="20210709 22:06:40.459"/>
</iter>
<iter>
<var name="${item}">('city', 'id:city')</var>
<kw name="Wait Until Page Contains Element" library="SeleniumLibrary">
<arg>${item}[1]</arg>
<arg>${TIMEOUT}</arg>
<doc>Waits until the element ``locator`` appears on the current page.</doc>
<status status="PASS" starttime="20210709 22:06:40.459" endtime="20210709 22:06:40.463"/>
</kw>
<status status="PASS" starttime="20210709 22:06:40.459" endtime="20210709 22:06:40.463"/>
</iter>
<iter>
<var name="${item}">('state', 'id:id_state')</var>
<kw name="Wait Until Page Contains Element" library="SeleniumLibrary">
<arg>${item}[1]</arg>
<arg>${TIMEOUT}</arg>
<doc>Waits until the element ``locator`` appears on the current page.</doc>
<status status="PASS" starttime="20210709 22:06:40.464" endtime="20210709 22:06:40.469"/>
</kw>
<status status="PASS" starttime="20210709 22:06:40.464" endtime="20210709 22:06:40.470"/>
</iter>
<iter>
<var name="${item}">('postcode', 'id:postcode')</var>
<kw name="Wait Until Page Contains Element" library="SeleniumLibrary">
<arg>${item}[1]</arg>
<arg>${TIMEOUT}</arg>
<doc>Waits until the element ``locator`` appears on the current page.</doc>
<status status="PASS" starttime="20210709 22:06:40.470" endtime="20210709 22:06:40.474"/>
</kw>
<status status="PASS" starttime="20210709 22:06:40.470" endtime="20210709 22:06:40.474"/>
</iter>
<iter>
<var name="${item}">('country', 'id:id_country')</var>
<kw name="Wait Until Page Contains Element" library="SeleniumLibrary">
<arg>${item}[1]</arg>
<arg>${TIMEOUT}</arg>
<doc>Waits until the element ``locator`` appears on the current page.</doc>
<status status="PASS" starttime="20210709 22:06:40.475" endtime="20210709 22:06:40.479"/>
</kw>
<status status="PASS" starttime="20210709 22:06:40.475" endtime="20210709 22:06:40.479"/>
</iter>
<iter>
<var name="${item}">('phone_mobile', 'id:phone_mobile')</var>
<kw name="Wait Until Page Contains Element" library="SeleniumLibrary">
<arg>${item}[1]</arg>
<arg>${TIMEOUT}</arg>
<doc>Waits until the element ``locator`` appears on the current page.</doc>
<status status="PASS" starttime="20210709 22:06:40.479" endtime="20210709 22:06:40.485"/>
</kw>
<status status="PASS" starttime="20210709 22:06:40.479" endtime="20210709 22:06:40.485"/>
</iter>
<iter>
<var name="${item}">('alias', 'id:alias')</var>
<kw name="Wait Until Page Contains Element" library="SeleniumLibrary">
<arg>${item}[1]</arg>
<arg>${TIMEOUT}</arg>
<doc>Waits until the element ``locator`` appears on the current page.</doc>
<status status="PASS" starttime="20210709 22:06:40.485" endtime="20210709 22:06:40.490"/>
</kw>
<status status="PASS" starttime="20210709 22:06:40.485" endtime="20210709 22:06:40.490"/>
</iter>
<iter>
<var name="${item}">('submitAccount', 'submitAccount')</var>
<kw name="Wait Until Page Contains Element" library="SeleniumLibrary">
<arg>${item}[1]</arg>
<arg>${TIMEOUT}</arg>
<doc>Waits until the element ``locator`` appears on the current page.</doc>
<status status="PASS" starttime="20210709 22:06:40.490" endtime="20210709 22:06:40.494"/>
</kw>
<status status="PASS" starttime="20210709 22:06:40.490" endtime="20210709 22:06:40.494"/>
</iter>
<status status="PASS" starttime="20210709 22:06:34.412" endtime="20210709 22:06:40.495"/>
</for>
<status status="PASS" starttime="20210709 22:06:34.411" endtime="20210709 22:06:40.495"/>
</kw>
<kw name="Fill Personal Information" library="Account Creation">
<arg>${user_data}</arg>
<arg>${email}</arg>
<kw name="Fill &quot;First Name&quot;" library="Account Creation">
<arg>${user_data.firstname}</arg>
<kw name="Input Text" library="SeleniumLibrary">
<arg>${ACCOUNT_CREATION.customer_firstname}</arg>
<arg>${firstname}</arg>
<doc>Types the given ``text`` into the text field identified by ``locator``.</doc>
<msg timestamp="20210709 22:06:40.499" level="INFO">Typing text 'John' into text field 'id:customer_firstname'.</msg>
<status status="PASS" starttime="20210709 22:06:40.497" endtime="20210709 22:06:40.518"/>
</kw>
<status status="PASS" starttime="20210709 22:06:40.496" endtime="20210709 22:06:40.518"/>
</kw>
<kw name="Fill &quot;Last Name&quot;" library="Account Creation">
<arg>${user_data.lastname}</arg>
<kw name="Input Text" library="SeleniumLibrary">
<arg>${ACCOUNT_CREATION.customer_lastname}</arg>
<arg>${lastname}</arg>
<doc>Types the given ``text`` into the text field identified by ``locator``.</doc>
<msg timestamp="20210709 22:06:40.522" level="INFO">Typing text 'Doe' into text field 'id:customer_lastname'.</msg>
<status status="PASS" starttime="20210709 22:06:40.521" endtime="20210709 22:06:40.543"/>
</kw>
<status status="PASS" starttime="20210709 22:06:40.519" endtime="20210709 22:06:40.543"/>
</kw>
<kw name="Fill &quot;Email&quot;" library="Account Creation">
<arg>${email}</arg>
<kw name="Input Text" library="SeleniumLibrary">
<arg>${ACCOUNT_CREATION.email}</arg>
<arg>${email}</arg>
<doc>Types the given ``text`` into the text field identified by ``locator``.</doc>
<msg timestamp="20210709 22:06:40.545" level="INFO">Typing text 'john.doe20210709220609956906@johndoe.com' into text field 'id:email'.</msg>
<status status="PASS" starttime="20210709 22:06:40.544" endtime="20210709 22:06:40.602"/>
</kw>
<status status="PASS" starttime="20210709 22:06:40.543" endtime="20210709 22:06:40.602"/>
</kw>
<kw name="Fill &quot;Password&quot;" library="Account Creation">
<arg>${user_data.password}</arg>
<kw name="Input Password" library="SeleniumLibrary">
<arg>${ACCOUNT_CREATION.password}</arg>
<arg>${password}</arg>
<doc>Types the given password into the text field identified by ``locator``.</doc>
<msg timestamp="20210709 22:06:40.605" level="INFO">Typing password into text field 'id:passwd'.</msg>
<msg timestamp="20210709 22:06:40.611" level="INFO">Temporally setting log level to: NONE</msg>
<msg timestamp="20210709 22:06:40.627" level="INFO">Log level changed from NONE to INFO.</msg>
<status status="PASS" starttime="20210709 22:06:40.604" endtime="20210709 22:06:40.627"/>
</kw>
<status status="PASS" starttime="20210709 22:06:40.602" endtime="20210709 22:06:40.627"/>
</kw>
<kw name="Select &quot;Date of Birth&quot;" library="Account Creation">
<arg>${user_data.dob_days}</arg>
<arg>${user_data.dob_months}</arg>
<arg>${user_data.dob_year}</arg>
<kw name="Select From List By Value" library="SeleniumLibrary">
<arg>${ACCOUNT_CREATION.days}</arg>
<arg>${dob_days}</arg>
<doc>Selects options from selection list ``locator`` by ``values``.</doc>
<msg timestamp="20210709 22:06:40.632" level="INFO">Selecting options from selection list 'id:days' by value 6.</msg>
<status status="PASS" starttime="20210709 22:06:40.630" endtime="20210709 22:06:40.871"/>
</kw>
<kw name="Select From List By Value" library="SeleniumLibrary">
<arg>${ACCOUNT_CREATION.months}</arg>
<arg>${dob_months}</arg>
<doc>Selects options from selection list ``locator`` by ``values``.</doc>
<msg timestamp="20210709 22:06:40.873" level="INFO">Selecting options from selection list 'id:months' by value 1.</msg>
<status status="PASS" starttime="20210709 22:06:40.871" endtime="20210709 22:06:41.130"/>
</kw>
<kw name="Select From List By Value" library="SeleniumLibrary">
<arg>${ACCOUNT_CREATION.years}</arg>
<arg>${dob_years}</arg>
<doc>Selects options from selection list ``locator`` by ``values``.</doc>
<msg timestamp="20210709 22:06:41.137" level="INFO">Selecting options from selection list 'id:years' by value 1981.</msg>
<status status="PASS" starttime="20210709 22:06:41.131" endtime="20210709 22:06:41.424"/>
</kw>
<status status="PASS" starttime="20210709 22:06:40.627" endtime="20210709 22:06:41.424"/>
</kw>
<status status="PASS" starttime="20210709 22:06:40.495" endtime="20210709 22:06:41.424"/>
</kw>
<kw name="Fill Address Details" library="Account Creation">
<arg>${user_data}</arg>
<kw name="Fill &quot;First Name&quot; (Address)" library="Account Creation">
<arg>${user_data.firstname}</arg>
<kw name="Input Text" library="SeleniumLibrary">
<arg>${ACCOUNT_CREATION.firstname}</arg>
<arg>${firstname}</arg>
<doc>Types the given ``text`` into the text field identified by ``locator``.</doc>
<msg timestamp="20210709 22:06:41.427" level="INFO">Typing text 'John' into text field 'id:firstname'.</msg>
<status status="PASS" starttime="20210709 22:06:41.426" endtime="20210709 22:06:41.449"/>
</kw>
<status status="PASS" starttime="20210709 22:06:41.425" endtime="20210709 22:06:41.449"/>
</kw>
<kw name="Fill &quot;Last Name&quot; (Address)" library="Account Creation">
<arg>${user_data.lastname}</arg>
<kw name="Input Text" library="SeleniumLibrary">
<arg>${ACCOUNT_CREATION.lastname}</arg>
<arg>${lastname}</arg>
<doc>Types the given ``text`` into the text field identified by ``locator``.</doc>
<msg timestamp="20210709 22:06:41.452" level="INFO">Typing text 'Doe' into text field 'id:lastname'.</msg>
<status status="PASS" starttime="20210709 22:06:41.451" endtime="20210709 22:06:41.473"/>
</kw>
<status status="PASS" starttime="20210709 22:06:41.450" endtime="20210709 22:06:41.473"/>
</kw>
<kw name="Fill &quot;Address&quot;" library="Account Creation">
<arg>${user_data.address}</arg>
<kw name="Input Text" library="SeleniumLibrary">
<arg>${ACCOUNT_CREATION.address1}</arg>
<arg>${address}</arg>
<doc>Types the given ``text`` into the text field identified by ``locator``.</doc>
<msg timestamp="20210709 22:06:41.475" level="INFO">Typing text 'Yukon Ave N' into text field 'id:address1'.</msg>
<status status="PASS" starttime="20210709 22:06:41.474" endtime="20210709 22:06:41.499"/>
</kw>
<status status="PASS" starttime="20210709 22:06:41.473" endtime="20210709 22:06:41.499"/>
</kw>
<kw name="Fill &quot;City&quot;" library="Account Creation">
<arg>${user_data.city}</arg>
<kw name="Input Text" library="SeleniumLibrary">
<arg>${ACCOUNT_CREATION.city}</arg>
<arg>${city}</arg>
<doc>Types the given ``text`` into the text field identified by ``locator``.</doc>
<msg timestamp="20210709 22:06:41.502" level="INFO">Typing text 'Minneapolis' into text field 'id:city'.</msg>
<status status="PASS" starttime="20210709 22:06:41.501" endtime="20210709 22:06:41.525"/>
</kw>
<status status="PASS" starttime="20210709 22:06:41.500" endtime="20210709 22:06:41.525"/>
</kw>
<kw name="Select &quot;State&quot;" library="Account Creation">
<arg>${user_data.state}</arg>
<kw name="Select From List By Label" library="SeleniumLibrary">
<arg>${ACCOUNT_CREATION.state}</arg>
<arg>${state}</arg>
<doc>Selects options from selection list ``locator`` by ``labels``.</doc>
<msg timestamp="20210709 22:06:41.527" level="INFO">Selecting options from selection list 'id:id_state' by label Minnesota.</msg>
<status status="PASS" starttime="20210709 22:06:41.526" endtime="20210709 22:06:41.770"/>
</kw>
<status status="PASS" starttime="20210709 22:06:41.525" endtime="20210709 22:06:41.771"/>
</kw>
<kw name="Fill &quot;Zip/Postal Code&quot;" library="Account Creation">
<arg>${user_data.postcode}</arg>
<kw name="Input Text" library="SeleniumLibrary">
<arg>${ACCOUNT_CREATION.postcode}</arg>
<arg>${postcode}</arg>
<doc>Types the given ``text`` into the text field identified by ``locator``.</doc>
<msg timestamp="20210709 22:06:41.781" level="INFO">Typing text '55404' into text field 'id:postcode'.</msg>
<status status="PASS" starttime="20210709 22:06:41.777" endtime="20210709 22:06:41.825"/>
</kw>
<status status="PASS" starttime="20210709 22:06:41.771" endtime="20210709 22:06:41.825"/>
</kw>
<kw name="Select &quot;Country&quot;" library="Account Creation">
<arg>${user_data.country}</arg>
<kw name="Select From List By Label" library="SeleniumLibrary">
<arg>${ACCOUNT_CREATION.country}</arg>
<arg>${country}</arg>
<doc>Selects options from selection list ``locator`` by ``labels``.</doc>
<msg timestamp="20210709 22:06:41.829" level="INFO">Selecting options from selection list 'id:id_country' by label United States.</msg>
<status status="PASS" starttime="20210709 22:06:41.828" endtime="20210709 22:06:41.853"/>
</kw>
<status status="PASS" starttime="20210709 22:06:41.825" endtime="20210709 22:06:41.853"/>
</kw>
<kw name="Fill &quot;Mobile Phone&quot;" library="Account Creation">
<arg>${user_data.phone}</arg>
<kw name="Input Text" library="SeleniumLibrary">
<arg>${ACCOUNT_CREATION.phone_mobile}</arg>
<arg>${phone}</arg>
<doc>Types the given ``text`` into the text field identified by ``locator``.</doc>
<msg timestamp="20210709 22:06:41.856" level="INFO">Typing text '+1 612 555 6666' into text field 'id:phone_mobile'.</msg>
<status status="PASS" starttime="20210709 22:06:41.855" endtime="20210709 22:06:41.883"/>
</kw>
<status status="PASS" starttime="20210709 22:06:41.854" endtime="20210709 22:06:41.883"/>
</kw>
<kw name="Fill &quot;Address Alias&quot;" library="Account Creation">
<arg>${user_data.alias}</arg>
<kw name="Input Text" library="SeleniumLibrary">
<arg>${ACCOUNT_CREATION.alias}</arg>
<arg>${alias}</arg>
<doc>Types the given ``text`` into the text field identified by ``locator``.</doc>
<msg timestamp="20210709 22:06:41.886" level="INFO">Typing text 'home' into text field 'id:alias'.</msg>
<status status="PASS" starttime="20210709 22:06:41.885" endtime="20210709 22:06:41.907"/>
</kw>
<status status="PASS" starttime="20210709 22:06:41.883" endtime="20210709 22:06:41.908"/>
</kw>
<status status="PASS" starttime="20210709 22:06:41.425" endtime="20210709 22:06:41.908"/>
</kw>
<kw name="Submit Account Creation Form" library="Account Creation">
<kw name="Click Button" library="SeleniumLibrary">
<arg>${ACCOUNT_CREATION.submitAccount}</arg>
<doc>Clicks the button identified by ``locator``.</doc>
<msg timestamp="20210709 22:06:41.909" level="INFO">Clicking button 'submitAccount'.</msg>
<status status="PASS" starttime="20210709 22:06:41.908" endtime="20210709 22:06:47.143"/>
</kw>
<status status="PASS" starttime="20210709 22:06:41.908" endtime="20210709 22:06:47.144"/>
</kw>
<status status="PASS" starttime="20210709 22:06:23.723" endtime="20210709 22:06:47.144"/>
</kw>
<kw name="Verify User Is Signed In" library="App">
<arg>${USER_DATA}</arg>
<kw name="Verify Actual Page Is &quot;My Account&quot;" library="My Account">
<kw name="Wait Until Location Is" library="SeleniumLibrary">
<arg>${BASEURL}/index.php?controller=my-account</arg>
<arg>${TIMEOUT}</arg>
<doc>Waits until the current URL is ``expected``.</doc>
<status status="PASS" starttime="20210709 22:06:47.150" endtime="20210709 22:06:51.067"/>
</kw>
<status status="PASS" starttime="20210709 22:06:47.148" endtime="20210709 22:06:51.067"/>
</kw>
<kw name="Verify User Is Signed In" library="NavigationBar">
<arg>${user_data.firstname}</arg>
<arg>${user_data.lastname}</arg>
<kw name="Wait Until Page Contains Element" library="SeleniumLibrary">
<arg>${NAVIGATION_BAR_ACCOUNT}</arg>
<arg>${TIMEOUT}</arg>
<doc>Waits until the element ``locator`` appears on the current page.</doc>
<status status="PASS" starttime="20210709 22:06:51.069" endtime="20210709 22:06:51.349"/>
</kw>
<kw name="Element Text Should Be" library="SeleniumLibrary">
<arg>${NAVIGATION_BAR_ACCOUNT}</arg>
<arg>${firstname} ${lastname}</arg>
<doc>Verifies that element ``locator`` contains exact the text ``expected``.</doc>
<msg timestamp="20210709 22:06:51.350" level="INFO">Verifying element 'xpath=//*[@id="header"]//a[@class='account']' contains exact text 'John Doe'.</msg>
<status status="PASS" starttime="20210709 22:06:51.349" endtime="20210709 22:06:51.413"/>
</kw>
<status status="PASS" starttime="20210709 22:06:51.067" endtime="20210709 22:06:51.414"/>
</kw>
<status status="PASS" starttime="20210709 22:06:47.145" endtime="20210709 22:06:51.414"/>
</kw>
<kw name="End Web Test" library="Common" type="TEARDOWN">
<kw name="Close Browser" library="SeleniumLibrary">
<doc>Closes the current browser.</doc>
<status status="PASS" starttime="20210709 22:06:51.415" endtime="20210709 22:06:51.823"/>
</kw>
<status status="PASS" starttime="20210709 22:06:51.414" endtime="20210709 22:06:51.823"/>
</kw>
<tag>register</tag>
<status status="PASS" starttime="20210709 22:06:07.843" endtime="20210709 22:06:51.823"/>
</test>
<test id="s1-s1-t2" name="Should be able to search for products">
<kw name="Begin Web Test" library="Common" type="SETUP">
<kw name="Open Browser" library="SeleniumLibrary">
<arg>about:blank</arg>
<arg>${BROWSER}</arg>
<doc>Opens a new browser instance to the optional ``url``.</doc>
<msg timestamp="20210709 22:06:51.825" level="INFO">Opening browser 'firefox' to base url 'about:blank'.</msg>
<msg timestamp="20210709 22:06:51.825" level="INFO">Firefox driver log is always forced to to: /home/peter/projects/bta_group_test/Results/geckodriver-2.log</msg>
<status status="PASS" starttime="20210709 22:06:51.825" endtime="20210709 22:06:53.829"/>
</kw>
<kw name="Set Window Size" library="SeleniumLibrary">
<arg>1200</arg>
<arg>1024</arg>
<doc>Sets current windows size to given ``width`` and ``height``.</doc>
<status status="PASS" starttime="20210709 22:06:53.829" endtime="20210709 22:06:53.864"/>
</kw>
<status status="PASS" starttime="20210709 22:06:51.824" endtime="20210709 22:06:53.864"/>
</kw>
<kw name="Navigate to Home Page" library="App">
<kw name="Load" library="Home">
<arg>${BASE_URL}</arg>
<kw name="Go To" library="SeleniumLibrary">
<arg>${url}</arg>
<doc>Navigates the current browser window to the provided ``url``.</doc>
<msg timestamp="20210709 22:06:53.866" level="INFO">Opening url 'http://automationpractice.com'</msg>
<status status="PASS" starttime="20210709 22:06:53.866" endtime="20210709 22:07:07.301"/>
</kw>
<status status="PASS" starttime="20210709 22:06:53.866" endtime="20210709 22:07:07.302"/>
</kw>
<status status="PASS" starttime="20210709 22:06:53.865" endtime="20210709 22:07:07.302"/>
</kw>
<kw name="Search For Products" library="App">
<arg>${SEARCH_TERM}</arg>
<kw name="Verify Search Controls Are Loaded" library="SearchBar">
<kw name="Wait Until Page Contains Element" library="SeleniumLibrary">
<arg>${SEARCHBAR_SEARCH_INPUT}</arg>
<arg>${TIMEOUT}</arg>
<doc>Waits until the element ``locator`` appears on the current page.</doc>
<status status="PASS" starttime="20210709 22:07:07.303" endtime="20210709 22:07:07.341"/>
</kw>
<kw name="Wait Until Page Contains Element" library="SeleniumLibrary">
<arg>${SEARCHBAR_SEARCH_FORM}</arg>
<arg>${TIMEOUT}</arg>
<doc>Waits until the element ``locator`` appears on the current page.</doc>
<status status="PASS" starttime="20210709 22:07:07.341" endtime="20210709 22:07:07.374"/>
</kw>
<status status="PASS" starttime="20210709 22:07:07.303" endtime="20210709 22:07:07.374"/>
</kw>
<kw name="Search For Products" library="SearchBar">
<arg>${search_term}</arg>
<kw name="Input Text" library="SeleniumLibrary">
<arg>${SEARCHBAR_SEARCH_INPUT}</arg>
<arg>${search_term}</arg>
<doc>Types the given ``text`` into the text field identified by ``locator``.</doc>
<msg timestamp="20210709 22:07:07.375" level="INFO">Typing text 'Printed' into text field 'id:search_query_top'.</msg>
<status status="PASS" starttime="20210709 22:07:07.375" endtime="20210709 22:07:07.412"/>
</kw>
<kw name="Submit Form" library="SeleniumLibrary">
<arg>${SEARCHBAR_SEARCH_FORM}</arg>
<doc>Submits a form identified by ``locator``.</doc>
<msg timestamp="20210709 22:07:07.413" level="INFO">Submitting form 'id:searchbox'.</msg>
<status status="PASS" starttime="20210709 22:07:07.413" endtime="20210709 22:07:07.455"/>
</kw>
<status status="PASS" starttime="20210709 22:07:07.374" endtime="20210709 22:07:07.456"/>
</kw>
<status status="PASS" starttime="20210709 22:07:07.302" endtime="20210709 22:07:07.456"/>
</kw>
<kw name="Verify Search Results" library="App">
<arg>${SEARCH_TERM}</arg>
<kw name="Verify Results Contains Products" library="Search Results">
<arg>${search_term}</arg>
<kw name="Wait Until Location Contains" library="SeleniumLibrary">
<arg>search_query=Printed</arg>
<arg>${TIMEOUT}</arg>
<doc>Waits until the current URL contains ``expected``.</doc>
<status status="PASS" starttime="20210709 22:07:07.458" endtime="20210709 22:07:14.220"/>
</kw>
<kw name="Wait Until Page Contains Element" library="SeleniumLibrary">
<arg>${PRODUCT_LIST}</arg>
<arg>${TIMEOUT}</arg>
<doc>Waits until the element ``locator`` appears on the current page.</doc>
<status status="PASS" starttime="20210709 22:07:14.220" endtime="20210709 22:07:14.642"/>
</kw>
<kw name="Get WebElements" library="SeleniumLibrary">
<var>${elements}</var>
<arg>${PRODUCT_LIST}//a[@class="product-name"]</arg>
<doc>Returns a list of WebElement objects matching the ``locator``.</doc>
<msg timestamp="20210709 22:07:14.653" level="INFO">${elements} = [&lt;selenium.webdriver.firefox.webelement.FirefoxWebElement (session="171d4f8f-8f00-48b9-8855-dc0cdbc5f5dc", element="f92472ad-b484-46d9-a4fc-2f3f285535ad")&gt;, &lt;selenium.webdriver.firefox.webelement.Fire...</msg>
<status status="PASS" starttime="20210709 22:07:14.642" endtime="20210709 22:07:14.653"/>
</kw>
<kw name="Get Length" library="BuiltIn">
<var>${count}</var>
<arg>${elements}</arg>
<doc>Returns and logs the length of the given item as an integer.</doc>
<msg timestamp="20210709 22:07:14.654" level="INFO">Length is 5</msg>
<msg timestamp="20210709 22:07:14.655" level="INFO">${count} = 5</msg>
<status status="PASS" starttime="20210709 22:07:14.653" endtime="20210709 22:07:14.655"/>
</kw>
<kw name="Should Be True" library="BuiltIn">
<arg>${count} &gt; 0</arg>
<doc>Fails if the given condition is not true.</doc>
<status status="PASS" starttime="20210709 22:07:14.655" endtime="20210709 22:07:14.656"/>
</kw>
<for flavor="IN">
<var>${element}</var>
<value>@{elements}</value>
<iter>
<var name="${element}">&lt;selenium.webdriver.firefox.webelement.FirefoxWebElement (session="171d4f8f-8f00-48b9-8855-dc0cdbc5f5dc", element="f92472ad-b484-46d9-a4fc-2f3f285535ad")&gt;</var>
<kw name="Should Contain" library="BuiltIn">
<arg>${element.text}</arg>
<arg>${search_term}</arg>
<doc>Fails if ``container`` does not contain ``item`` one or more times.</doc>
<status status="PASS" starttime="20210709 22:07:14.656" endtime="20210709 22:07:14.687"/>
</kw>
<status status="PASS" starttime="20210709 22:07:14.656" endtime="20210709 22:07:14.688"/>
</iter>
<iter>
<var name="${element}">&lt;selenium.webdriver.firefox.webelement.FirefoxWebElement (session="171d4f8f-8f00-48b9-8855-dc0cdbc5f5dc", element="df2bebd6-99e7-4fc7-8e67-1ba33f78c3f8")&gt;</var>
<kw name="Should Contain" library="BuiltIn">
<arg>${element.text}</arg>
<arg>${search_term}</arg>
<doc>Fails if ``container`` does not contain ``item`` one or more times.</doc>
<status status="PASS" starttime="20210709 22:07:14.688" endtime="20210709 22:07:14.700"/>
</kw>
<status status="PASS" starttime="20210709 22:07:14.688" endtime="20210709 22:07:14.700"/>
</iter>
<iter>
<var name="${element}">&lt;selenium.webdriver.firefox.webelement.FirefoxWebElement (session="171d4f8f-8f00-48b9-8855-dc0cdbc5f5dc", element="7dbb5129-6f78-45e7-9290-09f8ea50cf57")&gt;</var>
<kw name="Should Contain" library="BuiltIn">
<arg>${element.text}</arg>
<arg>${search_term}</arg>
<doc>Fails if ``container`` does not contain ``item`` one or more times.</doc>
<status status="PASS" starttime="20210709 22:07:14.701" endtime="20210709 22:07:14.774"/>
</kw>
<status status="PASS" starttime="20210709 22:07:14.700" endtime="20210709 22:07:14.775"/>
</iter>
<iter>
<var name="${element}">&lt;selenium.webdriver.firefox.webelement.FirefoxWebElement (session="171d4f8f-8f00-48b9-8855-dc0cdbc5f5dc", element="5333edd9-8e8c-4a25-b1a7-773d1c861887")&gt;</var>
<kw name="Should Contain" library="BuiltIn">
<arg>${element.text}</arg>
<arg>${search_term}</arg>
<doc>Fails if ``container`` does not contain ``item`` one or more times.</doc>
<status status="PASS" starttime="20210709 22:07:14.775" endtime="20210709 22:07:14.805"/>
</kw>
<status status="PASS" starttime="20210709 22:07:14.775" endtime="20210709 22:07:14.805"/>
</iter>
<iter>
<var name="${element}">&lt;selenium.webdriver.firefox.webelement.FirefoxWebElement (session="171d4f8f-8f00-48b9-8855-dc0cdbc5f5dc", element="0d60c627-204a-4d68-bcf6-5321b228323f")&gt;</var>
<kw name="Should Contain" library="BuiltIn">
<arg>${element.text}</arg>
<arg>${search_term}</arg>
<doc>Fails if ``container`` does not contain ``item`` one or more times.</doc>
<status status="PASS" starttime="20210709 22:07:14.805" endtime="20210709 22:07:14.812"/>
</kw>
<status status="PASS" starttime="20210709 22:07:14.805" endtime="20210709 22:07:14.812"/>
</iter>
<status status="PASS" starttime="20210709 22:07:14.656" endtime="20210709 22:07:14.812"/>
</for>
<status status="PASS" starttime="20210709 22:07:07.457" endtime="20210709 22:07:14.812"/>
</kw>
<status status="PASS" starttime="20210709 22:07:07.457" endtime="20210709 22:07:14.812"/>
</kw>
<kw name="End Web Test" library="Common" type="TEARDOWN">
<kw name="Close Browser" library="SeleniumLibrary">
<doc>Closes the current browser.</doc>
<status status="PASS" starttime="20210709 22:07:14.812" endtime="20210709 22:07:15.213"/>
</kw>
<status status="PASS" starttime="20210709 22:07:14.812" endtime="20210709 22:07:15.213"/>
</kw>
<tag>search</tag>
<status status="PASS" starttime="20210709 22:06:51.824" endtime="20210709 22:07:15.213"/>
</test>
<test id="s1-s1-t3" name="Should be able to add products to cart from Popular tab">
<kw name="Begin Web Test" library="Common" type="SETUP">
<kw name="Open Browser" library="SeleniumLibrary">
<arg>about:blank</arg>
<arg>${BROWSER}</arg>
<doc>Opens a new browser instance to the optional ``url``.</doc>
<msg timestamp="20210709 22:07:15.215" level="INFO">Opening browser 'firefox' to base url 'about:blank'.</msg>
<msg timestamp="20210709 22:07:15.215" level="INFO">Firefox driver log is always forced to to: /home/peter/projects/bta_group_test/Results/geckodriver-3.log</msg>
<status status="PASS" starttime="20210709 22:07:15.215" endtime="20210709 22:07:18.313"/>
</kw>
<kw name="Set Window Size" library="SeleniumLibrary">
<arg>1200</arg>
<arg>1024</arg>
<doc>Sets current windows size to given ``width`` and ``height``.</doc>
<status status="PASS" starttime="20210709 22:07:18.314" endtime="20210709 22:07:18.334"/>
</kw>
<status status="PASS" starttime="20210709 22:07:15.214" endtime="20210709 22:07:18.334"/>
</kw>
<kw name="Navigate to Home Page" library="App">
<kw name="Load" library="Home">
<arg>${BASE_URL}</arg>
<kw name="Go To" library="SeleniumLibrary">
<arg>${url}</arg>
<doc>Navigates the current browser window to the provided ``url``.</doc>
<msg timestamp="20210709 22:07:18.336" level="INFO">Opening url 'http://automationpractice.com'</msg>
<status status="PASS" starttime="20210709 22:07:18.336" endtime="20210709 22:07:28.993"/>
</kw>
<status status="PASS" starttime="20210709 22:07:18.335" endtime="20210709 22:07:28.994"/>
</kw>
<status status="PASS" starttime="20210709 22:07:18.334" endtime="20210709 22:07:28.994"/>
</kw>
<kw name="Add Products To Cart" library="App">
<var>${cart_items}</var>
<kw name="Verify Products Are Available" library="Popular">
<var>${count}</var>
<kw name="Get Element Count" library="SeleniumLibrary">
<var>${count}</var>
<arg>${PRODUCT_ELEMENTS}</arg>
<doc>Returns the number of elements matching ``locator``.</doc>
<msg timestamp="20210709 22:07:29.025" level="INFO">${count} = 7</msg>
<status status="PASS" starttime="20210709 22:07:28.996" endtime="20210709 22:07:29.025"/>
</kw>
<kw name="Should Be True" library="BuiltIn">
<arg>${count} &gt; 0</arg>
<doc>Fails if the given condition is not true.</doc>
<status status="PASS" starttime="20210709 22:07:29.025" endtime="20210709 22:07:29.026"/>
</kw>
<msg timestamp="20210709 22:07:29.026" level="INFO">${count} = 7</msg>
<status status="PASS" starttime="20210709 22:07:28.995" endtime="20210709 22:07:29.026"/>
</kw>
<kw name="Set Variable" library="BuiltIn">
<var>${quantity}</var>
<arg>2</arg>
<doc>Returns the given values which can then be assigned to a variables.</doc>
<msg timestamp="20210709 22:07:29.027" level="INFO">${quantity} = 2</msg>
<status status="PASS" starttime="20210709 22:07:29.027" endtime="20210709 22:07:29.027"/>
</kw>
<kw name="Create List" library="BuiltIn">
<var>${cart_item_list}</var>
<doc>Returns a list containing given items.</doc>
<msg timestamp="20210709 22:07:29.027" level="INFO">${cart_item_list} = []</msg>
<status status="PASS" starttime="20210709 22:07:29.027" endtime="20210709 22:07:29.027"/>
</kw>
<for flavor="IN RANGE">
<var>${index}</var>
<value>1</value>
<value>${count} + 1</value>
<iter>
<var name="${index}">1</var>
<kw name="Read Product Details" library="Popular">
<var>${product}</var>
<arg>${index}</arg>
<kw name="Get WebElement" library="SeleniumLibrary">
<var>${product_name_element}</var>
<arg>${PRODUCT_ELEMENTS}\[${index}\]//${RIGHT_BLOCK}//h5[@itemprop="name"]/a</arg>
<doc>Returns the first WebElement matching the given ``locator``.</doc>
<msg timestamp="20210709 22:07:29.048" level="INFO">${product_name_element} = &lt;selenium.webdriver.firefox.webelement.FirefoxWebElement (session="109e7c64-ed58-455c-8924-5d381d007d9a", element="a6cbacbd-c6de-4bec-8121-bc0fa9955033")&gt;</msg>
<status status="PASS" starttime="20210709 22:07:29.029" endtime="20210709 22:07:29.048"/>
</kw>
<kw name="Get WebElement" library="SeleniumLibrary">
<var>${product_price_element}</var>
<arg>${PRODUCT_ELEMENTS}\[${index}\]//${RIGHT_BLOCK}//span[@itemprop="price"]</arg>
<doc>Returns the first WebElement matching the given ``locator``.</doc>
<msg timestamp="20210709 22:07:29.054" level="INFO">${product_price_element} = &lt;selenium.webdriver.firefox.webelement.FirefoxWebElement (session="109e7c64-ed58-455c-8924-5d381d007d9a", element="ed552ccc-07e6-4c49-be52-69cd0fe4fffe")&gt;</msg>
<status status="PASS" starttime="20210709 22:07:29.048" endtime="20210709 22:07:29.054"/>
</kw>
<kw name="Get Text" library="SeleniumLibrary">
<var>${product_name}</var>
<arg>${product_name_element}</arg>
<doc>Returns the text value of the element identified by ``locator``.</doc>
<msg timestamp="20210709 22:07:29.076" level="INFO">${product_name} = Faded Short Sleeve T-shirts</msg>
<status status="PASS" starttime="20210709 22:07:29.054" endtime="20210709 22:07:29.077"/>
</kw>
<kw name="Get Text" library="SeleniumLibrary">
<var>${product_price}</var>
<arg>${product_price_element}</arg>
<doc>Returns the text value of the element identified by ``locator``.</doc>
<msg timestamp="20210709 22:07:29.084" level="INFO">${product_price} = $16.51</msg>
<status status="PASS" starttime="20210709 22:07:29.077" endtime="20210709 22:07:29.084"/>
</kw>
<kw name="Remove String" library="String">
<var>${product_price}</var>
<arg>${product_price}</arg>
<arg>$</arg>
<doc>Removes all ``removables`` from the given ``string``.</doc>
<msg timestamp="20210709 22:07:29.085" level="INFO">${product_price} = 16.51</msg>
<status status="PASS" starttime="20210709 22:07:29.084" endtime="20210709 22:07:29.085"/>
</kw>
<kw name="Convert To Number" library="BuiltIn">
<var>${product_price}</var>
<arg>${product_price}</arg>
<doc>Converts the given item to a floating point number.</doc>
<msg timestamp="20210709 22:07:29.085" level="INFO">${product_price} = 16.51</msg>
<status status="PASS" starttime="20210709 22:07:29.085" endtime="20210709 22:07:29.085"/>
</kw>
<msg timestamp="20210709 22:07:29.085" level="INFO">${product} = ['Faded Short Sleeve T-shirts', 16.51]</msg>
<status status="PASS" starttime="20210709 22:07:29.029" endtime="20210709 22:07:29.085"/>
</kw>
<for flavor="IN RANGE">
<var>${counter}</var>
<value>1</value>
<value>${quantity} + 1</value>
<iter>
<var name="${counter}">1</var>
<kw name="Add Product To Cart" library="App">
<arg>${index}</arg>
<kw name="Add Product To Cart" library="Popular">
<arg>${index}</arg>
<kw name="Scroll To Element" library="Utils">
<arg>${PRODUCT_ELEMENTS}\[${index}\]//${PRODUCT_CONTAINER}</arg>
<kw name="Get Horizontal Position" library="SeleniumLibrary">
<var>${x}</var>
<arg>${locator}</arg>
<doc>Returns the horizontal position of the element identified by ``locator``.</doc>
<msg timestamp="20210709 22:07:29.094" level="INFO">${x} = 9</msg>
<status status="PASS" starttime="20210709 22:07:29.087" endtime="20210709 22:07:29.094"/>
</kw>
<kw name="Get Vertical Position" library="SeleniumLibrary">
<var>${y}</var>
<arg>${locator}</arg>
<doc>Returns the vertical position of the element identified by ``locator``.</doc>
<msg timestamp="20210709 22:07:29.102" level="INFO">${y} = 873</msg>
<status status="PASS" starttime="20210709 22:07:29.094" endtime="20210709 22:07:29.102"/>
</kw>
<kw name="Execute Javascript" library="SeleniumLibrary">
<arg>window.scrollTo(${x}, ${y})</arg>
<doc>Executes the given JavaScript code with possible arguments.</doc>
<msg timestamp="20210709 22:07:29.103" level="INFO">Executing JavaScript:
window.scrollTo(9, 873)
Without any arguments.</msg>
<status status="PASS" starttime="20210709 22:07:29.103" endtime="20210709 22:07:29.108"/>
</kw>
<status status="PASS" starttime="20210709 22:07:29.087" endtime="20210709 22:07:29.108"/>
</kw>
<kw name="Mouse Over" library="SeleniumLibrary">
<arg>${PRODUCT_ELEMENTS}\[${index}\]//${PRODUCT_CONTAINER}</arg>
<doc>Simulates hovering the mouse over the element ``locator``.</doc>
<msg timestamp="20210709 22:07:29.108" level="INFO">Simulating Mouse Over on element '//ul[@id="homefeatured"]/li[1]//div[@class="product-container"]'.</msg>
<status status="PASS" starttime="20210709 22:07:29.108" endtime="20210709 22:07:29.386"/>
</kw>
<kw name="Mouse Over" library="SeleniumLibrary">
<arg>${PRODUCT_ELEMENTS}\[${index}\]//${RIGHT_BLOCK}</arg>
<doc>Simulates hovering the mouse over the element ``locator``.</doc>
<msg timestamp="20210709 22:07:29.387" level="INFO">Simulating Mouse Over on element '//ul[@id="homefeatured"]/li[1]//div[@class="right-block"]'.</msg>
<status status="PASS" starttime="20210709 22:07:29.386" endtime="20210709 22:07:29.675"/>
</kw>
<kw name="Click Link" library="SeleniumLibrary">
<arg>${PRODUCT_ELEMENTS}\[${index}\]//${RIGHT_BLOCK}//a[@title="Add to cart"]</arg>
<doc>Clicks a link identified by ``locator``.</doc>
<msg timestamp="20210709 22:07:29.679" level="INFO">Clicking link '//ul[@id="homefeatured"]/li[1]//div[@class="right-block"]//a[@title="Add to cart"]'.</msg>
<status status="PASS" starttime="20210709 22:07:29.675" endtime="20210709 22:07:29.953"/>
</kw>
<status status="PASS" starttime="20210709 22:07:29.086" endtime="20210709 22:07:29.954"/>
</kw>
<kw name="Verify Successful Message" library="Popular">
<kw name="Wait Until Page Contains Element" library="SeleniumLibrary">
<arg>${VISIBLE_MESSAGE}//h2</arg>
<arg>${TIMEOUT}</arg>
<doc>Waits until the element ``locator`` appears on the current page.</doc>
<status status="PASS" starttime="20210709 22:07:29.957" endtime="20210709 22:07:35.418"/>
</kw>
<kw name="Get WebElement" library="SeleniumLibrary">
<var>${cart_message_element}</var>
<arg>${VISIBLE_MESSAGE}//h2</arg>
<doc>Returns the first WebElement matching the given ``locator``.</doc>
<msg timestamp="20210709 22:07:35.427" level="INFO">${cart_message_element} = &lt;selenium.webdriver.firefox.webelement.FirefoxWebElement (session="109e7c64-ed58-455c-8924-5d381d007d9a", element="a5c4da68-fd47-4a6d-a5f5-927d30613d98")&gt;</msg>
<status status="PASS" starttime="20210709 22:07:35.419" endtime="20210709 22:07:35.427"/>
</kw>
<kw name="Get Text" library="SeleniumLibrary">
<var>${cart_message}</var>
<arg>${cart_message_element}</arg>
<doc>Returns the text value of the element identified by ``locator``.</doc>
<msg timestamp="20210709 22:07:35.441" level="INFO">${cart_message} = Product successfully added to your shopping cart</msg>
<status status="PASS" starttime="20210709 22:07:35.428" endtime="20210709 22:07:35.441"/>
</kw>
<kw name="Should Be Equal" library="BuiltIn">
<arg>${cart_message}</arg>
<arg>Product successfully added to your shopping cart</arg>
<doc>Fails if the given objects are unequal.</doc>
<status status="PASS" starttime="20210709 22:07:35.442" endtime="20210709 22:07:35.442"/>
</kw>
<status status="PASS" starttime="20210709 22:07:29.955" endtime="20210709 22:07:35.442"/>
</kw>
<kw name="Close Message Dialog" library="Popular">
<kw name="Click Element" library="SeleniumLibrary">
<arg>${VISIBLE_MESSAGE}//span[@title="Continue shopping"]</arg>
<doc>Click the element identified by ``locator``.</doc>
<msg timestamp="20210709 22:07:35.443" level="INFO">Clicking element '//div[@id="layer_cart" and contains(@style, "display: block")]//span[@title="Continue shopping"]'.</msg>
<status status="PASS" starttime="20210709 22:07:35.443" endtime="20210709 22:07:35.670"/>
</kw>
<kw name="Sleep" library="BuiltIn">
<arg>1s</arg>
<doc>Pauses the test executed for the given time.</doc>
<msg timestamp="20210709 22:07:36.670" level="INFO">Slept 1 second</msg>
<status status="PASS" starttime="20210709 22:07:35.670" endtime="20210709 22:07:36.670"/>
</kw>
<status status="PASS" starttime="20210709 22:07:35.442" endtime="20210709 22:07:36.671"/>
</kw>
<status status="PASS" starttime="20210709 22:07:29.086" endtime="20210709 22:07:36.671"/>
</kw>
<kw name="Verify Product Is In Cart" library="Cart">
<arg>${product}[0]</arg>
<arg>${index}</arg>
<kw name="Get Element Attribute" library="SeleniumLibrary">
<var>${product_name_in_cart}</var>
<arg>(${SHOPPING_CART}//div[contains(@class, "cart-info")]//a[contains(@class, "cart_block_product_name")])[${index}]</arg>
<arg>title</arg>
<doc>Returns the value of ``attribute`` from the element ``locator``.</doc>
<msg timestamp="20210709 22:07:36.681" level="INFO">${product_name_in_cart} = Faded Short Sleeve T-shirts</msg>
<status status="PASS" starttime="20210709 22:07:36.672" endtime="20210709 22:07:36.681"/>
</kw>
<kw name="Should Be Equal" library="BuiltIn">
<arg>${product_name}</arg>
<arg>${product_name_in_cart}</arg>
<doc>Fails if the given objects are unequal.</doc>
<status status="PASS" starttime="20210709 22:07:36.682" endtime="20210709 22:07:36.682"/>
</kw>
<status status="PASS" starttime="20210709 22:07:36.671" endtime="20210709 22:07:36.682"/>
</kw>
<kw name="Evaluate" library="BuiltIn">
<var>${total}</var>
<arg>${product}[1] * ${counter}</arg>
<doc>Evaluates the given expression in Python and returns the result.</doc>
<msg timestamp="20210709 22:07:36.683" level="INFO">${total} = 16.51</msg>
<status status="PASS" starttime="20210709 22:07:36.682" endtime="20210709 22:07:36.683"/>
</kw>
<kw name="Verify Product Price Is Updated" library="Cart">
<arg>${total}</arg>
<arg>${index}</arg>
<kw name="Get Price From Span" library="Utils">
<var>${item_price_in_cart}</var>
<arg>(${SHOPPING_CART}//div[contains(@class, "cart-info")]//span[contains(@class, "price")])[${index}]</arg>
<kw name="Get WebElement" library="SeleniumLibrary">
<var>${price_element}</var>
<arg>${locator}</arg>
<doc>Returns the first WebElement matching the given ``locator``.</doc>
<msg timestamp="20210709 22:07:36.687" level="INFO">${price_element} = &lt;selenium.webdriver.firefox.webelement.FirefoxWebElement (session="109e7c64-ed58-455c-8924-5d381d007d9a", element="28c9c8a0-8333-40ee-ba47-1620a0f3a429")&gt;</msg>
<status status="PASS" starttime="20210709 22:07:36.683" endtime="20210709 22:07:36.687"/>
</kw>
<kw name="Get Element Attribute" library="SeleniumLibrary">
<var>${price}</var>
<arg>${price_element}</arg>
<arg>innerText</arg>
<doc>Returns the value of ``attribute`` from the element ``locator``.</doc>
<msg timestamp="20210709 22:07:36.693" level="INFO">${price} = $16.51</msg>
<status status="PASS" starttime="20210709 22:07:36.687" endtime="20210709 22:07:36.693"/>
</kw>
<kw name="Remove String" library="String">
<var>${price}</var>
<arg>${price}</arg>
<arg>$</arg>
<doc>Removes all ``removables`` from the given ``string``.</doc>
<msg timestamp="20210709 22:07:36.693" level="INFO">${price} = 16.51</msg>
<status status="PASS" starttime="20210709 22:07:36.693" endtime="20210709 22:07:36.694"/>
</kw>
<kw name="Convert To Number" library="BuiltIn">
<var>${price}</var>
<arg>${price}</arg>
<doc>Converts the given item to a floating point number.</doc>
<msg timestamp="20210709 22:07:36.694" level="INFO">${price} = 16.51</msg>
<status status="PASS" starttime="20210709 22:07:36.694" endtime="20210709 22:07:36.694"/>
</kw>
<msg timestamp="20210709 22:07:36.694" level="INFO">${item_price_in_cart} = 16.51</msg>
<status status="PASS" starttime="20210709 22:07:36.683" endtime="20210709 22:07:36.694"/>
</kw>
<kw name="Should Be Equal" library="BuiltIn">
<arg>${item_price_in_cart}</arg>
<arg>${total}</arg>
<doc>Fails if the given objects are unequal.</doc>
<status status="PASS" starttime="20210709 22:07:36.695" endtime="20210709 22:07:36.695"/>
</kw>
<status status="PASS" starttime="20210709 22:07:36.683" endtime="20210709 22:07:36.695"/>
</kw>
<status status="PASS" starttime="20210709 22:07:29.086" endtime="20210709 22:07:36.695"/>
</iter>
<iter>
<var name="${counter}">2</var>
<kw name="Add Product To Cart" library="App">
<arg>${index}</arg>
<kw name="Add Product To Cart" library="Popular">
<arg>${index}</arg>
<kw name="Scroll To Element" library="Utils">
<arg>${PRODUCT_ELEMENTS}\[${index}\]//${PRODUCT_CONTAINER}</arg>
<kw name="Get Horizontal Position" library="SeleniumLibrary">
<var>${x}</var>
<arg>${locator}</arg>
<doc>Returns the horizontal position of the element identified by ``locator``.</doc>
<msg timestamp="20210709 22:07:36.704" level="INFO">${x} = 9</msg>
<status status="PASS" starttime="20210709 22:07:36.697" endtime="20210709 22:07:36.704"/>
</kw>
<kw name="Get Vertical Position" library="SeleniumLibrary">
<var>${y}</var>
<arg>${locator}</arg>
<doc>Returns the vertical position of the element identified by ``locator``.</doc>
<msg timestamp="20210709 22:07:36.711" level="INFO">${y} = 873</msg>
<status status="PASS" starttime="20210709 22:07:36.705" endtime="20210709 22:07:36.711"/>
</kw>
<kw name="Execute Javascript" library="SeleniumLibrary">
<arg>window.scrollTo(${x}, ${y})</arg>
<doc>Executes the given JavaScript code with possible arguments.</doc>
<msg timestamp="20210709 22:07:36.711" level="INFO">Executing JavaScript:
window.scrollTo(9, 873)
Without any arguments.</msg>
<status status="PASS" starttime="20210709 22:07:36.711" endtime="20210709 22:07:36.715"/>
</kw>
<status status="PASS" starttime="20210709 22:07:36.697" endtime="20210709 22:07:36.715"/>
</kw>
<kw name="Mouse Over" library="SeleniumLibrary">
<arg>${PRODUCT_ELEMENTS}\[${index}\]//${PRODUCT_CONTAINER}</arg>
<doc>Simulates hovering the mouse over the element ``locator``.</doc>
<msg timestamp="20210709 22:07:36.716" level="INFO">Simulating Mouse Over on element '//ul[@id="homefeatured"]/li[1]//div[@class="product-container"]'.</msg>
<status status="PASS" starttime="20210709 22:07:36.715" endtime="20210709 22:07:36.982"/>
</kw>
<kw name="Mouse Over" library="SeleniumLibrary">
<arg>${PRODUCT_ELEMENTS}\[${index}\]//${RIGHT_BLOCK}</arg>
<doc>Simulates hovering the mouse over the element ``locator``.</doc>
<msg timestamp="20210709 22:07:36.983" level="INFO">Simulating Mouse Over on element '//ul[@id="homefeatured"]/li[1]//div[@class="right-block"]'.</msg>
<status status="PASS" starttime="20210709 22:07:36.982" endtime="20210709 22:07:37.246"/>
</kw>
<kw name="Click Link" library="SeleniumLibrary">
<arg>${PRODUCT_ELEMENTS}\[${index}\]//${RIGHT_BLOCK}//a[@title="Add to cart"]</arg>
<doc>Clicks a link identified by ``locator``.</doc>
<msg timestamp="20210709 22:07:37.249" level="INFO">Clicking link '//ul[@id="homefeatured"]/li[1]//div[@class="right-block"]//a[@title="Add to cart"]'.</msg>
<status status="PASS" starttime="20210709 22:07:37.247" endtime="20210709 22:07:37.476"/>
</kw>
<status status="PASS" starttime="20210709 22:07:36.696" endtime="20210709 22:07:37.477"/>
</kw>
<kw name="Verify Successful Message" library="Popular">
<kw name="Wait Until Page Contains Element" library="SeleniumLibrary">
<arg>${VISIBLE_MESSAGE}//h2</arg>
<arg>${TIMEOUT}</arg>
<doc>Waits until the element ``locator`` appears on the current page.</doc>
<status status="PASS" starttime="20210709 22:07:37.477" endtime="20210709 22:07:42.436"/>
</kw>
<kw name="Get WebElement" library="SeleniumLibrary">
<var>${cart_message_element}</var>
<arg>${VISIBLE_MESSAGE}//h2</arg>
<doc>Returns the first WebElement matching the given ``locator``.</doc>
<msg timestamp="20210709 22:07:42.445" level="INFO">${cart_message_element} = &lt;selenium.webdriver.firefox.webelement.FirefoxWebElement (session="109e7c64-ed58-455c-8924-5d381d007d9a", element="a5c4da68-fd47-4a6d-a5f5-927d30613d98")&gt;</msg>
<status status="PASS" starttime="20210709 22:07:42.437" endtime="20210709 22:07:42.445"/>
</kw>
<kw name="Get Text" library="SeleniumLibrary">
<var>${cart_message}</var>
<arg>${cart_message_element}</arg>
<doc>Returns the text value of the element identified by ``locator``.</doc>
<msg timestamp="20210709 22:07:42.463" level="INFO">${cart_message} = Product successfully added to your shopping cart</msg>
<status status="PASS" starttime="20210709 22:07:42.446" endtime="20210709 22:07:42.463"/>
</kw>
<kw name="Should Be Equal" library="BuiltIn">
<arg>${cart_message}</arg>
<arg>Product successfully added to your shopping cart</arg>
<doc>Fails if the given objects are unequal.</doc>
<status status="PASS" starttime="20210709 22:07:42.464" endtime="20210709 22:07:42.465"/>
</kw>
<status status="PASS" starttime="20210709 22:07:37.477" endtime="20210709 22:07:42.465"/>
</kw>
<kw name="Close Message Dialog" library="Popular">
<kw name="Click Element" library="SeleniumLibrary">
<arg>${VISIBLE_MESSAGE}//span[@title="Continue shopping"]</arg>
<doc>Click the element identified by ``locator``.</doc>
<msg timestamp="20210709 22:07:42.467" level="INFO">Clicking element '//div[@id="layer_cart" and contains(@style, "display: block")]//span[@title="Continue shopping"]'.</msg>
<status status="PASS" starttime="20210709 22:07:42.466" endtime="20210709 22:07:42.694"/>
</kw>
<kw name="Sleep" library="BuiltIn">
<arg>1s</arg>
<doc>Pauses the test executed for the given time.</doc>
<msg timestamp="20210709 22:07:43.696" level="INFO">Slept 1 second</msg>
<status status="PASS" starttime="20210709 22:07:42.695" endtime="20210709 22:07:43.697"/>
</kw>
<status status="PASS" starttime="20210709 22:07:42.466" endtime="20210709 22:07:43.699"/>
</kw>
<status status="PASS" starttime="20210709 22:07:36.696" endtime="20210709 22:07:43.699"/>
</kw>
<kw name="Verify Product Is In Cart" library="Cart">
<arg>${product}[0]</arg>
<arg>${index}</arg>
<kw name="Get Element Attribute" library="SeleniumLibrary">
<var>${product_name_in_cart}</var>
<arg>(${SHOPPING_CART}//div[contains(@class, "cart-info")]//a[contains(@class, "cart_block_product_name")])[${index}]</arg>
<arg>title</arg>
<doc>Returns the value of ``attribute`` from the element ``locator``.</doc>
<msg timestamp="20210709 22:07:43.737" level="INFO">${product_name_in_cart} = Faded Short Sleeve T-shirts</msg>
<status status="PASS" starttime="20210709 22:07:43.703" endtime="20210709 22:07:43.737"/>
</kw>
<kw name="Should Be Equal" library="BuiltIn">
<arg>${product_name}</arg>
<arg>${product_name_in_cart}</arg>
<doc>Fails if the given objects are unequal.</doc>
<status status="PASS" starttime="20210709 22:07:43.738" endtime="20210709 22:07:43.739"/>
</kw>
<status status="PASS" starttime="20210709 22:07:43.701" endtime="20210709 22:07:43.740"/>
</kw>
<kw name="Evaluate" library="BuiltIn">
<var>${total}</var>
<arg>${product}[1] * ${counter}</arg>
<doc>Evaluates the given expression in Python and returns the result.</doc>
<msg timestamp="20210709 22:07:43.742" level="INFO">${total} = 33.02</msg>
<status status="PASS" starttime="20210709 22:07:43.740" endtime="20210709 22:07:43.742"/>
</kw>
<kw name="Verify Product Price Is Updated" library="Cart">
<arg>${total}</arg>
<arg>${index}</arg>
<kw name="Get Price From Span" library="Utils">
<var>${item_price_in_cart}</var>
<arg>(${SHOPPING_CART}//div[contains(@class, "cart-info")]//span[contains(@class, "price")])[${index}]</arg>
<kw name="Get WebElement" library="SeleniumLibrary">
<var>${price_element}</var>
<arg>${locator}</arg>
<doc>Returns the first WebElement matching the given ``locator``.</doc>
<msg timestamp="20210709 22:07:43.761" level="INFO">${price_element} = &lt;selenium.webdriver.firefox.webelement.FirefoxWebElement (session="109e7c64-ed58-455c-8924-5d381d007d9a", element="28c9c8a0-8333-40ee-ba47-1620a0f3a429")&gt;</msg>
<status status="PASS" starttime="20210709 22:07:43.748" endtime="20210709 22:07:43.761"/>
</kw>
<kw name="Get Element Attribute" library="SeleniumLibrary">
<var>${price}</var>
<arg>${price_element}</arg>
<arg>innerText</arg>
<doc>Returns the value of ``attribute`` from the element ``locator``.</doc>
<msg timestamp="20210709 22:07:43.790" level="INFO">${price} = $33.02</msg>
<status status="PASS" starttime="20210709 22:07:43.762" endtime="20210709 22:07:43.791"/>
</kw>
<kw name="Remove String" library="String">
<var>${price}</var>
<arg>${price}</arg>
<arg>$</arg>
<doc>Removes all ``removables`` from the given ``string``.</doc>
<msg timestamp="20210709 22:07:43.793" level="INFO">${price} = 33.02</msg>
<status status="PASS" starttime="20210709 22:07:43.791" endtime="20210709 22:07:43.793"/>
</kw>
<kw name="Convert To Number" library="BuiltIn">
<var>${price}</var>
<arg>${price}</arg>
<doc>Converts the given item to a floating point number.</doc>
<msg timestamp="20210709 22:07:43.796" level="INFO">${price} = 33.02</msg>
<status status="PASS" starttime="20210709 22:07:43.794" endtime="20210709 22:07:43.796"/>
</kw>
<msg timestamp="20210709 22:07:43.799" level="INFO">${item_price_in_cart} = 33.02</msg>
<status status="PASS" starttime="20210709 22:07:43.745" endtime="20210709 22:07:43.799"/>
</kw>
<kw name="Should Be Equal" library="BuiltIn">
<arg>${item_price_in_cart}</arg>
<arg>${total}</arg>
<doc>Fails if the given objects are unequal.</doc>
<status status="PASS" starttime="20210709 22:07:43.800" endtime="20210709 22:07:43.802"/>
</kw>
<status status="PASS" starttime="20210709 22:07:43.743" endtime="20210709 22:07:43.803"/>
</kw>
<status status="PASS" starttime="20210709 22:07:36.695" endtime="20210709 22:07:43.803"/>
</iter>
<status status="PASS" starttime="20210709 22:07:29.086" endtime="20210709 22:07:43.803"/>
</for>
<kw name="Create Dictionary" library="BuiltIn">
<var>&amp;{cart_item}</var>
<arg>index=${index}</arg>
<arg>product_name=${product}[0]</arg>
<arg>unit_price=${product}[1]</arg>
<arg>quantity=${quantity}</arg>
<arg>total=${total}</arg>
<arg>number_of_products=${counter}</arg>
<doc>Creates and returns a dictionary based on the given ``items``.</doc>
<msg timestamp="20210709 22:07:43.809" level="INFO">&amp;{cart_item} = { index=1 | product_name=Faded Short Sleeve T-shirts | unit_price=16.51 | quantity=2 | total=33.02 | number_of_products=2 }</msg>
<status status="PASS" starttime="20210709 22:07:43.804" endtime="20210709 22:07:43.809"/>
</kw>
<kw name="Append To List" library="Collections">
<arg>${cart_item_list}</arg>
<arg>${cart_item}</arg>
<doc>Adds ``values`` to the end of ``list``.</doc>
<status status="PASS" starttime="20210709 22:07:43.810" endtime="20210709 22:07:43.812"/>
</kw>
<status status="PASS" starttime="20210709 22:07:29.028" endtime="20210709 22:07:43.812"/>
</iter>
<iter>
<var name="${index}">2</var>
<kw name="Read Product Details" library="Popular">
<var>${product}</var>
<arg>${index}</arg>
<kw name="Get WebElement" library="SeleniumLibrary">
<var>${product_name_element}</var>
<arg>${PRODUCT_ELEMENTS}\[${index}\]//${RIGHT_BLOCK}//h5[@itemprop="name"]/a</arg>
<doc>Returns the first WebElement matching the given ``locator``.</doc>
<msg timestamp="20210709 22:07:43.833" level="INFO">${product_name_element} = &lt;selenium.webdriver.firefox.webelement.FirefoxWebElement (session="109e7c64-ed58-455c-8924-5d381d007d9a", element="ee996964-f59c-4f7b-b3ec-e765ba9d7ed0")&gt;</msg>
<status status="PASS" starttime="20210709 22:07:43.817" endtime="20210709 22:07:43.833"/>
</kw>
<kw name="Get WebElement" library="SeleniumLibrary">
<var>${product_price_element}</var>
<arg>${PRODUCT_ELEMENTS}\[${index}\]//${RIGHT_BLOCK}//span[@itemprop="price"]</arg>
<doc>Returns the first WebElement matching the given ``locator``.</doc>
<msg timestamp="20210709 22:07:43.846" level="INFO">${product_price_element} = &lt;selenium.webdriver.firefox.webelement.FirefoxWebElement (session="109e7c64-ed58-455c-8924-5d381d007d9a", element="bff8df33-3bf5-4742-97d3-9e139d6fcf1f")&gt;</msg>
<status status="PASS" starttime="20210709 22:07:43.833" endtime="20210709 22:07:43.846"/>
</kw>
<kw name="Get Text" library="SeleniumLibrary">
<var>${product_name}</var>
<arg>${product_name_element}</arg>
<doc>Returns the text value of the element identified by ``locator``.</doc>
<msg timestamp="20210709 22:07:43.860" level="INFO">${product_name} = Blouse</msg>
<status status="PASS" starttime="20210709 22:07:43.846" endtime="20210709 22:07:43.860"/>
</kw>
<kw name="Get Text" library="SeleniumLibrary">
<var>${product_price}</var>
<arg>${product_price_element}</arg>
<doc>Returns the text value of the element identified by ``locator``.</doc>
<msg timestamp="20210709 22:07:43.870" level="INFO">${product_price} = $27.00</msg>
<status status="PASS" starttime="20210709 22:07:43.860" endtime="20210709 22:07:43.870"/>
</kw>
<kw name="Remove String" library="String">
<var>${product_price}</var>
<arg>${product_price}</arg>
<arg>$</arg>
<doc>Removes all ``removables`` from the given ``string``.</doc>
<msg timestamp="20210709 22:07:43.870" level="INFO">${product_price} = 27.00</msg>
<status status="PASS" starttime="20210709 22:07:43.870" endtime="20210709 22:07:43.870"/>
</kw>
<kw name="Convert To Number" library="BuiltIn">
<var>${product_price}</var>
<arg>${product_price}</arg>
<doc>Converts the given item to a floating point number.</doc>
<msg timestamp="20210709 22:07:43.871" level="INFO">${product_price} = 27.0</msg>
<status status="PASS" starttime="20210709 22:07:43.871" endtime="20210709 22:07:43.871"/>
</kw>
<msg timestamp="20210709 22:07:43.872" level="INFO">${product} = ['Blouse', 27.0]</msg>
<status status="PASS" starttime="20210709 22:07:43.815" endtime="20210709 22:07:43.872"/>
</kw>
<for flavor="IN RANGE">
<var>${counter}</var>
<value>1</value>
<value>${quantity} + 1</value>
<iter>
<var name="${counter}">1</var>
<kw name="Add Product To Cart" library="App">
<arg>${index}</arg>
<kw name="Add Product To Cart" library="Popular">
<arg>${index}</arg>
<kw name="Scroll To Element" library="Utils">
<arg>${PRODUCT_ELEMENTS}\[${index}\]//${PRODUCT_CONTAINER}</arg>
<kw name="Get Horizontal Position" library="SeleniumLibrary">
<var>${x}</var>
<arg>${locator}</arg>
<doc>Returns the horizontal position of the element identified by ``locator``.</doc>
<msg timestamp="20210709 22:07:43.882" level="INFO">${x} = 309</msg>
<status status="PASS" starttime="20210709 22:07:43.874" endtime="20210709 22:07:43.882"/>
</kw>
<kw name="Get Vertical Position" library="SeleniumLibrary">
<var>${y}</var>
<arg>${locator}</arg>
<doc>Returns the vertical position of the element identified by ``locator``.</doc>
<msg timestamp="20210709 22:07:43.889" level="INFO">${y} = 873</msg>
<status status="PASS" starttime="20210709 22:07:43.882" endtime="20210709 22:07:43.889"/>
</kw>
<kw name="Execute Javascript" library="SeleniumLibrary">
<arg>window.scrollTo(${x}, ${y})</arg>
<doc>Executes the given JavaScript code with possible arguments.</doc>
<msg timestamp="20210709 22:07:43.890" level="INFO">Executing JavaScript:
window.scrollTo(309, 873)
Without any arguments.</msg>
<status status="PASS" starttime="20210709 22:07:43.889" endtime="20210709 22:07:43.894"/>
</kw>
<status status="PASS" starttime="20210709 22:07:43.874" endtime="20210709 22:07:43.895"/>
</kw>
<kw name="Mouse Over" library="SeleniumLibrary">
<arg>${PRODUCT_ELEMENTS}\[${index}\]//${PRODUCT_CONTAINER}</arg>
<doc>Simulates hovering the mouse over the element ``locator``.</doc>
<msg timestamp="20210709 22:07:43.895" level="INFO">Simulating Mouse Over on element '//ul[@id="homefeatured"]/li[2]//div[@class="product-container"]'.</msg>
<status status="PASS" starttime="20210709 22:07:43.895" endtime="20210709 22:07:44.172"/>
</kw>
<kw name="Mouse Over" library="SeleniumLibrary">
<arg>${PRODUCT_ELEMENTS}\[${index}\]//${RIGHT_BLOCK}</arg>
<doc>Simulates hovering the mouse over the element ``locator``.</doc>
<msg timestamp="20210709 22:07:44.175" level="INFO">Simulating Mouse Over on element '//ul[@id="homefeatured"]/li[2]//div[@class="right-block"]'.</msg>
<status status="PASS" starttime="20210709 22:07:44.173" endtime="20210709 22:07:44.475"/>
</kw>
<kw name="Click Link" library="SeleniumLibrary">
<arg>${PRODUCT_ELEMENTS}\[${index}\]//${RIGHT_BLOCK}//a[@title="Add to cart"]</arg>
<doc>Clicks a link identified by ``locator``.</doc>
<msg timestamp="20210709 22:07:44.479" level="INFO">Clicking link '//ul[@id="homefeatured"]/li[2]//div[@class="right-block"]//a[@title="Add to cart"]'.</msg>
<status status="PASS" starttime="20210709 22:07:44.476" endtime="20210709 22:07:44.737"/>
</kw>
<status status="PASS" starttime="20210709 22:07:43.873" endtime="20210709 22:07:44.737"/>
</kw>
<kw name="Verify Successful Message" library="Popular">
<kw name="Wait Until Page Contains Element" library="SeleniumLibrary">
<arg>${VISIBLE_MESSAGE}//h2</arg>
<arg>${TIMEOUT}</arg>
<doc>Waits until the element ``locator`` appears on the current page.</doc>
<status status="PASS" starttime="20210709 22:07:44.740" endtime="20210709 22:07:50.620"/>
</kw>
<kw name="Get WebElement" library="SeleniumLibrary">
<var>${cart_message_element}</var>
<arg>${VISIBLE_MESSAGE}//h2</arg>
<doc>Returns the first WebElement matching the given ``locator``.</doc>
<msg timestamp="20210709 22:07:50.626" level="INFO">${cart_message_element} = &lt;selenium.webdriver.firefox.webelement.FirefoxWebElement (session="109e7c64-ed58-455c-8924-5d381d007d9a", element="a5c4da68-fd47-4a6d-a5f5-927d30613d98")&gt;</msg>
<status status="PASS" starttime="20210709 22:07:50.620" endtime="20210709 22:07:50.626"/>
</kw>
<kw name="Get Text" library="SeleniumLibrary">
<var>${cart_message}</var>
<arg>${cart_message_element}</arg>
<doc>Returns the text value of the element identified by ``locator``.</doc>
<msg timestamp="20210709 22:07:50.637" level="INFO">${cart_message} = Product successfully added to your shopping cart</msg>
<status status="PASS" starttime="20210709 22:07:50.626" endtime="20210709 22:07:50.637"/>
</kw>
<kw name="Should Be Equal" library="BuiltIn">
<arg>${cart_message}</arg>
<arg>Product successfully added to your shopping cart</arg>
<doc>Fails if the given objects are unequal.</doc>
<status status="PASS" starttime="20210709 22:07:50.637" endtime="20210709 22:07:50.637"/>
</kw>
<status status="PASS" starttime="20210709 22:07:44.738" endtime="20210709 22:07:50.637"/>
</kw>
<kw name="Close Message Dialog" library="Popular">
<kw name="Click Element" library="SeleniumLibrary">
<arg>${VISIBLE_MESSAGE}//span[@title="Continue shopping"]</arg>
<doc>Click the element identified by ``locator``.</doc>
<msg timestamp="20210709 22:07:50.639" level="INFO">Clicking element '//div[@id="layer_cart" and contains(@style, "display: block")]//span[@title="Continue shopping"]'.</msg>
<status status="PASS" starttime="20210709 22:07:50.638" endtime="20210709 22:07:50.858"/>
</kw>
<kw name="Sleep" library="BuiltIn">
<arg>1s</arg>
<doc>Pauses the test executed for the given time.</doc>
<msg timestamp="20210709 22:07:51.860" level="INFO">Slept 1 second</msg>
<status status="PASS" starttime="20210709 22:07:50.859" endtime="20210709 22:07:51.860"/>
</kw>
<status status="PASS" starttime="20210709 22:07:50.638" endtime="20210709 22:07:51.861"/>
</kw>
<status status="PASS" starttime="20210709 22:07:43.872" endtime="20210709 22:07:51.861"/>
</kw>
<kw name="Verify Product Is In Cart" library="Cart">
<arg>${product}[0]</arg>
<arg>${index}</arg>
<kw name="Get Element Attribute" library="SeleniumLibrary">
<var>${product_name_in_cart}</var>
<arg>(${SHOPPING_CART}//div[contains(@class, "cart-info")]//a[contains(@class, "cart_block_product_name")])[${index}]</arg>
<arg>title</arg>
<doc>Returns the value of ``attribute`` from the element ``locator``.</doc>
<msg timestamp="20210709 22:07:51.892" level="INFO">${product_name_in_cart} = Blouse</msg>
<status status="PASS" starttime="20210709 22:07:51.864" endtime="20210709 22:07:51.892"/>
</kw>
<kw name="Should Be Equal" library="BuiltIn">
<arg>${product_name}</arg>
<arg>${product_name_in_cart}</arg>
<doc>Fails if the given objects are unequal.</doc>
<status status="PASS" starttime="20210709 22:07:51.893" endtime="20210709 22:07:51.894"/>
</kw>
<status status="PASS" starttime="20210709 22:07:51.862" endtime="20210709 22:07:51.894"/>
</kw>
<kw name="Evaluate" library="BuiltIn">
<var>${total}</var>
<arg>${product}[1] * ${counter}</arg>
<doc>Evaluates the given expression in Python and returns the result.</doc>
<msg timestamp="20210709 22:07:51.895" level="INFO">${total} = 27.0</msg>
<status status="PASS" starttime="20210709 22:07:51.895" endtime="20210709 22:07:51.896"/>
</kw>
<kw name="Verify Product Price Is Updated" library="Cart">
<arg>${total}</arg>
<arg>${index}</arg>
<kw name="Get Price From Span" library="Utils">
<var>${item_price_in_cart}</var>
<arg>(${SHOPPING_CART}//div[contains(@class, "cart-info")]//span[contains(@class, "price")])[${index}]</arg>
<kw name="Get WebElement" library="SeleniumLibrary">
<var>${price_element}</var>
<arg>${locator}</arg>
<doc>Returns the first WebElement matching the given ``locator``.</doc>
<msg timestamp="20210709 22:07:51.903" level="INFO">${price_element} = &lt;selenium.webdriver.firefox.webelement.FirefoxWebElement (session="109e7c64-ed58-455c-8924-5d381d007d9a", element="493c4f22-891c-477d-acac-4eb746a13cf8")&gt;</msg>
<status status="PASS" starttime="20210709 22:07:51.898" endtime="20210709 22:07:51.903"/>
</kw>
<kw name="Get Element Attribute" library="SeleniumLibrary">
<var>${price}</var>
<arg>${price_element}</arg>
<arg>innerText</arg>
<doc>Returns the value of ``attribute`` from the element ``locator``.</doc>
<msg timestamp="20210709 22:07:51.911" level="INFO">${price} = $27.00</msg>
<status status="PASS" starttime="20210709 22:07:51.904" endtime="20210709 22:07:51.911"/>
</kw>
<kw name="Remove String" library="String">
<var>${price}</var>
<arg>${price}</arg>
<arg>$</arg>
<doc>Removes all ``removables`` from the given ``string``.</doc>
<msg timestamp="20210709 22:07:51.912" level="INFO">${price} = 27.00</msg>
<status status="PASS" starttime="20210709 22:07:51.912" endtime="20210709 22:07:51.912"/>
</kw>
<kw name="Convert To Number" library="BuiltIn">
<var>${price}</var>
<arg>${price}</arg>
<doc>Converts the given item to a floating point number.</doc>
<msg timestamp="20210709 22:07:51.913" level="INFO">${price} = 27.0</msg>
<status status="PASS" starttime="20210709 22:07:51.912" endtime="20210709 22:07:51.913"/>
</kw>
<msg timestamp="20210709 22:07:51.913" level="INFO">${item_price_in_cart} = 27.0</msg>
<status status="PASS" starttime="20210709 22:07:51.897" endtime="20210709 22:07:51.913"/>
</kw>
<kw name="Should Be Equal" library="BuiltIn">
<arg>${item_price_in_cart}</arg>
<arg>${total}</arg>
<doc>Fails if the given objects are unequal.</doc>
<status status="PASS" starttime="20210709 22:07:51.913" endtime="20210709 22:07:51.913"/>
</kw>
<status status="PASS" starttime="20210709 22:07:51.896" endtime="20210709 22:07:51.914"/>
</kw>
<status status="PASS" starttime="20210709 22:07:43.872" endtime="20210709 22:07:51.914"/>
</iter>
<iter>
<var name="${counter}">2</var>
<kw name="Add Product To Cart" library="App">
<arg>${index}</arg>
<kw name="Add Product To Cart" library="Popular">
<arg>${index}</arg>
<kw name="Scroll To Element" library="Utils">
<arg>${PRODUCT_ELEMENTS}\[${index}\]//${PRODUCT_CONTAINER}</arg>
<kw name="Get Horizontal Position" library="SeleniumLibrary">
<var>${x}</var>
<arg>${locator}</arg>
<doc>Returns the horizontal position of the element identified by ``locator``.</doc>
<msg timestamp="20210709 22:07:51.922" level="INFO">${x} = 309</msg>
<status status="PASS" starttime="20210709 22:07:51.915" endtime="20210709 22:07:51.923"/>
</kw>
<kw name="Get Vertical Position" library="SeleniumLibrary">
<var>${y}</var>
<arg>${locator}</arg>
<doc>Returns the vertical position of the element identified by ``locator``.</doc>
<msg timestamp="20210709 22:07:51.930" level="INFO">${y} = 873</msg>
<status status="PASS" starttime="20210709 22:07:51.923" endtime="20210709 22:07:51.930"/>
</kw>
<kw name="Execute Javascript" library="SeleniumLibrary">
<arg>window.scrollTo(${x}, ${y})</arg>
<doc>Executes the given JavaScript code with possible arguments.</doc>
<msg timestamp="20210709 22:07:51.931" level="INFO">Executing JavaScript:
window.scrollTo(309, 873)
Without any arguments.</msg>
<status status="PASS" starttime="20210709 22:07:51.930" endtime="20210709 22:07:51.935"/>
</kw>
<status status="PASS" starttime="20210709 22:07:51.915" endtime="20210709 22:07:51.935"/>
</kw>
<kw name="Mouse Over" library="SeleniumLibrary">
<arg>${PRODUCT_ELEMENTS}\[${index}\]//${PRODUCT_CONTAINER}</arg>
<doc>Simulates hovering the mouse over the element ``locator``.</doc>
<msg timestamp="20210709 22:07:51.936" level="INFO">Simulating Mouse Over on element '//ul[@id="homefeatured"]/li[2]//div[@class="product-container"]'.</msg>
<status status="PASS" starttime="20210709 22:07:51.935" endtime="20210709 22:07:52.211"/>
</kw>
<kw name="Mouse Over" library="SeleniumLibrary">
<arg>${PRODUCT_ELEMENTS}\[${index}\]//${RIGHT_BLOCK}</arg>
<doc>Simulates hovering the mouse over the element ``locator``.</doc>
<msg timestamp="20210709 22:07:52.213" level="INFO">Simulating Mouse Over on element '//ul[@id="homefeatured"]/li[2]//div[@class="right-block"]'.</msg>
<status status="PASS" starttime="20210709 22:07:52.212" endtime="20210709 22:07:52.509"/>
</kw>
<kw name="Click Link" library="SeleniumLibrary">
<arg>${PRODUCT_ELEMENTS}\[${index}\]//${RIGHT_BLOCK}//a[@title="Add to cart"]</arg>
<doc>Clicks a link identified by ``locator``.</doc>
<msg timestamp="20210709 22:07:52.512" level="INFO">Clicking link '//ul[@id="homefeatured"]/li[2]//div[@class="right-block"]//a[@title="Add to cart"]'.</msg>
<status status="PASS" starttime="20210709 22:07:52.510" endtime="20210709 22:07:52.778"/>
</kw>
<status status="PASS" starttime="20210709 22:07:51.914" endtime="20210709 22:07:52.779"/>
</kw>
<kw name="Verify Successful Message" library="Popular">
<kw name="Wait Until Page Contains Element" library="SeleniumLibrary">
<arg>${VISIBLE_MESSAGE}//h2</arg>
<arg>${TIMEOUT}</arg>
<doc>Waits until the element ``locator`` appears on the current page.</doc>
<status status="PASS" starttime="20210709 22:07:52.782" endtime="20210709 22:07:57.185"/>
</kw>
<kw name="Get WebElement" library="SeleniumLibrary">
<var>${cart_message_element}</var>
<arg>${VISIBLE_MESSAGE}//h2</arg>
<doc>Returns the first WebElement matching the given ``locator``.</doc>
<msg timestamp="20210709 22:07:57.190" level="INFO">${cart_message_element} = &lt;selenium.webdriver.firefox.webelement.FirefoxWebElement (session="109e7c64-ed58-455c-8924-5d381d007d9a", element="a5c4da68-fd47-4a6d-a5f5-927d30613d98")&gt;</msg>
<status status="PASS" starttime="20210709 22:07:57.185" endtime="20210709 22:07:57.190"/>
</kw>
<kw name="Get Text" library="SeleniumLibrary">
<var>${cart_message}</var>
<arg>${cart_message_element}</arg>
<doc>Returns the text value of the element identified by ``locator``.</doc>
<msg timestamp="20210709 22:07:57.202" level="INFO">${cart_message} = Product successfully added to your shopping cart</msg>
<status status="PASS" starttime="20210709 22:07:57.191" endtime="20210709 22:07:57.202"/>
</kw>
<kw name="Should Be Equal" library="BuiltIn">
<arg>${cart_message}</arg>
<arg>Product successfully added to your shopping cart</arg>
<doc>Fails if the given objects are unequal.</doc>
<status status="PASS" starttime="20210709 22:07:57.202" endtime="20210709 22:07:57.202"/>
</kw>
<status status="PASS" starttime="20210709 22:07:52.779" endtime="20210709 22:07:57.203"/>
</kw>
<kw name="Close Message Dialog" library="Popular">
<kw name="Click Element" library="SeleniumLibrary">
<arg>${VISIBLE_MESSAGE}//span[@title="Continue shopping"]</arg>
<doc>Click the element identified by ``locator``.</doc>
<msg timestamp="20210709 22:07:57.204" level="INFO">Clicking element '//div[@id="layer_cart" and contains(@style, "display: block")]//span[@title="Continue shopping"]'.</msg>
<status status="PASS" starttime="20210709 22:07:57.203" endtime="20210709 22:07:57.421"/>
</kw>
<kw name="Sleep" library="BuiltIn">
<arg>1s</arg>
<doc>Pauses the test executed for the given time.</doc>
<msg timestamp="20210709 22:07:58.422" level="INFO">Slept 1 second</msg>
<status status="PASS" starttime="20210709 22:07:57.421" endtime="20210709 22:07:58.422"/>
</kw>
<status status="PASS" starttime="20210709 22:07:57.203" endtime="20210709 22:07:58.423"/>
</kw>
<status status="PASS" starttime="20210709 22:07:51.914" endtime="20210709 22:07:58.423"/>
</kw>
<kw name="Verify Product Is In Cart" library="Cart">
<arg>${product}[0]</arg>
<arg>${index}</arg>
<kw name="Get Element Attribute" library="SeleniumLibrary">
<var>${product_name_in_cart}</var>
<arg>(${SHOPPING_CART}//div[contains(@class, "cart-info")]//a[contains(@class, "cart_block_product_name")])[${index}]</arg>
<arg>title</arg>
<doc>Returns the value of ``attribute`` from the element ``locator``.</doc>
<msg timestamp="20210709 22:07:58.445" level="INFO">${product_name_in_cart} = Blouse</msg>
<status status="PASS" starttime="20210709 22:07:58.426" endtime="20210709 22:07:58.445"/>
</kw>
<kw name="Should Be Equal" library="BuiltIn">
<arg>${product_name}</arg>
<arg>${product_name_in_cart}</arg>
<doc>Fails if the given objects are unequal.</doc>
<status status="PASS" starttime="20210709 22:07:58.445" endtime="20210709 22:07:58.447"/>
</kw>
<status status="PASS" starttime="20210709 22:07:58.424" endtime="20210709 22:07:58.447"/>
</kw>
<kw name="Evaluate" library="BuiltIn">
<var>${total}</var>
<arg>${product}[1] * ${counter}</arg>
<doc>Evaluates the given expression in Python and returns the result.</doc>
<msg timestamp="20210709 22:07:58.450" level="INFO">${total} = 54.0</msg>
[...]
</kw>
<kw name="Wait Until Page Contains Element" library="SeleniumLibrary">
<arg>${AUTHENTICATION_SUBMIT_LOGIN}</arg>
<arg>${TIMEOUT}</arg>
<doc>Waits until the element ``locator`` appears on the current page.</doc>
<status status="PASS" starttime="20210709 22:11:04.402" endtime="20210709 22:11:04.406"/>
</kw>
<status status="PASS" starttime="20210709 22:11:04.389" endtime="20210709 22:11:04.406"/>
</kw>
<kw name="Fill &quot;Email Address&quot;" library="Authentication">
<arg>${email}</arg>
<kw name="Input Text" library="SeleniumLibrary">
<arg>${AUTHENTICATION_EMAIL}</arg>
<arg>${email}</arg>
<doc>Types the given ``text`` into the text field identified by ``locator``.</doc>
<msg timestamp="20210709 22:11:04.407" level="INFO">Typing text 'john.doe@peterkuliktest.com' into text field 'id:email'.</msg>
<status status="PASS" starttime="20210709 22:11:04.407" endtime="20210709 22:11:04.456"/>
</kw>
<status status="PASS" starttime="20210709 22:11:04.406" endtime="20210709 22:11:04.456"/>
</kw>
<kw name="Fill &quot;Password&quot;" library="Authentication">
<arg>${user_data.password}</arg>
<kw name="Input Password" library="SeleniumLibrary">
<arg>${AUTHENTICATION_PASSWORD}</arg>
<arg>${password}</arg>
<doc>Types the given password into the text field identified by ``locator``.</doc>
<msg timestamp="20210709 22:11:04.459" level="INFO">Typing password into text field 'id:passwd'.</msg>
<msg timestamp="20210709 22:11:04.466" level="INFO">Temporally setting log level to: NONE</msg>
<msg timestamp="20210709 22:11:04.494" level="INFO">Log level changed from NONE to INFO.</msg>
<status status="PASS" starttime="20210709 22:11:04.458" endtime="20210709 22:11:04.494"/>
</kw>
<status status="PASS" starttime="20210709 22:11:04.456" endtime="20210709 22:11:04.494"/>
</kw>
<kw name="Submit Sign In Form" library="Authentication">
<kw name="Click Button" library="SeleniumLibrary">
<arg>${AUTHENTICATION_SUBMIT_LOGIN}</arg>
<doc>Clicks the button identified by ``locator``.</doc>
<msg timestamp="20210709 22:11:04.496" level="INFO">Clicking button 'id:SubmitLogin'.</msg>
<status status="PASS" starttime="20210709 22:11:04.495" endtime="20210709 22:11:06.785"/>
</kw>
<status status="PASS" starttime="20210709 22:11:04.495" endtime="20210709 22:11:06.785"/>
</kw>
<status status="PASS" starttime="20210709 22:11:01.305" endtime="20210709 22:11:06.785"/>
</kw>
<kw name="Verify User Is Signed In" library="App">
<arg>${USER_DATA}</arg>
<kw name="Verify Actual Page Is &quot;My Account&quot;" library="My Account">
<kw name="Wait Until Location Is" library="SeleniumLibrary">
<arg>${BASEURL}/index.php?controller=my-account</arg>
<arg>${TIMEOUT}</arg>
<doc>Waits until the current URL is ``expected``.</doc>
<status status="PASS" starttime="20210709 22:11:06.787" endtime="20210709 22:11:06.789"/>
</kw>
<status status="PASS" starttime="20210709 22:11:06.786" endtime="20210709 22:11:06.789"/>
</kw>
<kw name="Verify User Is Signed In" library="NavigationBar">
<arg>${user_data.firstname}</arg>
<arg>${user_data.lastname}</arg>
<kw name="Wait Until Page Contains Element" library="SeleniumLibrary">
<arg>${NAVIGATION_BAR_ACCOUNT}</arg>
<arg>${TIMEOUT}</arg>
<doc>Waits until the element ``locator`` appears on the current page.</doc>
<status status="PASS" starttime="20210709 22:11:06.791" endtime="20210709 22:11:06.800"/>
</kw>
<kw name="Element Text Should Be" library="SeleniumLibrary">
<arg>${NAVIGATION_BAR_ACCOUNT}</arg>
<arg>${firstname} ${lastname}</arg>
<doc>Verifies that element ``locator`` contains exact the text ``expected``.</doc>
<msg timestamp="20210709 22:11:06.801" level="INFO">Verifying element 'xpath=//*[@id="header"]//a[@class='account']' contains exact text 'John Doe'.</msg>
<status status="PASS" starttime="20210709 22:11:06.800" endtime="20210709 22:11:06.817"/>
</kw>
<status status="PASS" starttime="20210709 22:11:06.790" endtime="20210709 22:11:06.818"/>
</kw>
<status status="PASS" starttime="20210709 22:11:06.786" endtime="20210709 22:11:06.818"/>
</kw>
<kw name="Navigate to Home Page" library="App">
<kw name="Load" library="Home">
<arg>${BASE_URL}</arg>
<kw name="Go To" library="SeleniumLibrary">
<arg>${url}</arg>
<doc>Navigates the current browser window to the provided ``url``.</doc>
<msg timestamp="20210709 22:11:06.819" level="INFO">Opening url 'http://automationpractice.com'</msg>
<status status="PASS" starttime="20210709 22:11:06.819" endtime="20210709 22:11:10.398"/>
</kw>
<status status="PASS" starttime="20210709 22:11:06.818" endtime="20210709 22:11:10.398"/>
</kw>
<status status="PASS" starttime="20210709 22:11:06.818" endtime="20210709 22:11:10.398"/>
</kw>
<kw name="Add Product To Cart" library="App">
<arg>${1}</arg>
<kw name="Add Product To Cart" library="Popular">
<arg>${index}</arg>
<kw name="Scroll To Element" library="Utils">
<arg>${PRODUCT_ELEMENTS}\[${index}\]//${PRODUCT_CONTAINER}</arg>
<kw name="Get Horizontal Position" library="SeleniumLibrary">
<var>${x}</var>
<arg>${locator}</arg>
<doc>Returns the horizontal position of the element identified by ``locator``.</doc>
<msg timestamp="20210709 22:11:10.430" level="INFO">${x} = 9</msg>
<status status="PASS" starttime="20210709 22:11:10.402" endtime="20210709 22:11:10.430"/>
</kw>
<kw name="Get Vertical Position" library="SeleniumLibrary">
<var>${y}</var>
<arg>${locator}</arg>
<doc>Returns the vertical position of the element identified by ``locator``.</doc>
<msg timestamp="20210709 22:11:10.449" level="INFO">${y} = 873</msg>
<status status="PASS" starttime="20210709 22:11:10.430" endtime="20210709 22:11:10.449"/>
</kw>
<kw name="Execute Javascript" library="SeleniumLibrary">
<arg>window.scrollTo(${x}, ${y})</arg>
<doc>Executes the given JavaScript code with possible arguments.</doc>
<msg timestamp="20210709 22:11:10.450" level="INFO">Executing JavaScript:
window.scrollTo(9, 873)
Without any arguments.</msg>
<status status="PASS" starttime="20210709 22:11:10.449" endtime="20210709 22:11:10.455"/>
</kw>
<status status="PASS" starttime="20210709 22:11:10.401" endtime="20210709 22:11:10.455"/>
</kw>
<kw name="Mouse Over" library="SeleniumLibrary">
<arg>${PRODUCT_ELEMENTS}\[${index}\]//${PRODUCT_CONTAINER}</arg>
<doc>Simulates hovering the mouse over the element ``locator``.</doc>
<msg timestamp="20210709 22:11:10.455" level="INFO">Simulating Mouse Over on element '//ul[@id="homefeatured"]/li[1]//div[@class="product-container"]'.</msg>
<status status="PASS" starttime="20210709 22:11:10.455" endtime="20210709 22:11:10.757"/>
</kw>
<kw name="Mouse Over" library="SeleniumLibrary">
<arg>${PRODUCT_ELEMENTS}\[${index}\]//${RIGHT_BLOCK}</arg>
<doc>Simulates hovering the mouse over the element ``locator``.</doc>
<msg timestamp="20210709 22:11:10.762" level="INFO">Simulating Mouse Over on element '//ul[@id="homefeatured"]/li[1]//div[@class="right-block"]'.</msg>
<status status="PASS" starttime="20210709 22:11:10.759" endtime="20210709 22:11:11.051"/>
</kw>
<kw name="Click Link" library="SeleniumLibrary">
<arg>${PRODUCT_ELEMENTS}\[${index}\]//${RIGHT_BLOCK}//a[@title="Add to cart"]</arg>
<doc>Clicks a link identified by ``locator``.</doc>
<msg timestamp="20210709 22:11:11.052" level="INFO">Clicking link '//ul[@id="homefeatured"]/li[1]//div[@class="right-block"]//a[@title="Add to cart"]'.</msg>
<status status="PASS" starttime="20210709 22:11:11.051" endtime="20210709 22:11:11.284"/>
</kw>
<status status="PASS" starttime="20210709 22:11:10.400" endtime="20210709 22:11:11.284"/>
</kw>
<kw name="Verify Successful Message" library="Popular">
<kw name="Wait Until Page Contains Element" library="SeleniumLibrary">
<arg>${VISIBLE_MESSAGE}//h2</arg>
<arg>${TIMEOUT}</arg>
<doc>Waits until the element ``locator`` appears on the current page.</doc>
<status status="PASS" starttime="20210709 22:11:11.285" endtime="20210709 22:11:12.103"/>
</kw>
<kw name="Get WebElement" library="SeleniumLibrary">
<var>${cart_message_element}</var>
<arg>${VISIBLE_MESSAGE}//h2</arg>
<doc>Returns the first WebElement matching the given ``locator``.</doc>
<msg timestamp="20210709 22:11:12.108" level="INFO">${cart_message_element} = &lt;selenium.webdriver.firefox.webelement.FirefoxWebElement (session="6af642c4-dddb-4eab-9e1b-42138b979205", element="10048fba-0664-4960-bda8-7a434ae40076")&gt;</msg>
<status status="PASS" starttime="20210709 22:11:12.104" endtime="20210709 22:11:12.108"/>
</kw>
<kw name="Get Text" library="SeleniumLibrary">
<var>${cart_message}</var>
<arg>${cart_message_element}</arg>
<doc>Returns the text value of the element identified by ``locator``.</doc>
<msg timestamp="20210709 22:11:12.121" level="INFO">${cart_message} = Product successfully added to your shopping cart</msg>
<status status="PASS" starttime="20210709 22:11:12.108" endtime="20210709 22:11:12.121"/>
</kw>
<kw name="Should Be Equal" library="BuiltIn">
<arg>${cart_message}</arg>
<arg>Product successfully added to your shopping cart</arg>
<doc>Fails if the given objects are unequal.</doc>
<status status="PASS" starttime="20210709 22:11:12.121" endtime="20210709 22:11:12.122"/>
</kw>
<status status="PASS" starttime="20210709 22:11:11.285" endtime="20210709 22:11:12.122"/>
</kw>
<kw name="Close Message Dialog" library="Popular">
<kw name="Click Element" library="SeleniumLibrary">
<arg>${VISIBLE_MESSAGE}//span[@title="Continue shopping"]</arg>
<doc>Click the element identified by ``locator``.</doc>
<msg timestamp="20210709 22:11:12.123" level="INFO">Clicking element '//div[@id="layer_cart" and contains(@style, "display: block")]//span[@title="Continue shopping"]'.</msg>
<status status="PASS" starttime="20210709 22:11:12.122" endtime="20210709 22:11:12.340"/>
</kw>
<kw name="Sleep" library="BuiltIn">
<arg>1s</arg>
<doc>Pauses the test executed for the given time.</doc>
<msg timestamp="20210709 22:11:13.341" level="INFO">Slept 1 second</msg>
<status status="PASS" starttime="20210709 22:11:12.340" endtime="20210709 22:11:13.341"/>
</kw>
<status status="PASS" starttime="20210709 22:11:12.122" endtime="20210709 22:11:13.342"/>
</kw>
<status status="PASS" starttime="20210709 22:11:10.399" endtime="20210709 22:11:13.342"/>
</kw>
<kw name="Navigate To Order Page" library="App">
<kw name="Navigate To Order Page" library="Cart">
<kw name="Click Link" library="SeleniumLibrary">
<arg>${SHOPPING_CART}//a[@title="View my shopping cart"]</arg>
<doc>Clicks a link identified by ``locator``.</doc>
<msg timestamp="20210709 22:11:13.346" level="INFO">Clicking link '//header[@id="header"]//div[@class="shopping_cart"]//a[@title="View my shopping cart"]'.</msg>
<status status="PASS" starttime="20210709 22:11:13.345" endtime="20210709 22:11:15.870"/>
</kw>
<status status="PASS" starttime="20210709 22:11:13.345" endtime="20210709 22:11:15.870"/>
</kw>
<kw name="Verify Order Page Is Loaded" library="Order">
<kw name="Wait Until Page Contains Element" library="SeleniumLibrary">
<arg>${ORDER_CART_SUMMARY}</arg>
<arg>${TIMEOUT}</arg>
<doc>Waits until the element ``locator`` appears on the current page.</doc>
<status status="PASS" starttime="20210709 22:11:15.871" endtime="20210709 22:11:15.882"/>
</kw>
<status status="PASS" starttime="20210709 22:11:15.870" endtime="20210709 22:11:15.883"/>
</kw>
<status status="PASS" starttime="20210709 22:11:13.344" endtime="20210709 22:11:15.883"/>
</kw>
<kw name="Complete Order With Bank Wire" library="App">
<kw name="Navigate to Checkout" library="Order">
<kw name="Wait Until Page Contains Element" library="SeleniumLibrary">
<arg>${ORDER_CHECKOUT_LINK}</arg>
<doc>Waits until the element ``locator`` appears on the current page.</doc>
<status status="PASS" starttime="20210709 22:11:15.884" endtime="20210709 22:11:15.888"/>
</kw>
<kw name="Click Link" library="SeleniumLibrary">
<arg>${ORDER_CHECKOUT_LINK}</arg>
<doc>Clicks a link identified by ``locator``.</doc>
<msg timestamp="20210709 22:11:15.888" level="INFO">Clicking link '//p[contains(@class,"cart_navigation")]//a[contains(@class, "standard-checkout")]'.</msg>
<status status="PASS" starttime="20210709 22:11:15.888" endtime="20210709 22:11:17.020"/>
</kw>
<status status="PASS" starttime="20210709 22:11:15.883" endtime="20210709 22:11:17.021"/>
</kw>
<kw name="Process Address" library="Order">
<kw name="Wait Until Page Contains Element" library="SeleniumLibrary">
<arg>${ORDER_PROCESS_ADDRESS_BUTTON}</arg>
<doc>Waits until the element ``locator`` appears on the current page.</doc>
<status status="PASS" starttime="20210709 22:11:17.022" endtime="20210709 22:11:17.031"/>
</kw>
<kw name="Click Button" library="SeleniumLibrary">
<arg>${ORDER_PROCESS_ADDRESS_BUTTON}</arg>
<doc>Clicks the button identified by ``locator``.</doc>
<msg timestamp="20210709 22:11:17.032" level="INFO">Clicking button '//form//p[contains(@class, "cart_navigation clearfix")]//button[@name="processAddress"]'.</msg>
<status status="PASS" starttime="20210709 22:11:17.032" endtime="20210709 22:11:19.394"/>
</kw>
<status status="PASS" starttime="20210709 22:11:17.021" endtime="20210709 22:11:19.394"/>
</kw>
<kw name="Process Carrier" library="Order">
<kw name="Wait Until Page Contains Element" library="SeleniumLibrary">
<arg>${ORDER_PROCESS_CARRIER_BUTTON}</arg>
<doc>Waits until the element ``locator`` appears on the current page.</doc>
<status status="PASS" starttime="20210709 22:11:19.395" endtime="20210709 22:11:19.402"/>
</kw>
<kw name="Click Element" library="SeleniumLibrary">
<arg>${ORDER_AGREEMENT_CHECKBOX}</arg>
<doc>Click the element identified by ``locator``.</doc>
<msg timestamp="20210709 22:11:19.403" level="INFO">Clicking element 'id:uniform-cgv'.</msg>
<status status="PASS" starttime="20210709 22:11:19.402" endtime="20210709 22:11:19.663"/>
</kw>
<kw name="Click Button" library="SeleniumLibrary">
<arg>${ORDER_PROCESS_CARRIER_BUTTON}</arg>
<doc>Clicks the button identified by ``locator``.</doc>
<msg timestamp="20210709 22:11:19.666" level="INFO">Clicking button '//form[@name="carrier_area"]//button[@name="processCarrier"]'.</msg>
<status status="PASS" starttime="20210709 22:11:19.664" endtime="20210709 22:11:22.335"/>
</kw>
<status status="PASS" starttime="20210709 22:11:19.395" endtime="20210709 22:11:22.336"/>
</kw>
<kw name="Pay Bank Wire" library="Order">
<kw name="Wait Until Page Contains Element" library="SeleniumLibrary">
<arg>${ORDER_PAY_BANK_WIRE_LINK}</arg>
<doc>Waits until the element ``locator`` appears on the current page.</doc>
<status status="PASS" starttime="20210709 22:11:22.340" endtime="20210709 22:11:22.375"/>
</kw>
<kw name="Click Link" library="SeleniumLibrary">
<arg>${ORDER_PAY_BANK_WIRE_LINK}</arg>
<doc>Clicks a link identified by ``locator``.</doc>
<msg timestamp="20210709 22:11:22.378" level="INFO">Clicking link '//div[@id="HOOK_PAYMENT"]//a[@title="Pay by bank wire"]'.</msg>
<status status="PASS" starttime="20210709 22:11:22.376" endtime="20210709 22:11:23.488"/>
</kw>
<status status="PASS" starttime="20210709 22:11:22.337" endtime="20210709 22:11:23.488"/>
</kw>
<kw name="Confirm Order" library="Order">
<kw name="Wait Until Page Contains Element" library="SeleniumLibrary">
<arg>${ORDER_CONFIRM_ORDER_BUTTON}</arg>
<doc>Waits until the element ``locator`` appears on the current page.</doc>
<status status="PASS" starttime="20210709 22:11:23.489" endtime="20210709 22:11:23.499"/>
</kw>
<kw name="Click Button" library="SeleniumLibrary">
<arg>${ORDER_CONFIRM_ORDER_BUTTON}</arg>
<doc>Clicks the button identified by ``locator``.</doc>
<msg timestamp="20210709 22:11:23.499" level="INFO">Clicking button '//p[@id="cart_navigation"]//button[@type="submit"]'.</msg>
<status status="PASS" starttime="20210709 22:11:23.499" endtime="20210709 22:11:25.593"/>
</kw>
<status status="PASS" starttime="20210709 22:11:23.488" endtime="20210709 22:11:25.594"/>
</kw>
<status status="PASS" starttime="20210709 22:11:15.883" endtime="20210709 22:11:25.594"/>
</kw>
<kw name="Verify &quot;My Order&quot; Page Contains Order Reference" library="App">
<kw name="Get Order Refence" library="Order">
<var>${order_reference}</var>
<kw name="Wait Until Page Contains Element" library="SeleniumLibrary">
<arg>${ORDER_COMPLETED_TEXT}</arg>
<doc>Waits until the element ``locator`` appears on the current page.</doc>
<status status="PASS" starttime="20210709 22:11:25.596" endtime="20210709 22:11:25.603"/>
</kw>
<kw name="Get Text" library="SeleniumLibrary">
<var>${text}</var>
<arg>${ORDER_COMPLETED_TEXT}</arg>
<doc>Returns the text value of the element identified by ``locator``.</doc>
<msg timestamp="20210709 22:11:25.630" level="INFO">${text} = Your order on My Store is complete.
Please send us a bank wire with
- Amount $18.51
- Name of account owner Pradeep Macharla
- Include these details xyz
- Bank name RTP
- Do not forget to insert your ...</msg>
<status status="PASS" starttime="20210709 22:11:25.604" endtime="20210709 22:11:25.630"/>
</kw>
<kw name="Evaluate" library="BuiltIn">
<var>${order_reference}</var>
<arg>re.search("order reference (.+?) in the subject of your bank wire", """${text}""").group(1)</arg>
<arg>re</arg>
<doc>Evaluates the given expression in Python and returns the result.</doc>
<msg timestamp="20210709 22:11:25.635" level="INFO">${order_reference} = TXTPFRQTP</msg>
<status status="PASS" starttime="20210709 22:11:25.631" endtime="20210709 22:11:25.635"/>
</kw>
<msg timestamp="20210709 22:11:25.635" level="INFO">${order_reference} = TXTPFRQTP</msg>
<status status="PASS" starttime="20210709 22:11:25.595" endtime="20210709 22:11:25.635"/>
</kw>
<kw name="Navigate To History (&quot;My Order&quot;) Page" library="Footer">
<kw name="Click Link" library="SeleniumLibrary">
<arg>//footer[@id="footer"]//a[contains(@href, "controller=history")]</arg>
<doc>Clicks a link identified by ``locator``.</doc>
<msg timestamp="20210709 22:11:25.636" level="INFO">Clicking link '//footer[@id="footer"]//a[contains(@href, "controller=history")]'.</msg>
<status status="PASS" starttime="20210709 22:11:25.636" endtime="20210709 22:11:27.518"/>
</kw>
<status status="PASS" starttime="20210709 22:11:25.635" endtime="20210709 22:11:27.518"/>
</kw>
<kw name="Verify Order Exists With Order Reference" library="History">
<arg>${order_reference}</arg>
<kw name="Page Should Contain Element" library="SeleniumLibrary">
<arg>//table[@id="order-list"]//a[contains(text(),"${order_reference}")]</arg>
<doc>Verifies that element ``locator`` is found on the current page.</doc>
<msg timestamp="20210709 22:11:27.524" level="INFO">Current page contains element '//table[@id="order-list"]//a[contains(text(),"TXTPFRQTP")]'.</msg>
<status status="PASS" starttime="20210709 22:11:27.519" endtime="20210709 22:11:27.524"/>
</kw>
<status status="PASS" starttime="20210709 22:11:27.518" endtime="20210709 22:11:27.524"/>
</kw>
<status status="PASS" starttime="20210709 22:11:25.594" endtime="20210709 22:11:27.525"/>
</kw>
<kw name="End Web Test" library="Common" type="TEARDOWN">
<kw name="Close Browser" library="SeleniumLibrary">
<doc>Closes the current browser.</doc>
<status status="PASS" starttime="20210709 22:11:27.526" endtime="20210709 22:11:27.950"/>
</kw>
<status status="PASS" starttime="20210709 22:11:27.525" endtime="20210709 22:11:27.950"/>
</kw>
<tag>purchase_products</tag>
<status status="PASS" starttime="20210709 22:10:54.484" endtime="20210709 22:11:27.950"/>
</test>
<status status="PASS" starttime="20210709 22:06:07.609" endtime="20210709 22:11:27.951"/>
</suite>
<status status="PASS" starttime="20210709 22:06:07.584" endtime="20210709 22:11:27.953"/>
</suite>
<statistics>
<total>
<stat pass="5" fail="0" skip="0">All Tests</stat>
</total>
<tag>
<stat pass="1" fail="0" skip="0">add_products</stat>
<stat pass="1" fail="0" skip="0">delete_products</stat>
<stat pass="1" fail="0" skip="0">purchase_products</stat>
<stat pass="1" fail="0" skip="0">register</stat>
<stat pass="1" fail="0" skip="0">search</stat>
</tag>
<suite>
<stat pass="5" fail="0" skip="0" id="s1" name="Tests">Tests</stat>
<stat pass="5" fail="0" skip="0" id="s1-s1" name="AutomationPractice">Tests.AutomationPractice</stat>
</suite>
</statistics>
<errors>
</errors>
</robot>
